{"/Users/stephen/Documents/PythonPro/scoremanage/CascadeProjects/scoreAIManage/app/api/auth/login/route.ts": {"path":"/Users/stephen/Documents/PythonPro/scoremanage/CascadeProjects/scoreAIManage/app/api/auth/login/route.ts","statementMap":{"0":{"start":{"line":33,"column":13},"end":{"line":33,"column":20}},"1":{"start":{"line":2,"column":27},"end":{"line":2,"column":null}},"2":{"start":{"line":3,"column":67},"end":{"line":3,"column":null}},"3":{"start":{"line":4,"column":31},"end":{"line":4,"column":null}},"4":{"start":{"line":5,"column":36},"end":{"line":5,"column":null}},"5":{"start":{"line":8,"column":18},"end":{"line":30,"column":null}},"6":{"start":{"line":33,"column":20},"end":{"line":114,"column":null}},"7":{"start":{"line":35,"column":35},"end":{"line":35,"column":null}},"8":{"start":{"line":38,"column":17},"end":{"line":38,"column":null}},"9":{"start":{"line":38,"column":37},"end":{"line":38,"column":null}},"10":{"start":{"line":40,"column":4},"end":{"line":43,"column":null}},"11":{"start":{"line":41,"column":6},"end":{"line":41,"column":null}},"12":{"start":{"line":42,"column":6},"end":{"line":42,"column":null}},"13":{"start":{"line":46,"column":4},"end":{"line":49,"column":null}},"14":{"start":{"line":47,"column":6},"end":{"line":47,"column":null}},"15":{"start":{"line":48,"column":6},"end":{"line":48,"column":null}},"16":{"start":{"line":52,"column":18},"end":{"line":57,"column":null}},"17":{"start":{"line":60,"column":4},"end":{"line":65,"column":null}},"18":{"start":{"line":68,"column":4},"end":{"line":72,"column":null}},"19":{"start":{"line":75,"column":41},"end":{"line":75,"column":null}},"20":{"start":{"line":77,"column":4},"end":{"line":85,"column":null}},"21":{"start":{"line":91,"column":31},"end":{"line":91,"column":33}},"22":{"start":{"line":92,"column":29},"end":{"line":92,"column":null}},"23":{"start":{"line":94,"column":29},"end":{"line":94,"column":null}},"24":{"start":{"line":95,"column":6},"end":{"line":99,"column":null}},"25":{"start":{"line":96,"column":8},"end":{"line":96,"column":null}},"26":{"start":{"line":98,"column":8},"end":{"line":98,"column":null}},"27":{"start":{"line":101,"column":29},"end":{"line":101,"column":null}},"28":{"start":{"line":102,"column":6},"end":{"line":106,"column":null}},"29":{"start":{"line":103,"column":8},"end":{"line":103,"column":null}},"30":{"start":{"line":105,"column":8},"end":{"line":105,"column":null}},"31":{"start":{"line":108,"column":6},"end":{"line":112,"column":null}}},"fnMap":{"0":{"name":"(anonymous_2)","decl":{"start":{"line":34,"column":2},"end":{"line":34,"column":9}},"loc":{"start":{"line":34,"column":35},"end":{"line":86,"column":null}}},"1":{"name":"(anonymous_3)","decl":{"start":{"line":38,"column":32},"end":{"line":38,"column":37}},"loc":{"start":{"line":38,"column":37},"end":{"line":38,"column":null}}},"2":{"name":"(anonymous_4)","decl":{"start":{"line":90,"column":15},"end":{"line":90,"column":16}},"loc":{"start":{"line":90,"column":16},"end":{"line":113,"column":null}}}},"branchMap":{"0":{"loc":{"start":{"line":40,"column":4},"end":{"line":43,"column":null}},"type":"if","locations":[{"start":{"line":40,"column":4},"end":{"line":43,"column":null}},{"start":{},"end":{}}]},"1":{"loc":{"start":{"line":46,"column":4},"end":{"line":49,"column":null}},"type":"if","locations":[{"start":{"line":46,"column":4},"end":{"line":49,"column":null}},{"start":{},"end":{}}]},"2":{"loc":{"start":{"line":95,"column":6},"end":{"line":99,"column":null}},"type":"if","locations":[{"start":{"line":95,"column":6},"end":{"line":99,"column":null}},{"start":{"line":97,"column":13},"end":{"line":99,"column":null}}]},"3":{"loc":{"start":{"line":102,"column":6},"end":{"line":106,"column":null}},"type":"if","locations":[{"start":{"line":102,"column":6},"end":{"line":106,"column":null}},{"start":{"line":104,"column":13},"end":{"line":106,"column":null}}]}},"s":{"0":0,"1":0,"2":0,"3":0,"4":0,"5":0,"6":0,"7":0,"8":0,"9":0,"10":0,"11":0,"12":0,"13":0,"14":0,"15":0,"16":0,"17":0,"18":0,"19":0,"20":0,"21":0,"22":0,"23":0,"24":0,"25":0,"26":0,"27":0,"28":0,"29":0,"30":0,"31":0},"f":{"0":0,"1":0,"2":0},"b":{"0":[0,0],"1":[0,0],"2":[0,0],"3":[0,0]}}
,"/Users/stephen/Documents/PythonPro/scoremanage/CascadeProjects/scoreAIManage/app/api/chat/route.ts": {"path":"/Users/stephen/Documents/PythonPro/scoremanage/CascadeProjects/scoreAIManage/app/api/chat/route.ts","statementMap":{"0":{"start":{"line":3,"column":22},"end":{"line":3,"column":27}},"1":{"start":{"line":1,"column":25},"end":{"line":1,"column":null}},"2":{"start":{"line":4,"column":23},"end":{"line":4,"column":null}},"3":{"start":{"line":6,"column":16},"end":{"line":6,"column":null}},"4":{"start":{"line":8,"column":2},"end":{"line":8,"column":null}}},"fnMap":{"0":{"name":"POST","decl":{"start":{"line":3,"column":22},"end":{"line":3,"column":27}},"loc":{"start":{"line":3,"column":39},"end":{"line":9,"column":null}}}},"branchMap":{},"s":{"0":0,"1":0,"2":0,"3":0,"4":0},"f":{"0":0},"b":{}}
,"/Users/stephen/Documents/PythonPro/scoremanage/CascadeProjects/scoreAIManage/app/api/classes/route.ts": {"path":"/Users/stephen/Documents/PythonPro/scoremanage/CascadeProjects/scoreAIManage/app/api/classes/route.ts","statementMap":{"0":{"start":{"line":11,"column":13},"end":{"line":11,"column":16}},"1":{"start":{"line":28,"column":13},"end":{"line":28,"column":17}},"2":{"start":{"line":2,"column":27},"end":{"line":2,"column":null}},"3":{"start":{"line":3,"column":34},"end":{"line":3,"column":null}},"4":{"start":{"line":4,"column":32},"end":{"line":4,"column":null}},"5":{"start":{"line":5,"column":28},"end":{"line":5,"column":null}},"6":{"start":{"line":6,"column":25},"end":{"line":6,"column":null}},"7":{"start":{"line":8,"column":19},"end":{"line":8,"column":null}},"8":{"start":{"line":11,"column":19},"end":{"line":24,"column":null}},"9":{"start":{"line":13,"column":20},"end":{"line":13,"column":null}},"10":{"start":{"line":15,"column":4},"end":{"line":19,"column":null}},"11":{"start":{"line":28,"column":20},"end":{"line":51,"column":null}},"12":{"start":{"line":30,"column":21},"end":{"line":30,"column":null}},"13":{"start":{"line":33,"column":4},"end":{"line":38,"column":null}},"14":{"start":{"line":41,"column":4},"end":{"line":45,"column":null}}},"fnMap":{"0":{"name":"(anonymous_4)","decl":{"start":{"line":12,"column":2},"end":{"line":12,"column":9}},"loc":{"start":{"line":12,"column":26},"end":{"line":20,"column":null}}},"1":{"name":"(anonymous_5)","decl":{"start":{"line":29,"column":2},"end":{"line":29,"column":9}},"loc":{"start":{"line":29,"column":41},"end":{"line":46,"column":null}}}},"branchMap":{},"s":{"0":0,"1":0,"2":0,"3":0,"4":0,"5":0,"6":0,"7":0,"8":0,"9":0,"10":0,"11":0,"12":0,"13":0,"14":0},"f":{"0":0,"1":0},"b":{}}
,"/Users/stephen/Documents/PythonPro/scoremanage/CascadeProjects/scoreAIManage/app/api/classes/[classId]/route.ts": {"path":"/Users/stephen/Documents/PythonPro/scoremanage/CascadeProjects/scoreAIManage/app/api/classes/[classId]/route.ts","statementMap":{"0":{"start":{"line":70,"column":13},"end":{"line":70,"column":19}},"1":{"start":{"line":11,"column":13},"end":{"line":11,"column":16}},"2":{"start":{"line":32,"column":13},"end":{"line":32,"column":16}},"3":{"start":{"line":2,"column":27},"end":{"line":2,"column":null}},"4":{"start":{"line":3,"column":34},"end":{"line":3,"column":null}},"5":{"start":{"line":4,"column":32},"end":{"line":4,"column":null}},"6":{"start":{"line":5,"column":49},"end":{"line":5,"column":null}},"7":{"start":{"line":6,"column":25},"end":{"line":6,"column":null}},"8":{"start":{"line":8,"column":19},"end":{"line":8,"column":null}},"9":{"start":{"line":11,"column":19},"end":{"line":28,"column":null}},"10":{"start":{"line":13,"column":20},"end":{"line":13,"column":34}},"11":{"start":{"line":14,"column":22},"end":{"line":14,"column":null}},"12":{"start":{"line":16,"column":4},"end":{"line":18,"column":null}},"13":{"start":{"line":17,"column":6},"end":{"line":17,"column":null}},"14":{"start":{"line":20,"column":4},"end":{"line":23,"column":null}},"15":{"start":{"line":32,"column":19},"end":{"line":66,"column":null}},"16":{"start":{"line":34,"column":20},"end":{"line":34,"column":34}},"17":{"start":{"line":35,"column":26},"end":{"line":35,"column":null}},"18":{"start":{"line":37,"column":4},"end":{"line":39,"column":null}},"19":{"start":{"line":38,"column":6},"end":{"line":38,"column":null}},"20":{"start":{"line":41,"column":25},"end":{"line":41,"column":null}},"21":{"start":{"line":44,"column":4},"end":{"line":53,"column":null}},"22":{"start":{"line":56,"column":4},"end":{"line":60,"column":null}},"23":{"start":{"line":70,"column":22},"end":{"line":102,"column":null}},"24":{"start":{"line":72,"column":20},"end":{"line":72,"column":34}},"25":{"start":{"line":73,"column":26},"end":{"line":73,"column":null}},"26":{"start":{"line":75,"column":4},"end":{"line":77,"column":null}},"27":{"start":{"line":76,"column":6},"end":{"line":76,"column":null}},"28":{"start":{"line":79,"column":20},"end":{"line":79,"column":null}},"29":{"start":{"line":81,"column":4},"end":{"line":83,"column":null}},"30":{"start":{"line":82,"column":6},"end":{"line":82,"column":null}},"31":{"start":{"line":86,"column":4},"end":{"line":91,"column":null}},"32":{"start":{"line":94,"column":4},"end":{"line":97,"column":null}}},"fnMap":{"0":{"name":"(anonymous_5)","decl":{"start":{"line":12,"column":2},"end":{"line":12,"column":9}},"loc":{"start":{"line":12,"column":34},"end":{"line":24,"column":null}}},"1":{"name":"(anonymous_6)","decl":{"start":{"line":33,"column":2},"end":{"line":33,"column":9}},"loc":{"start":{"line":33,"column":49},"end":{"line":61,"column":null}}},"2":{"name":"(anonymous_7)","decl":{"start":{"line":71,"column":2},"end":{"line":71,"column":9}},"loc":{"start":{"line":71,"column":34},"end":{"line":98,"column":null}}}},"branchMap":{"0":{"loc":{"start":{"line":16,"column":4},"end":{"line":18,"column":null}},"type":"if","locations":[{"start":{"line":16,"column":4},"end":{"line":18,"column":null}},{"start":{},"end":{}}]},"1":{"loc":{"start":{"line":37,"column":4},"end":{"line":39,"column":null}},"type":"if","locations":[{"start":{"line":37,"column":4},"end":{"line":39,"column":null}},{"start":{},"end":{}}]},"2":{"loc":{"start":{"line":75,"column":4},"end":{"line":77,"column":null}},"type":"if","locations":[{"start":{"line":75,"column":4},"end":{"line":77,"column":null}},{"start":{},"end":{}}]},"3":{"loc":{"start":{"line":81,"column":4},"end":{"line":83,"column":null}},"type":"if","locations":[{"start":{"line":81,"column":4},"end":{"line":83,"column":null}},{"start":{},"end":{}}]}},"s":{"0":0,"1":0,"2":0,"3":0,"4":0,"5":0,"6":0,"7":0,"8":0,"9":0,"10":0,"11":0,"12":0,"13":0,"14":0,"15":0,"16":0,"17":0,"18":0,"19":0,"20":0,"21":0,"22":0,"23":0,"24":0,"25":0,"26":0,"27":0,"28":0,"29":0,"30":0,"31":0,"32":0},"f":{"0":0,"1":0,"2":0},"b":{"0":[0,0],"1":[0,0],"2":[0,0],"3":[0,0]}}
,"/Users/stephen/Documents/PythonPro/scoremanage/CascadeProjects/scoreAIManage/app/api/exams/route.ts": {"path":"/Users/stephen/Documents/PythonPro/scoremanage/CascadeProjects/scoreAIManage/app/api/exams/route.ts","statementMap":{"0":{"start":{"line":9,"column":13},"end":{"line":9,"column":19}},"1":{"start":{"line":2,"column":27},"end":{"line":2,"column":null}},"2":{"start":{"line":3,"column":32},"end":{"line":3,"column":null}},"3":{"start":{"line":4,"column":25},"end":{"line":4,"column":null}},"4":{"start":{"line":6,"column":19},"end":{"line":6,"column":null}},"5":{"start":{"line":9,"column":19},"end":{"line":22,"column":null}},"6":{"start":{"line":11,"column":18},"end":{"line":11,"column":null}},"7":{"start":{"line":13,"column":4},"end":{"line":17,"column":null}}},"fnMap":{"0":{"name":"(anonymous_2)","decl":{"start":{"line":10,"column":2},"end":{"line":10,"column":9}},"loc":{"start":{"line":10,"column":26},"end":{"line":18,"column":null}}}},"branchMap":{},"s":{"0":0,"1":0,"2":0,"3":0,"4":0,"5":0,"6":0,"7":0},"f":{"0":0},"b":{}}
,"/Users/stephen/Documents/PythonPro/scoremanage/CascadeProjects/scoreAIManage/app/api/export/grades/route.ts": {"path":"/Users/stephen/Documents/PythonPro/scoremanage/CascadeProjects/scoreAIManage/app/api/export/grades/route.ts","statementMap":{"0":{"start":{"line":10,"column":13},"end":{"line":10,"column":19}},"1":{"start":{"line":2,"column":27},"end":{"line":2,"column":null}},"2":{"start":{"line":3,"column":32},"end":{"line":3,"column":null}},"3":{"start":{"line":4,"column":28},"end":{"line":4,"column":null}},"4":{"start":{"line":5,"column":25},"end":{"line":5,"column":null}},"5":{"start":{"line":7,"column":19},"end":{"line":7,"column":null}},"6":{"start":{"line":10,"column":19},"end":{"line":119,"column":null}},"7":{"start":{"line":12,"column":29},"end":{"line":12,"column":null}},"8":{"start":{"line":13,"column":19},"end":{"line":13,"column":null}},"9":{"start":{"line":14,"column":20},"end":{"line":14,"column":null}},"10":{"start":{"line":15,"column":19},"end":{"line":15,"column":null}},"11":{"start":{"line":18,"column":25},"end":{"line":18,"column":null}},"12":{"start":{"line":19,"column":4},"end":{"line":19,"column":null}},"13":{"start":{"line":19,"column":17},"end":{"line":19,"column":null}},"14":{"start":{"line":20,"column":4},"end":{"line":20,"column":null}},"15":{"start":{"line":20,"column":16},"end":{"line":20,"column":null}},"16":{"start":{"line":23,"column":57},"end":{"line":29,"column":null}},"17":{"start":{"line":32,"column":23},"end":{"line":32,"column":null}},"18":{"start":{"line":32,"column":49},"end":{"line":32,"column":null}},"19":{"start":{"line":33,"column":23},"end":{"line":33,"column":null}},"20":{"start":{"line":33,"column":49},"end":{"line":33,"column":null}},"21":{"start":{"line":34,"column":20},"end":{"line":34,"column":null}},"22":{"start":{"line":34,"column":43},"end":{"line":34,"column":null}},"23":{"start":{"line":35,"column":21},"end":{"line":35,"column":null}},"24":{"start":{"line":35,"column":46},"end":{"line":35,"column":null}},"25":{"start":{"line":38,"column":27},"end":{"line":54,"column":null}},"26":{"start":{"line":39,"column":22},"end":{"line":39,"column":null}},"27":{"start":{"line":40,"column":22},"end":{"line":40,"column":null}},"28":{"start":{"line":41,"column":19},"end":{"line":41,"column":null}},"29":{"start":{"line":42,"column":18},"end":{"line":42,"column":null}},"30":{"start":{"line":44,"column":6},"end":{"line":53,"column":null}},"31":{"start":{"line":57,"column":4},"end":{"line":66,"column":null}},"32":{"start":{"line":69,"column":4},"end":{"line":100,"column":null}},"33":{"start":{"line":71,"column":22},"end":{"line":74,"column":null}},"34":{"start":{"line":76,"column":22},"end":{"line":89,"column":null}},"35":{"start":{"line":78,"column":39},"end":{"line":88,"column":null}},"36":{"start":{"line":91,"column":25},"end":{"line":91,"column":null}},"37":{"start":{"line":93,"column":6},"end":{"line":99,"column":null}},"38":{"start":{"line":103,"column":4},"end":{"line":114,"column":null}}},"fnMap":{"0":{"name":"(anonymous_2)","decl":{"start":{"line":11,"column":2},"end":{"line":11,"column":9}},"loc":{"start":{"line":11,"column":26},"end":{"line":115,"column":null}}},"1":{"name":"(anonymous_3)","decl":{"start":{"line":32,"column":44},"end":{"line":32,"column":49}},"loc":{"start":{"line":32,"column":49},"end":{"line":32,"column":null}}},"2":{"name":"(anonymous_4)","decl":{"start":{"line":33,"column":44},"end":{"line":33,"column":49}},"loc":{"start":{"line":33,"column":49},"end":{"line":33,"column":null}}},"3":{"name":"(anonymous_5)","decl":{"start":{"line":34,"column":38},"end":{"line":34,"column":43}},"loc":{"start":{"line":34,"column":43},"end":{"line":34,"column":null}}},"4":{"name":"(anonymous_6)","decl":{"start":{"line":35,"column":41},"end":{"line":35,"column":46}},"loc":{"start":{"line":35,"column":46},"end":{"line":35,"column":null}}},"5":{"name":"(anonymous_7)","decl":{"start":{"line":38,"column":38},"end":{"line":38,"column":null}},"loc":{"start":{"line":38,"column":38},"end":{"line":54,"column":null}}},"6":{"name":"(anonymous_8)","decl":{"start":{"line":78,"column":30},"end":{"line":78,"column":39}},"loc":{"start":{"line":78,"column":39},"end":{"line":88,"column":null}}}},"branchMap":{"0":{"loc":{"start":{"line":13,"column":19},"end":{"line":13,"column":null}},"type":"binary-expr","locations":[{"start":{"line":13,"column":19},"end":{"line":13,"column":49}},{"start":{"line":13,"column":49},"end":{"line":13,"column":null}}]},"1":{"loc":{"start":{"line":19,"column":4},"end":{"line":19,"column":null}},"type":"if","locations":[{"start":{"line":19,"column":4},"end":{"line":19,"column":null}},{"start":{},"end":{}}]},"2":{"loc":{"start":{"line":20,"column":4},"end":{"line":20,"column":null}},"type":"if","locations":[{"start":{"line":20,"column":4},"end":{"line":20,"column":null}},{"start":{},"end":{}}]},"3":{"loc":{"start":{"line":42,"column":18},"end":{"line":42,"column":null}},"type":"cond-expr","locations":[{"start":{"line":42,"column":28},"end":{"line":42,"column":61}},{"start":{"line":42,"column":61},"end":{"line":42,"column":null}}]},"4":{"loc":{"start":{"line":46,"column":22},"end":{"line":46,"column":null}},"type":"binary-expr","locations":[{"start":{"line":46,"column":22},"end":{"line":46,"column":47}},{"start":{"line":46,"column":47},"end":{"line":46,"column":null}}]},"5":{"loc":{"start":{"line":47,"column":24},"end":{"line":47,"column":null}},"type":"binary-expr","locations":[{"start":{"line":47,"column":24},"end":{"line":47,"column":51}},{"start":{"line":47,"column":51},"end":{"line":47,"column":null}}]},"6":{"loc":{"start":{"line":48,"column":20},"end":{"line":48,"column":null}},"type":"binary-expr","locations":[{"start":{"line":48,"column":20},"end":{"line":48,"column":39}},{"start":{"line":48,"column":39},"end":{"line":48,"column":null}}]},"7":{"loc":{"start":{"line":49,"column":22},"end":{"line":49,"column":null}},"type":"binary-expr","locations":[{"start":{"line":49,"column":22},"end":{"line":49,"column":47}},{"start":{"line":49,"column":47},"end":{"line":49,"column":null}}]},"8":{"loc":{"start":{"line":50,"column":22},"end":{"line":50,"column":null}},"type":"binary-expr","locations":[{"start":{"line":50,"column":22},"end":{"line":50,"column":47}},{"start":{"line":50,"column":47},"end":{"line":50,"column":null}}]},"9":{"loc":{"start":{"line":51,"column":19},"end":{"line":51,"column":null}},"type":"binary-expr","locations":[{"start":{"line":51,"column":19},"end":{"line":51,"column":38}},{"start":{"line":51,"column":38},"end":{"line":51,"column":null}}]},"10":{"loc":{"start":{"line":52,"column":19},"end":{"line":52,"column":null}},"type":"binary-expr","locations":[{"start":{"line":52,"column":19},"end":{"line":52,"column":38}},{"start":{"line":52,"column":38},"end":{"line":52,"column":null}}]},"11":{"loc":{"start":{"line":69,"column":4},"end":{"line":100,"column":null}},"type":"if","locations":[{"start":{"line":69,"column":4},"end":{"line":100,"column":null}},{"start":{},"end":{}}]}},"s":{"0":0,"1":0,"2":0,"3":0,"4":0,"5":0,"6":0,"7":0,"8":0,"9":0,"10":0,"11":0,"12":0,"13":0,"14":0,"15":0,"16":0,"17":0,"18":0,"19":0,"20":0,"21":0,"22":0,"23":0,"24":0,"25":0,"26":0,"27":0,"28":0,"29":0,"30":0,"31":0,"32":0,"33":0,"34":0,"35":0,"36":0,"37":0,"38":0},"f":{"0":0,"1":0,"2":0,"3":0,"4":0,"5":0,"6":0},"b":{"0":[0,0],"1":[0,0],"2":[0,0],"3":[0,0],"4":[0,0],"5":[0,0],"6":[0,0],"7":[0,0],"8":[0,0],"9":[0,0],"10":[0,0],"11":[0,0]}}
,"/Users/stephen/Documents/PythonPro/scoremanage/CascadeProjects/scoreAIManage/app/api/grades/route.ts": {"path":"/Users/stephen/Documents/PythonPro/scoremanage/CascadeProjects/scoreAIManage/app/api/grades/route.ts","statementMap":{"0":{"start":{"line":10,"column":13},"end":{"line":10,"column":16}},"1":{"start":{"line":89,"column":13},"end":{"line":89,"column":17}},"2":{"start":{"line":2,"column":27},"end":{"line":2,"column":null}},"3":{"start":{"line":3,"column":32},"end":{"line":3,"column":null}},"4":{"start":{"line":4,"column":28},"end":{"line":4,"column":null}},"5":{"start":{"line":5,"column":25},"end":{"line":5,"column":null}},"6":{"start":{"line":7,"column":19},"end":{"line":7,"column":null}},"7":{"start":{"line":10,"column":19},"end":{"line":85,"column":null}},"8":{"start":{"line":12,"column":29},"end":{"line":12,"column":null}},"9":{"start":{"line":13,"column":20},"end":{"line":13,"column":null}},"10":{"start":{"line":14,"column":19},"end":{"line":14,"column":null}},"11":{"start":{"line":15,"column":22},"end":{"line":15,"column":null}},"12":{"start":{"line":18,"column":25},"end":{"line":18,"column":null}},"13":{"start":{"line":19,"column":4},"end":{"line":19,"column":null}},"14":{"start":{"line":19,"column":17},"end":{"line":19,"column":null}},"15":{"start":{"line":20,"column":4},"end":{"line":20,"column":null}},"16":{"start":{"line":20,"column":16},"end":{"line":20,"column":null}},"17":{"start":{"line":21,"column":4},"end":{"line":21,"column":null}},"18":{"start":{"line":21,"column":19},"end":{"line":21,"column":null}},"19":{"start":{"line":24,"column":4},"end":{"line":26,"column":null}},"20":{"start":{"line":25,"column":6},"end":{"line":25,"column":null}},"21":{"start":{"line":28,"column":19},"end":{"line":28,"column":null}},"22":{"start":{"line":31,"column":4},"end":{"line":74,"column":null}},"23":{"start":{"line":32,"column":28},"end":{"line":32,"column":null}},"24":{"start":{"line":35,"column":6},"end":{"line":40,"column":null}},"25":{"start":{"line":36,"column":8},"end":{"line":38,"column":null}},"26":{"start":{"line":37,"column":10},"end":{"line":37,"column":null}},"27":{"start":{"line":39,"column":8},"end":{"line":39,"column":null}},"28":{"start":{"line":43,"column":29},"end":{"line":43,"column":31}},"29":{"start":{"line":45,"column":6},"end":{"line":56,"column":null}},"30":{"start":{"line":46,"column":33},"end":{"line":46,"column":null}},"31":{"start":{"line":46,"column":82},"end":{"line":46,"column":95}},"32":{"start":{"line":47,"column":35},"end":{"line":49,"column":null}},"33":{"start":{"line":48,"column":30},"end":{"line":48,"column":null}},"34":{"start":{"line":49,"column":43},"end":{"line":49,"column":56}},"35":{"start":{"line":51,"column":8},"end":{"line":55,"column":null}},"36":{"start":{"line":59,"column":6},"end":{"line":59,"column":null}},"37":{"start":{"line":59,"column":29},"end":{"line":59,"column":72}},"38":{"start":{"line":60,"column":6},"end":{"line":62,"column":null}},"39":{"start":{"line":61,"column":8},"end":{"line":61,"column":null}},"40":{"start":{"line":64,"column":6},"end":{"line":64,"column":null}},"41":{"start":{"line":64,"column":29},"end":{"line":64,"column":76}},"42":{"start":{"line":65,"column":6},"end":{"line":67,"column":null}},"43":{"start":{"line":66,"column":8},"end":{"line":66,"column":null}},"44":{"start":{"line":69,"column":6},"end":{"line":73,"column":null}},"45":{"start":{"line":76,"column":4},"end":{"line":80,"column":null}},"46":{"start":{"line":89,"column":20},"end":{"line":111,"column":null}},"47":{"start":{"line":91,"column":21},"end":{"line":91,"column":null}},"48":{"start":{"line":94,"column":4},"end":{"line":99,"column":null}},"49":{"start":{"line":102,"column":4},"end":{"line":106,"column":null}}},"fnMap":{"0":{"name":"(anonymous_4)","decl":{"start":{"line":11,"column":2},"end":{"line":11,"column":9}},"loc":{"start":{"line":11,"column":26},"end":{"line":81,"column":null}}},"1":{"name":"(anonymous_5)","decl":{"start":{"line":35,"column":21},"end":{"line":35,"column":null}},"loc":{"start":{"line":35,"column":21},"end":{"line":40,"column":null}}},"2":{"name":"(anonymous_6)","decl":{"start":{"line":45,"column":28},"end":{"line":45,"column":29}},"loc":{"start":{"line":45,"column":47},"end":{"line":56,"column":null}}},"3":{"name":"(anonymous_7)","decl":{"start":{"line":46,"column":57},"end":{"line":46,"column":58}},"loc":{"start":{"line":46,"column":82},"end":{"line":46,"column":95}}},"4":{"name":"(anonymous_8)","decl":{"start":{"line":48,"column":18},"end":{"line":48,"column":19}},"loc":{"start":{"line":48,"column":30},"end":{"line":48,"column":null}}},"5":{"name":"(anonymous_9)","decl":{"start":{"line":49,"column":18},"end":{"line":49,"column":19}},"loc":{"start":{"line":49,"column":43},"end":{"line":49,"column":56}}},"6":{"name":"(anonymous_10)","decl":{"start":{"line":59,"column":19},"end":{"line":59,"column":20}},"loc":{"start":{"line":59,"column":29},"end":{"line":59,"column":72}}},"7":{"name":"(anonymous_11)","decl":{"start":{"line":60,"column":22},"end":{"line":60,"column":23}},"loc":{"start":{"line":60,"column":31},"end":{"line":62,"column":null}}},"8":{"name":"(anonymous_12)","decl":{"start":{"line":64,"column":19},"end":{"line":64,"column":20}},"loc":{"start":{"line":64,"column":29},"end":{"line":64,"column":76}}},"9":{"name":"(anonymous_13)","decl":{"start":{"line":65,"column":22},"end":{"line":65,"column":23}},"loc":{"start":{"line":65,"column":31},"end":{"line":67,"column":null}}},"10":{"name":"(anonymous_14)","decl":{"start":{"line":90,"column":2},"end":{"line":90,"column":9}},"loc":{"start":{"line":90,"column":41},"end":{"line":107,"column":null}}}},"branchMap":{"0":{"loc":{"start":{"line":19,"column":4},"end":{"line":19,"column":null}},"type":"if","locations":[{"start":{"line":19,"column":4},"end":{"line":19,"column":null}},{"start":{},"end":{}}]},"1":{"loc":{"start":{"line":20,"column":4},"end":{"line":20,"column":null}},"type":"if","locations":[{"start":{"line":20,"column":4},"end":{"line":20,"column":null}},{"start":{},"end":{}}]},"2":{"loc":{"start":{"line":21,"column":4},"end":{"line":21,"column":null}},"type":"if","locations":[{"start":{"line":21,"column":4},"end":{"line":21,"column":null}},{"start":{},"end":{}}]},"3":{"loc":{"start":{"line":24,"column":4},"end":{"line":26,"column":null}},"type":"if","locations":[{"start":{"line":24,"column":4},"end":{"line":26,"column":null}},{"start":{},"end":{}}]},"4":{"loc":{"start":{"line":31,"column":4},"end":{"line":74,"column":null}},"type":"if","locations":[{"start":{"line":31,"column":4},"end":{"line":74,"column":null}},{"start":{},"end":{}}]},"5":{"loc":{"start":{"line":31,"column":8},"end":{"line":31,"column":48}},"type":"binary-expr","locations":[{"start":{"line":31,"column":8},"end":{"line":31,"column":19}},{"start":{"line":31,"column":19},"end":{"line":31,"column":29}},{"start":{"line":31,"column":29},"end":{"line":31,"column":48}}]},"6":{"loc":{"start":{"line":36,"column":8},"end":{"line":38,"column":null}},"type":"if","locations":[{"start":{"line":36,"column":8},"end":{"line":38,"column":null}},{"start":{},"end":{}}]}},"s":{"0":0,"1":0,"2":0,"3":0,"4":0,"5":0,"6":0,"7":0,"8":0,"9":0,"10":0,"11":0,"12":0,"13":0,"14":0,"15":0,"16":0,"17":0,"18":0,"19":0,"20":0,"21":0,"22":0,"23":0,"24":0,"25":0,"26":0,"27":0,"28":0,"29":0,"30":0,"31":0,"32":0,"33":0,"34":0,"35":0,"36":0,"37":0,"38":0,"39":0,"40":0,"41":0,"42":0,"43":0,"44":0,"45":0,"46":0,"47":0,"48":0,"49":0},"f":{"0":0,"1":0,"2":0,"3":0,"4":0,"5":0,"6":0,"7":0,"8":0,"9":0,"10":0},"b":{"0":[0,0],"1":[0,0],"2":[0,0],"3":[0,0],"4":[0,0],"5":[0,0,0],"6":[0,0]}}
,"/Users/stephen/Documents/PythonPro/scoremanage/CascadeProjects/scoreAIManage/app/api/grades/batch/route.ts": {"path":"/Users/stephen/Documents/PythonPro/scoremanage/CascadeProjects/scoreAIManage/app/api/grades/batch/route.ts","statementMap":{"0":{"start":{"line":10,"column":13},"end":{"line":10,"column":20}},"1":{"start":{"line":2,"column":27},"end":{"line":2,"column":null}},"2":{"start":{"line":3,"column":32},"end":{"line":3,"column":null}},"3":{"start":{"line":4,"column":28},"end":{"line":4,"column":null}},"4":{"start":{"line":5,"column":25},"end":{"line":5,"column":null}},"5":{"start":{"line":7,"column":19},"end":{"line":7,"column":null}},"6":{"start":{"line":10,"column":20},"end":{"line":61,"column":null}},"7":{"start":{"line":12,"column":23},"end":{"line":12,"column":null}},"8":{"start":{"line":15,"column":26},"end":{"line":15,"column":null}},"9":{"start":{"line":18,"column":4},"end":{"line":26,"column":null}},"10":{"start":{"line":25,"column":41},"end":{"line":25,"column":null}},"11":{"start":{"line":29,"column":4},"end":{"line":34,"column":null}},"12":{"start":{"line":40,"column":31},"end":{"line":40,"column":33}},"13":{"start":{"line":42,"column":6},"end":{"line":53,"column":null}},"14":{"start":{"line":43,"column":8},"end":{"line":43,"column":null}},"15":{"start":{"line":45,"column":8},"end":{"line":52,"column":null}},"16":{"start":{"line":46,"column":10},"end":{"line":46,"column":null}},"17":{"start":{"line":46,"column":33},"end":{"line":46,"column":null}},"18":{"start":{"line":47,"column":10},"end":{"line":47,"column":null}},"19":{"start":{"line":47,"column":33},"end":{"line":47,"column":null}},"20":{"start":{"line":48,"column":10},"end":{"line":48,"column":null}},"21":{"start":{"line":48,"column":30},"end":{"line":48,"column":null}},"22":{"start":{"line":49,"column":10},"end":{"line":51,"column":null}},"23":{"start":{"line":50,"column":12},"end":{"line":50,"column":null}},"24":{"start":{"line":55,"column":6},"end":{"line":59,"column":null}}},"fnMap":{"0":{"name":"(anonymous_2)","decl":{"start":{"line":11,"column":2},"end":{"line":11,"column":9}},"loc":{"start":{"line":11,"column":41},"end":{"line":35,"column":null}}},"1":{"name":"(anonymous_3)","decl":{"start":{"line":25,"column":35},"end":{"line":25,"column":41}},"loc":{"start":{"line":25,"column":41},"end":{"line":25,"column":null}}},"2":{"name":"(anonymous_4)","decl":{"start":{"line":39,"column":15},"end":{"line":39,"column":16}},"loc":{"start":{"line":39,"column":16},"end":{"line":60,"column":null}}},"3":{"name":"(anonymous_5)","decl":{"start":{"line":45,"column":28},"end":{"line":45,"column":29}},"loc":{"start":{"line":45,"column":41},"end":{"line":52,"column":null}}}},"branchMap":{"0":{"loc":{"start":{"line":42,"column":6},"end":{"line":53,"column":null}},"type":"if","locations":[{"start":{"line":42,"column":6},"end":{"line":53,"column":null}},{"start":{"line":44,"column":13},"end":{"line":53,"column":null}}]},"1":{"loc":{"start":{"line":42,"column":10},"end":{"line":42,"column":55}},"type":"binary-expr","locations":[{"start":{"line":42,"column":10},"end":{"line":42,"column":22}},{"start":{"line":42,"column":26},"end":{"line":42,"column":55}}]},"2":{"loc":{"start":{"line":46,"column":10},"end":{"line":46,"column":null}},"type":"if","locations":[{"start":{"line":46,"column":10},"end":{"line":46,"column":null}},{"start":{},"end":{}}]},"3":{"loc":{"start":{"line":47,"column":10},"end":{"line":47,"column":null}},"type":"if","locations":[{"start":{"line":47,"column":10},"end":{"line":47,"column":null}},{"start":{},"end":{}}]},"4":{"loc":{"start":{"line":48,"column":10},"end":{"line":48,"column":null}},"type":"if","locations":[{"start":{"line":48,"column":10},"end":{"line":48,"column":null}},{"start":{},"end":{}}]},"5":{"loc":{"start":{"line":49,"column":10},"end":{"line":51,"column":null}},"type":"if","locations":[{"start":{"line":49,"column":10},"end":{"line":51,"column":null}},{"start":{},"end":{}}]},"6":{"loc":{"start":{"line":49,"column":14},"end":{"line":49,"column":87}},"type":"binary-expr","locations":[{"start":{"line":49,"column":14},"end":{"line":49,"column":49}},{"start":{"line":49,"column":49},"end":{"line":49,"column":68}},{"start":{"line":49,"column":68},"end":{"line":49,"column":87}}]}},"s":{"0":0,"1":0,"2":0,"3":0,"4":0,"5":0,"6":0,"7":0,"8":0,"9":0,"10":0,"11":0,"12":0,"13":0,"14":0,"15":0,"16":0,"17":0,"18":0,"19":0,"20":0,"21":0,"22":0,"23":0,"24":0},"f":{"0":0,"1":0,"2":0,"3":0},"b":{"0":[0,0],"1":[0,0],"2":[0,0],"3":[0,0],"4":[0,0],"5":[0,0],"6":[0,0,0]}}
,"/Users/stephen/Documents/PythonPro/scoremanage/CascadeProjects/scoreAIManage/app/api/security/dashboard/route.ts": {"path":"/Users/stephen/Documents/PythonPro/scoremanage/CascadeProjects/scoreAIManage/app/api/security/dashboard/route.ts","statementMap":{"0":{"start":{"line":7,"column":13},"end":{"line":7,"column":19}},"1":{"start":{"line":2,"column":27},"end":{"line":2,"column":null}},"2":{"start":{"line":3,"column":34},"end":{"line":3,"column":null}},"3":{"start":{"line":4,"column":25},"end":{"line":4,"column":null}},"4":{"start":{"line":7,"column":19},"end":{"line":20,"column":null}},"5":{"start":{"line":9,"column":22},"end":{"line":9,"column":null}},"6":{"start":{"line":10,"column":26},"end":{"line":10,"column":null}},"7":{"start":{"line":12,"column":4},"end":{"line":15,"column":null}}},"fnMap":{"0":{"name":"(anonymous_2)","decl":{"start":{"line":8,"column":2},"end":{"line":8,"column":9}},"loc":{"start":{"line":8,"column":26},"end":{"line":16,"column":null}}}},"branchMap":{},"s":{"0":0,"1":0,"2":0,"3":0,"4":0,"5":0,"6":0,"7":0},"f":{"0":0},"b":{}}
,"/Users/stephen/Documents/PythonPro/scoremanage/CascadeProjects/scoreAIManage/app/api/statistics/subject/route.ts": {"path":"/Users/stephen/Documents/PythonPro/scoremanage/CascadeProjects/scoreAIManage/app/api/statistics/subject/route.ts","statementMap":{"0":{"start":{"line":51,"column":22},"end":{"line":51,"column":26}},"1":{"start":{"line":4,"column":17},"end":{"line":15,"column":null}},"2":{"start":{"line":17,"column":15},"end":{"line":41,"column":null}},"3":{"start":{"line":45,"column":15},"end":{"line":45,"column":72}},"4":{"start":{"line":45,"column":43},"end":{"line":45,"column":54}},"5":{"start":{"line":46,"column":29},"end":{"line":46,"column":null}},"6":{"start":{"line":46,"column":47},"end":{"line":46,"column":null}},"7":{"start":{"line":47,"column":25},"end":{"line":47,"column":94}},"8":{"start":{"line":47,"column":65},"end":{"line":47,"column":76}},"9":{"start":{"line":48,"column":2},"end":{"line":48,"column":null}},"10":{"start":{"line":52,"column":27},"end":{"line":52,"column":null}},"11":{"start":{"line":53,"column":17},"end":{"line":53,"column":null}},"12":{"start":{"line":55,"column":2},"end":{"line":57,"column":null}},"13":{"start":{"line":56,"column":4},"end":{"line":56,"column":null}},"14":{"start":{"line":59,"column":23},"end":{"line":59,"column":25}},"15":{"start":{"line":61,"column":2},"end":{"line":83,"column":null}},"16":{"start":{"line":63,"column":26},"end":{"line":64,"column":null}},"17":{"start":{"line":64,"column":6},"end":{"line":64,"column":null}},"18":{"start":{"line":67,"column":4},"end":{"line":67,"column":null}},"19":{"start":{"line":67,"column":36},"end":{"line":67,"column":null}},"20":{"start":{"line":69,"column":19},"end":{"line":69,"column":null}},"21":{"start":{"line":69,"column":42},"end":{"line":69,"column":49}},"22":{"start":{"line":70,"column":21},"end":{"line":70,"column":82}},"23":{"start":{"line":70,"column":51},"end":{"line":70,"column":64}},"24":{"start":{"line":71,"column":21},"end":{"line":71,"column":null}},"25":{"start":{"line":72,"column":21},"end":{"line":72,"column":null}},"26":{"start":{"line":73,"column":25},"end":{"line":73,"column":null}},"27":{"start":{"line":75,"column":4},"end":{"line":82,"column":null}},"28":{"start":{"line":85,"column":2},"end":{"line":85,"column":null}}},"fnMap":{"0":{"name":"calculateStandardDeviation","decl":{"start":{"line":44,"column":9},"end":{"line":44,"column":36}},"loc":{"start":{"line":44,"column":52},"end":{"line":49,"column":null}}},"1":{"name":"(anonymous_3)","decl":{"start":{"line":45,"column":29},"end":{"line":45,"column":30}},"loc":{"start":{"line":45,"column":43},"end":{"line":45,"column":54}}},"2":{"name":"(anonymous_4)","decl":{"start":{"line":46,"column":40},"end":{"line":46,"column":47}},"loc":{"start":{"line":46,"column":47},"end":{"line":46,"column":null}}},"3":{"name":"(anonymous_5)","decl":{"start":{"line":47,"column":51},"end":{"line":47,"column":52}},"loc":{"start":{"line":47,"column":65},"end":{"line":47,"column":76}}},"4":{"name":"GET","decl":{"start":{"line":51,"column":22},"end":{"line":51,"column":26}},"loc":{"start":{"line":51,"column":46},"end":{"line":86,"column":null}}},"5":{"name":"(anonymous_7)","decl":{"start":{"line":63,"column":40},"end":{"line":63,"column":null}},"loc":{"start":{"line":64,"column":6},"end":{"line":64,"column":null}}},"6":{"name":"(anonymous_8)","decl":{"start":{"line":69,"column":37},"end":{"line":69,"column":42}},"loc":{"start":{"line":69,"column":42},"end":{"line":69,"column":49}}},"7":{"name":"(anonymous_9)","decl":{"start":{"line":70,"column":35},"end":{"line":70,"column":36}},"loc":{"start":{"line":70,"column":51},"end":{"line":70,"column":64}}}},"branchMap":{"0":{"loc":{"start":{"line":55,"column":2},"end":{"line":57,"column":null}},"type":"if","locations":[{"start":{"line":55,"column":2},"end":{"line":57,"column":null}},{"start":{},"end":{}}]},"1":{"loc":{"start":{"line":64,"column":6},"end":{"line":64,"column":null}},"type":"binary-expr","locations":[{"start":{"line":64,"column":6},"end":{"line":64,"column":41}},{"start":{"line":64,"column":45},"end":{"line":64,"column":null}}]},"2":{"loc":{"start":{"line":67,"column":4},"end":{"line":67,"column":null}},"type":"if","locations":[{"start":{"line":67,"column":4},"end":{"line":67,"column":null}},{"start":{},"end":{}}]}},"s":{"0":0,"1":0,"2":0,"3":0,"4":0,"5":0,"6":0,"7":0,"8":0,"9":0,"10":0,"11":0,"12":0,"13":0,"14":0,"15":0,"16":0,"17":0,"18":0,"19":0,"20":0,"21":0,"22":0,"23":0,"24":0,"25":0,"26":0,"27":0,"28":0},"f":{"0":0,"1":0,"2":0,"3":0,"4":0,"5":0,"6":0,"7":0},"b":{"0":[0,0],"1":[0,0],"2":[0,0]}}
,"/Users/stephen/Documents/PythonPro/scoremanage/CascadeProjects/scoreAIManage/app/api/statistics/top/route.ts": {"path":"/Users/stephen/Documents/PythonPro/scoremanage/CascadeProjects/scoreAIManage/app/api/statistics/top/route.ts","statementMap":{"0":{"start":{"line":48,"column":22},"end":{"line":48,"column":26}},"1":{"start":{"line":4,"column":17},"end":{"line":8,"column":null}},"2":{"start":{"line":10,"column":15},"end":{"line":46,"column":null}},"3":{"start":{"line":49,"column":27},"end":{"line":49,"column":null}},"4":{"start":{"line":50,"column":17},"end":{"line":50,"column":null}},"5":{"start":{"line":52,"column":2},"end":{"line":54,"column":null}},"6":{"start":{"line":53,"column":4},"end":{"line":53,"column":null}},"7":{"start":{"line":57,"column":24},"end":{"line":57,"column":26}},"8":{"start":{"line":59,"column":2},"end":{"line":82,"column":null}},"9":{"start":{"line":61,"column":26},"end":{"line":62,"column":null}},"10":{"start":{"line":62,"column":6},"end":{"line":62,"column":null}},"11":{"start":{"line":65,"column":4},"end":{"line":65,"column":null}},"12":{"start":{"line":65,"column":36},"end":{"line":65,"column":null}},"13":{"start":{"line":68,"column":29},"end":{"line":68,"column":null}},"14":{"start":{"line":68,"column":62},"end":{"line":68,"column":75}},"15":{"start":{"line":71,"column":31},"end":{"line":73,"column":null}},"16":{"start":{"line":72,"column":19},"end":{"line":72,"column":null}},"17":{"start":{"line":73,"column":26},"end":{"line":73,"column":39}},"18":{"start":{"line":75,"column":4},"end":{"line":81,"column":null}},"19":{"start":{"line":85,"column":2},"end":{"line":85,"column":null}},"20":{"start":{"line":85,"column":31},"end":{"line":85,"column":74}},"21":{"start":{"line":88,"column":25},"end":{"line":91,"column":null}},"22":{"start":{"line":88,"column":64},"end":{"line":91,"column":null}},"23":{"start":{"line":94,"column":22},"end":{"line":94,"column":null}},"24":{"start":{"line":96,"column":2},"end":{"line":96,"column":null}}},"fnMap":{"0":{"name":"GET","decl":{"start":{"line":48,"column":22},"end":{"line":48,"column":26}},"loc":{"start":{"line":48,"column":46},"end":{"line":97,"column":null}}},"1":{"name":"(anonymous_3)","decl":{"start":{"line":61,"column":40},"end":{"line":61,"column":null}},"loc":{"start":{"line":62,"column":6},"end":{"line":62,"column":null}}},"2":{"name":"(anonymous_4)","decl":{"start":{"line":68,"column":50},"end":{"line":68,"column":51}},"loc":{"start":{"line":68,"column":62},"end":{"line":68,"column":75}}},"3":{"name":"(anonymous_5)","decl":{"start":{"line":72,"column":14},"end":{"line":72,"column":19}},"loc":{"start":{"line":72,"column":19},"end":{"line":72,"column":null}}},"4":{"name":"(anonymous_6)","decl":{"start":{"line":73,"column":14},"end":{"line":73,"column":15}},"loc":{"start":{"line":73,"column":26},"end":{"line":73,"column":39}}},"5":{"name":"(anonymous_7)","decl":{"start":{"line":85,"column":21},"end":{"line":85,"column":22}},"loc":{"start":{"line":85,"column":31},"end":{"line":85,"column":74}}},"6":{"name":"(anonymous_8)","decl":{"start":{"line":88,"column":43},"end":{"line":88,"column":44}},"loc":{"start":{"line":88,"column":64},"end":{"line":91,"column":null}}}},"branchMap":{"0":{"loc":{"start":{"line":52,"column":2},"end":{"line":54,"column":null}},"type":"if","locations":[{"start":{"line":52,"column":2},"end":{"line":54,"column":null}},{"start":{},"end":{}}]},"1":{"loc":{"start":{"line":62,"column":6},"end":{"line":62,"column":null}},"type":"binary-expr","locations":[{"start":{"line":62,"column":6},"end":{"line":62,"column":41}},{"start":{"line":62,"column":45},"end":{"line":62,"column":null}}]},"2":{"loc":{"start":{"line":65,"column":4},"end":{"line":65,"column":null}},"type":"if","locations":[{"start":{"line":65,"column":4},"end":{"line":65,"column":null}},{"start":{},"end":{}}]}},"s":{"0":0,"1":0,"2":0,"3":0,"4":0,"5":0,"6":0,"7":0,"8":0,"9":0,"10":0,"11":0,"12":0,"13":0,"14":0,"15":0,"16":0,"17":0,"18":0,"19":0,"20":0,"21":0,"22":0,"23":0,"24":0},"f":{"0":0,"1":0,"2":0,"3":0,"4":0,"5":0,"6":0},"b":{"0":[0,0],"1":[0,0],"2":[0,0]}}
,"/Users/stephen/Documents/PythonPro/scoremanage/CascadeProjects/scoreAIManage/app/api/students/route.ts": {"path":"/Users/stephen/Documents/PythonPro/scoremanage/CascadeProjects/scoreAIManage/app/api/students/route.ts","statementMap":{"0":{"start":{"line":11,"column":13},"end":{"line":11,"column":16}},"1":{"start":{"line":33,"column":13},"end":{"line":33,"column":17}},"2":{"start":{"line":2,"column":27},"end":{"line":2,"column":null}},"3":{"start":{"line":3,"column":36},"end":{"line":3,"column":null}},"4":{"start":{"line":4,"column":32},"end":{"line":4,"column":null}},"5":{"start":{"line":5,"column":28},"end":{"line":5,"column":null}},"6":{"start":{"line":6,"column":25},"end":{"line":6,"column":null}},"7":{"start":{"line":8,"column":19},"end":{"line":8,"column":null}},"8":{"start":{"line":11,"column":19},"end":{"line":29,"column":null}},"9":{"start":{"line":13,"column":29},"end":{"line":13,"column":null}},"10":{"start":{"line":14,"column":20},"end":{"line":14,"column":null}},"11":{"start":{"line":16,"column":20},"end":{"line":16,"column":null}},"12":{"start":{"line":17,"column":21},"end":{"line":17,"column":null}},"13":{"start":{"line":19,"column":4},"end":{"line":24,"column":null}},"14":{"start":{"line":33,"column":20},"end":{"line":56,"column":null}},"15":{"start":{"line":35,"column":23},"end":{"line":35,"column":null}},"16":{"start":{"line":38,"column":4},"end":{"line":43,"column":null}},"17":{"start":{"line":46,"column":4},"end":{"line":50,"column":null}}},"fnMap":{"0":{"name":"(anonymous_4)","decl":{"start":{"line":12,"column":2},"end":{"line":12,"column":9}},"loc":{"start":{"line":12,"column":26},"end":{"line":25,"column":null}}},"1":{"name":"(anonymous_5)","decl":{"start":{"line":34,"column":2},"end":{"line":34,"column":9}},"loc":{"start":{"line":34,"column":41},"end":{"line":51,"column":null}}}},"branchMap":{"0":{"loc":{"start":{"line":16,"column":20},"end":{"line":16,"column":null}},"type":"cond-expr","locations":[{"start":{"line":16,"column":30},"end":{"line":16,"column":54}},{"start":{"line":16,"column":54},"end":{"line":16,"column":null}}]}},"s":{"0":0,"1":0,"2":0,"3":0,"4":0,"5":0,"6":0,"7":0,"8":0,"9":0,"10":0,"11":0,"12":0,"13":0,"14":0,"15":0,"16":0,"17":0},"f":{"0":0,"1":0},"b":{"0":[0,0]}}
,"/Users/stephen/Documents/PythonPro/scoremanage/CascadeProjects/scoreAIManage/app/api/students/[studentId]/route.ts": {"path":"/Users/stephen/Documents/PythonPro/scoremanage/CascadeProjects/scoreAIManage/app/api/students/[studentId]/route.ts","statementMap":{"0":{"start":{"line":80,"column":13},"end":{"line":80,"column":19}},"1":{"start":{"line":11,"column":13},"end":{"line":11,"column":16}},"2":{"start":{"line":37,"column":13},"end":{"line":37,"column":16}},"3":{"start":{"line":2,"column":27},"end":{"line":2,"column":null}},"4":{"start":{"line":3,"column":36},"end":{"line":3,"column":null}},"5":{"start":{"line":4,"column":32},"end":{"line":4,"column":null}},"6":{"start":{"line":5,"column":49},"end":{"line":5,"column":null}},"7":{"start":{"line":6,"column":25},"end":{"line":6,"column":null}},"8":{"start":{"line":8,"column":19},"end":{"line":8,"column":null}},"9":{"start":{"line":11,"column":19},"end":{"line":33,"column":null}},"10":{"start":{"line":13,"column":22},"end":{"line":13,"column":38}},"11":{"start":{"line":14,"column":20},"end":{"line":14,"column":null}},"12":{"start":{"line":16,"column":4},"end":{"line":18,"column":null}},"13":{"start":{"line":17,"column":6},"end":{"line":17,"column":null}},"14":{"start":{"line":21,"column":4},"end":{"line":23,"column":null}},"15":{"start":{"line":22,"column":6},"end":{"line":22,"column":null}},"16":{"start":{"line":25,"column":4},"end":{"line":28,"column":null}},"17":{"start":{"line":37,"column":19},"end":{"line":76,"column":null}},"18":{"start":{"line":39,"column":22},"end":{"line":39,"column":38}},"19":{"start":{"line":40,"column":28},"end":{"line":40,"column":null}},"20":{"start":{"line":42,"column":4},"end":{"line":44,"column":null}},"21":{"start":{"line":43,"column":6},"end":{"line":43,"column":null}},"22":{"start":{"line":47,"column":4},"end":{"line":49,"column":null}},"23":{"start":{"line":48,"column":6},"end":{"line":48,"column":null}},"24":{"start":{"line":51,"column":27},"end":{"line":51,"column":null}},"25":{"start":{"line":54,"column":4},"end":{"line":63,"column":null}},"26":{"start":{"line":66,"column":4},"end":{"line":70,"column":null}},"27":{"start":{"line":80,"column":22},"end":{"line":112,"column":null}},"28":{"start":{"line":82,"column":22},"end":{"line":82,"column":38}},"29":{"start":{"line":83,"column":28},"end":{"line":83,"column":null}},"30":{"start":{"line":85,"column":4},"end":{"line":87,"column":null}},"31":{"start":{"line":86,"column":6},"end":{"line":86,"column":null}},"32":{"start":{"line":89,"column":20},"end":{"line":89,"column":null}},"33":{"start":{"line":91,"column":4},"end":{"line":93,"column":null}},"34":{"start":{"line":92,"column":6},"end":{"line":92,"column":null}},"35":{"start":{"line":96,"column":4},"end":{"line":101,"column":null}},"36":{"start":{"line":104,"column":4},"end":{"line":107,"column":null}}},"fnMap":{"0":{"name":"(anonymous_5)","decl":{"start":{"line":12,"column":2},"end":{"line":12,"column":9}},"loc":{"start":{"line":12,"column":34},"end":{"line":29,"column":null}}},"1":{"name":"(anonymous_6)","decl":{"start":{"line":38,"column":2},"end":{"line":38,"column":9}},"loc":{"start":{"line":38,"column":49},"end":{"line":71,"column":null}}},"2":{"name":"(anonymous_7)","decl":{"start":{"line":81,"column":2},"end":{"line":81,"column":9}},"loc":{"start":{"line":81,"column":34},"end":{"line":108,"column":null}}}},"branchMap":{"0":{"loc":{"start":{"line":16,"column":4},"end":{"line":18,"column":null}},"type":"if","locations":[{"start":{"line":16,"column":4},"end":{"line":18,"column":null}},{"start":{},"end":{}}]},"1":{"loc":{"start":{"line":21,"column":4},"end":{"line":23,"column":null}},"type":"if","locations":[{"start":{"line":21,"column":4},"end":{"line":23,"column":null}},{"start":{},"end":{}}]},"2":{"loc":{"start":{"line":21,"column":8},"end":{"line":21,"column":67}},"type":"binary-expr","locations":[{"start":{"line":21,"column":8},"end":{"line":21,"column":39}},{"start":{"line":21,"column":43},"end":{"line":21,"column":67}}]},"3":{"loc":{"start":{"line":42,"column":4},"end":{"line":44,"column":null}},"type":"if","locations":[{"start":{"line":42,"column":4},"end":{"line":44,"column":null}},{"start":{},"end":{}}]},"4":{"loc":{"start":{"line":47,"column":4},"end":{"line":49,"column":null}},"type":"if","locations":[{"start":{"line":47,"column":4},"end":{"line":49,"column":null}},{"start":{},"end":{}}]},"5":{"loc":{"start":{"line":47,"column":8},"end":{"line":47,"column":67}},"type":"binary-expr","locations":[{"start":{"line":47,"column":8},"end":{"line":47,"column":39}},{"start":{"line":47,"column":43},"end":{"line":47,"column":67}}]},"6":{"loc":{"start":{"line":85,"column":4},"end":{"line":87,"column":null}},"type":"if","locations":[{"start":{"line":85,"column":4},"end":{"line":87,"column":null}},{"start":{},"end":{}}]},"7":{"loc":{"start":{"line":91,"column":4},"end":{"line":93,"column":null}},"type":"if","locations":[{"start":{"line":91,"column":4},"end":{"line":93,"column":null}},{"start":{},"end":{}}]}},"s":{"0":0,"1":0,"2":0,"3":0,"4":0,"5":0,"6":0,"7":0,"8":0,"9":0,"10":0,"11":0,"12":0,"13":0,"14":0,"15":0,"16":0,"17":0,"18":0,"19":0,"20":0,"21":0,"22":0,"23":0,"24":0,"25":0,"26":0,"27":0,"28":0,"29":0,"30":0,"31":0,"32":0,"33":0,"34":0,"35":0,"36":0},"f":{"0":0,"1":0,"2":0},"b":{"0":[0,0],"1":[0,0],"2":[0,0],"3":[0,0],"4":[0,0],"5":[0,0],"6":[0,0],"7":[0,0]}}
,"/Users/stephen/Documents/PythonPro/scoremanage/CascadeProjects/scoreAIManage/app/api/subjects/route.ts": {"path":"/Users/stephen/Documents/PythonPro/scoremanage/CascadeProjects/scoreAIManage/app/api/subjects/route.ts","statementMap":{"0":{"start":{"line":9,"column":13},"end":{"line":9,"column":19}},"1":{"start":{"line":2,"column":27},"end":{"line":2,"column":null}},"2":{"start":{"line":3,"column":32},"end":{"line":3,"column":null}},"3":{"start":{"line":4,"column":25},"end":{"line":4,"column":null}},"4":{"start":{"line":6,"column":19},"end":{"line":6,"column":null}},"5":{"start":{"line":9,"column":19},"end":{"line":22,"column":null}},"6":{"start":{"line":11,"column":21},"end":{"line":11,"column":null}},"7":{"start":{"line":13,"column":4},"end":{"line":17,"column":null}}},"fnMap":{"0":{"name":"(anonymous_2)","decl":{"start":{"line":10,"column":2},"end":{"line":10,"column":9}},"loc":{"start":{"line":10,"column":26},"end":{"line":18,"column":null}}}},"branchMap":{},"s":{"0":0,"1":0,"2":0,"3":0,"4":0,"5":0,"6":0,"7":0},"f":{"0":0},"b":{}}
,"/Users/stephen/Documents/PythonPro/scoremanage/CascadeProjects/scoreAIManage/components/ChatBox.tsx": {"path":"/Users/stephen/Documents/PythonPro/scoremanage/CascadeProjects/scoreAIManage/components/ChatBox.tsx","statementMap":{"0":{"start":{"line":7,"column":24},"end":{"line":7,"column":null}},"1":{"start":{"line":3,"column":25},"end":{"line":3,"column":null}},"2":{"start":{"line":4,"column":24},"end":{"line":4,"column":null}},"3":{"start":{"line":5,"column":21},"end":{"line":5,"column":null}},"4":{"start":{"line":8,"column":34},"end":{"line":8,"column":null}},"5":{"start":{"line":9,"column":36},"end":{"line":9,"column":null}},"6":{"start":{"line":11,"column":22},"end":{"line":38,"column":null}},"7":{"start":{"line":12,"column":4},"end":{"line":12,"column":null}},"8":{"start":{"line":12,"column":25},"end":{"line":12,"column":null}},"9":{"start":{"line":14,"column":24},"end":{"line":17,"column":null}},"10":{"start":{"line":19,"column":4},"end":{"line":19,"column":null}},"11":{"start":{"line":20,"column":4},"end":{"line":20,"column":null}},"12":{"start":{"line":22,"column":4},"end":{"line":37,"column":null}},"13":{"start":{"line":23,"column":18},"end":{"line":29,"column":null}},"14":{"start":{"line":31,"column":19},"end":{"line":31,"column":null}},"15":{"start":{"line":32,"column":6},"end":{"line":32,"column":null}},"16":{"start":{"line":34,"column":6},"end":{"line":34,"column":null}},"17":{"start":{"line":36,"column":6},"end":{"line":36,"column":null}}},"fnMap":{"0":{"name":"ChatBox","decl":{"start":{"line":7,"column":24},"end":{"line":7,"column":null}},"loc":{"start":{"line":7,"column":24},"end":{"line":56,"column":null}}},"1":{"name":"(anonymous_3)","decl":{"start":{"line":11,"column":22},"end":{"line":11,"column":29}},"loc":{"start":{"line":11,"column":29},"end":{"line":38,"column":null}}}},"branchMap":{"0":{"loc":{"start":{"line":12,"column":4},"end":{"line":12,"column":null}},"type":"if","locations":[{"start":{"line":12,"column":4},"end":{"line":12,"column":null}},{"start":{},"end":{}}]}},"s":{"0":0,"1":0,"2":0,"3":0,"4":0,"5":0,"6":0,"7":0,"8":0,"9":0,"10":0,"11":0,"12":0,"13":0,"14":0,"15":0,"16":0,"17":0},"f":{"0":0,"1":0},"b":{"0":[0,0]}}
,"/Users/stephen/Documents/PythonPro/scoremanage/CascadeProjects/scoreAIManage/components/ClassManager.tsx": {"path":"/Users/stephen/Documents/PythonPro/scoremanage/CascadeProjects/scoreAIManage/components/ClassManager.tsx","statementMap":{"0":{"start":{"line":20,"column":24},"end":{"line":20,"column":37}},"1":{"start":{"line":3,"column":36},"end":{"line":3,"column":null}},"2":{"start":{"line":4,"column":26},"end":{"line":4,"column":null}},"3":{"start":{"line":5,"column":36},"end":{"line":5,"column":null}},"4":{"start":{"line":6,"column":34},"end":{"line":6,"column":null}},"5":{"start":{"line":21,"column":32},"end":{"line":21,"column":null}},"6":{"start":{"line":22,"column":34},"end":{"line":27,"column":null}},"7":{"start":{"line":28,"column":42},"end":{"line":28,"column":null}},"8":{"start":{"line":29,"column":32},"end":{"line":29,"column":null}},"9":{"start":{"line":30,"column":38},"end":{"line":30,"column":null}},"10":{"start":{"line":31,"column":28},"end":{"line":31,"column":null}},"11":{"start":{"line":32,"column":32},"end":{"line":32,"column":null}},"12":{"start":{"line":33,"column":38},"end":{"line":33,"column":null}},"13":{"start":{"line":34,"column":35},"end":{"line":34,"column":null}},"14":{"start":{"line":36,"column":23},"end":{"line":51,"column":null}},"15":{"start":{"line":37,"column":4},"end":{"line":50,"column":null}},"16":{"start":{"line":38,"column":6},"end":{"line":38,"column":null}},"17":{"start":{"line":39,"column":6},"end":{"line":39,"column":null}},"18":{"start":{"line":40,"column":23},"end":{"line":40,"column":null}},"19":{"start":{"line":40,"column":56},"end":{"line":40,"column":null}},"20":{"start":{"line":42,"column":6},"end":{"line":44,"column":null}},"21":{"start":{"line":43,"column":8},"end":{"line":43,"column":null}},"22":{"start":{"line":46,"column":6},"end":{"line":46,"column":null}},"23":{"start":{"line":47,"column":6},"end":{"line":47,"column":null}},"24":{"start":{"line":49,"column":6},"end":{"line":49,"column":null}},"25":{"start":{"line":53,"column":2},"end":{"line":55,"column":null}},"26":{"start":{"line":54,"column":4},"end":{"line":54,"column":null}},"27":{"start":{"line":57,"column":23},"end":{"line":100,"column":null}},"28":{"start":{"line":58,"column":4},"end":{"line":58,"column":null}},"29":{"start":{"line":59,"column":4},"end":{"line":59,"column":null}},"30":{"start":{"line":60,"column":4},"end":{"line":60,"column":null}},"31":{"start":{"line":61,"column":4},"end":{"line":61,"column":null}},"32":{"start":{"line":63,"column":4},"end":{"line":99,"column":null}},"33":{"start":{"line":65,"column":25},"end":{"line":65,"column":null}},"34":{"start":{"line":66,"column":6},"end":{"line":69,"column":null}},"35":{"start":{"line":67,"column":8},"end":{"line":67,"column":null}},"36":{"start":{"line":68,"column":8},"end":{"line":68,"column":null}},"37":{"start":{"line":72,"column":6},"end":{"line":80,"column":null}},"38":{"start":{"line":73,"column":8},"end":{"line":74,"column":null}},"39":{"start":{"line":74,"column":10},"end":{"line":74,"column":null}},"40":{"start":{"line":77,"column":8},"end":{"line":78,"column":null}},"41":{"start":{"line":78,"column":10},"end":{"line":78,"column":null}},"42":{"start":{"line":82,"column":6},"end":{"line":93,"column":null}},"43":{"start":{"line":83,"column":8},"end":{"line":83,"column":null}},"44":{"start":{"line":84,"column":8},"end":{"line":89,"column":null}},"45":{"start":{"line":90,"column":8},"end":{"line":90,"column":null}},"46":{"start":{"line":91,"column":8},"end":{"line":91,"column":null}},"47":{"start":{"line":92,"column":8},"end":{"line":92,"column":null}},"48":{"start":{"line":95,"column":6},"end":{"line":95,"column":null}},"49":{"start":{"line":96,"column":6},"end":{"line":96,"column":null}},"50":{"start":{"line":98,"column":6},"end":{"line":98,"column":null}},"51":{"start":{"line":102,"column":21},"end":{"line":111,"column":null}},"52":{"start":{"line":103,"column":4},"end":{"line":103,"column":null}},"53":{"start":{"line":104,"column":4},"end":{"line":109,"column":null}},"54":{"start":{"line":110,"column":4},"end":{"line":110,"column":null}},"55":{"start":{"line":113,"column":23},"end":{"line":130,"column":null}},"56":{"start":{"line":114,"column":4},"end":{"line":114,"column":null}},"57":{"start":{"line":114,"column":33},"end":{"line":114,"column":null}},"58":{"start":{"line":116,"column":4},"end":{"line":129,"column":null}},"59":{"start":{"line":117,"column":6},"end":{"line":117,"column":null}},"60":{"start":{"line":118,"column":23},"end":{"line":119,"column":null}},"61":{"start":{"line":119,"column":8},"end":{"line":119,"column":null}},"62":{"start":{"line":122,"column":6},"end":{"line":125,"column":null}},"63":{"start":{"line":123,"column":8},"end":{"line":123,"column":null}},"64":{"start":{"line":124,"column":8},"end":{"line":124,"column":null}},"65":{"start":{"line":127,"column":6},"end":{"line":127,"column":null}},"66":{"start":{"line":128,"column":6},"end":{"line":128,"column":null}},"67":{"start":{"line":132,"column":2},"end":{"line":138,"column":null}},"68":{"start":{"line":145,"column":25},"end":{"line":145,"column":null}},"69":{"start":{"line":178,"column":33},"end":{"line":178,"column":null}},"70":{"start":{"line":193,"column":33},"end":{"line":193,"column":null}},"71":{"start":{"line":206,"column":33},"end":{"line":206,"column":null}},"72":{"start":{"line":218,"column":33},"end":{"line":218,"column":null}},"73":{"start":{"line":234,"column":18},"end":{"line":234,"column":null}},"74":{"start":{"line":235,"column":18},"end":{"line":235,"column":null}},"75":{"start":{"line":236,"column":18},"end":{"line":241,"column":null}},"76":{"start":{"line":242,"column":18},"end":{"line":242,"column":null}},"77":{"start":{"line":243,"column":18},"end":{"line":243,"column":null}},"78":{"start":{"line":257,"column":10},"end":{"line":257,"column":34}},"79":{"start":{"line":270,"column":31},"end":{"line":270,"column":null}},"80":{"start":{"line":276,"column":31},"end":{"line":276,"column":null}},"81":{"start":{"line":316,"column":14},"end":{"line":316,"column":37}},"82":{"start":{"line":331,"column":35},"end":{"line":331,"column":null}},"83":{"start":{"line":337,"column":35},"end":{"line":337,"column":null}}},"fnMap":{"0":{"name":"ClassManager","decl":{"start":{"line":20,"column":24},"end":{"line":20,"column":37}},"loc":{"start":{"line":20,"column":72},"end":{"line":356,"column":null}}},"1":{"name":"(anonymous_2)","decl":{"start":{"line":36,"column":23},"end":{"line":36,"column":null}},"loc":{"start":{"line":36,"column":23},"end":{"line":51,"column":null}}},"2":{"name":"(anonymous_3)","decl":{"start":{"line":40,"column":50},"end":{"line":40,"column":56}},"loc":{"start":{"line":40,"column":56},"end":{"line":40,"column":null}}},"3":{"name":"(anonymous_4)","decl":{"start":{"line":53,"column":12},"end":{"line":53,"column":null}},"loc":{"start":{"line":53,"column":12},"end":{"line":55,"column":5}}},"4":{"name":"(anonymous_5)","decl":{"start":{"line":57,"column":23},"end":{"line":57,"column":30}},"loc":{"start":{"line":57,"column":30},"end":{"line":100,"column":null}}},"5":{"name":"(anonymous_6)","decl":{"start":{"line":73,"column":46},"end":{"line":73,"column":null}},"loc":{"start":{"line":74,"column":10},"end":{"line":74,"column":null}}},"6":{"name":"(anonymous_7)","decl":{"start":{"line":77,"column":46},"end":{"line":77,"column":null}},"loc":{"start":{"line":78,"column":10},"end":{"line":78,"column":null}}},"7":{"name":"(anonymous_8)","decl":{"start":{"line":102,"column":21},"end":{"line":102,"column":22}},"loc":{"start":{"line":102,"column":22},"end":{"line":111,"column":null}}},"8":{"name":"(anonymous_9)","decl":{"start":{"line":113,"column":23},"end":{"line":113,"column":30}},"loc":{"start":{"line":113,"column":30},"end":{"line":130,"column":null}}},"9":{"name":"(anonymous_10)","decl":{"start":{"line":118,"column":50},"end":{"line":118,"column":null}},"loc":{"start":{"line":119,"column":8},"end":{"line":119,"column":null}}},"10":{"name":"(anonymous_11)","decl":{"start":{"line":145,"column":19},"end":{"line":145,"column":25}},"loc":{"start":{"line":145,"column":25},"end":{"line":145,"column":null}}},"11":{"name":"(anonymous_12)","decl":{"start":{"line":178,"column":26},"end":{"line":178,"column":27}},"loc":{"start":{"line":178,"column":33},"end":{"line":178,"column":null}}},"12":{"name":"(anonymous_13)","decl":{"start":{"line":193,"column":26},"end":{"line":193,"column":27}},"loc":{"start":{"line":193,"column":33},"end":{"line":193,"column":null}}},"13":{"name":"(anonymous_14)","decl":{"start":{"line":206,"column":26},"end":{"line":206,"column":27}},"loc":{"start":{"line":206,"column":33},"end":{"line":206,"column":null}}},"14":{"name":"(anonymous_15)","decl":{"start":{"line":218,"column":26},"end":{"line":218,"column":27}},"loc":{"start":{"line":218,"column":33},"end":{"line":218,"column":null}}},"15":{"name":"(anonymous_16)","decl":{"start":{"line":233,"column":25},"end":{"line":233,"column":null}},"loc":{"start":{"line":233,"column":25},"end":{"line":244,"column":null}}},"16":{"name":"(anonymous_17)","decl":{"start":{"line":256,"column":21},"end":{"line":256,"column":22}},"loc":{"start":{"line":257,"column":10},"end":{"line":257,"column":34}}},"17":{"name":"(anonymous_18)","decl":{"start":{"line":270,"column":25},"end":{"line":270,"column":31}},"loc":{"start":{"line":270,"column":31},"end":{"line":270,"column":null}}},"18":{"name":"(anonymous_19)","decl":{"start":{"line":276,"column":25},"end":{"line":276,"column":31}},"loc":{"start":{"line":276,"column":31},"end":{"line":276,"column":null}}},"19":{"name":"(anonymous_20)","decl":{"start":{"line":315,"column":25},"end":{"line":315,"column":26}},"loc":{"start":{"line":316,"column":14},"end":{"line":316,"column":37}}},"20":{"name":"(anonymous_21)","decl":{"start":{"line":331,"column":29},"end":{"line":331,"column":35}},"loc":{"start":{"line":331,"column":35},"end":{"line":331,"column":null}}},"21":{"name":"(anonymous_22)","decl":{"start":{"line":337,"column":29},"end":{"line":337,"column":35}},"loc":{"start":{"line":337,"column":35},"end":{"line":337,"column":null}}}},"branchMap":{"0":{"loc":{"start":{"line":42,"column":6},"end":{"line":44,"column":null}},"type":"if","locations":[{"start":{"line":42,"column":6},"end":{"line":44,"column":null}},{"start":{},"end":{}}]},"1":{"loc":{"start":{"line":43,"column":19},"end":{"line":43,"column":38}},"type":"binary-expr","locations":[{"start":{"line":43,"column":19},"end":{"line":43,"column":32}},{"start":{"line":43,"column":36},"end":{"line":43,"column":38}}]},"2":{"loc":{"start":{"line":66,"column":6},"end":{"line":69,"column":null}},"type":"if","locations":[{"start":{"line":66,"column":6},"end":{"line":69,"column":null}},{"start":{},"end":{}}]},"3":{"loc":{"start":{"line":72,"column":6},"end":{"line":80,"column":null}},"type":"if","locations":[{"start":{"line":72,"column":6},"end":{"line":80,"column":null}},{"start":{"line":76,"column":13},"end":{"line":80,"column":null}}]},"4":{"loc":{"start":{"line":82,"column":6},"end":{"line":93,"column":null}},"type":"if","locations":[{"start":{"line":82,"column":6},"end":{"line":93,"column":null}},{"start":{},"end":{}}]},"5":{"loc":{"start":{"line":92,"column":19},"end":{"line":92,"column":null}},"type":"cond-expr","locations":[{"start":{"line":92,"column":34},"end":{"line":92,"column":45}},{"start":{"line":92,"column":45},"end":{"line":92,"column":null}}]},"6":{"loc":{"start":{"line":96,"column":15},"end":{"line":96,"column":null}},"type":"cond-expr","locations":[{"start":{"line":96,"column":30},"end":{"line":96,"column":41}},{"start":{"line":96,"column":41},"end":{"line":96,"column":null}}]},"7":{"loc":{"start":{"line":114,"column":4},"end":{"line":114,"column":null}},"type":"if","locations":[{"start":{"line":114,"column":4},"end":{"line":114,"column":null}},{"start":{},"end":{}}]},"8":{"loc":{"start":{"line":122,"column":6},"end":{"line":125,"column":null}},"type":"if","locations":[{"start":{"line":122,"column":6},"end":{"line":125,"column":null}},{"start":{},"end":{}}]},"9":{"loc":{"start":{"line":132,"column":2},"end":{"line":138,"column":null}},"type":"if","locations":[{"start":{"line":132,"column":2},"end":{"line":138,"column":null}},{"start":{},"end":{}}]},"10":{"loc":{"start":{"line":153,"column":7},"end":{"line":153,"column":null}},"type":"binary-expr","locations":[{"start":{"line":153,"column":7},"end":{"line":153,"column":null}}]},"11":{"loc":{"start":{"line":158,"column":7},"end":{"line":158,"column":null}},"type":"binary-expr","locations":[{"start":{"line":158,"column":7},"end":{"line":158,"column":null}}]},"12":{"loc":{"start":{"line":164,"column":7},"end":{"line":164,"column":null}},"type":"binary-expr","locations":[{"start":{"line":164,"column":7},"end":{"line":164,"column":null}}]},"13":{"loc":{"start":{"line":167,"column":13},"end":{"line":167,"column":null}},"type":"cond-expr","locations":[{"start":{"line":167,"column":28},"end":{"line":167,"column":37}},{"start":{"line":167,"column":37},"end":{"line":167,"column":null}}]},"14":{"loc":{"start":{"line":229,"column":17},"end":{"line":229,"column":null}},"type":"cond-expr","locations":[{"start":{"line":229,"column":30},"end":{"line":229,"column":42}},{"start":{"line":229,"column":42},"end":{"line":229,"column":null}}]},"15":{"loc":{"start":{"line":229,"column":42},"end":{"line":229,"column":null}},"type":"cond-expr","locations":[{"start":{"line":229,"column":57},"end":{"line":229,"column":64}},{"start":{"line":229,"column":64},"end":{"line":229,"column":null}}]},"16":{"loc":{"start":{"line":263,"column":17},"end":{"line":263,"column":34}},"type":"binary-expr","locations":[{"start":{"line":263,"column":17},"end":{"line":263,"column":34}}]},"17":{"loc":{"start":{"line":285,"column":9},"end":{"line":285,"column":null}},"type":"binary-expr","locations":[{"start":{"line":285,"column":9},"end":{"line":285,"column":null}}]},"18":{"loc":{"start":{"line":327,"column":19},"end":{"line":327,"column":null}},"type":"binary-expr","locations":[{"start":{"line":327,"column":19},"end":{"line":327,"column":36}},{"start":{"line":327,"column":40},"end":{"line":327,"column":null}}]},"19":{"loc":{"start":{"line":348,"column":9},"end":{"line":348,"column":null}},"type":"binary-expr","locations":[{"start":{"line":348,"column":9},"end":{"line":348,"column":null}}]}},"s":{"0":0,"1":0,"2":0,"3":0,"4":0,"5":0,"6":0,"7":0,"8":0,"9":0,"10":0,"11":0,"12":0,"13":0,"14":0,"15":0,"16":0,"17":0,"18":0,"19":0,"20":0,"21":0,"22":0,"23":0,"24":0,"25":0,"26":0,"27":0,"28":0,"29":0,"30":0,"31":0,"32":0,"33":0,"34":0,"35":0,"36":0,"37":0,"38":0,"39":0,"40":0,"41":0,"42":0,"43":0,"44":0,"45":0,"46":0,"47":0,"48":0,"49":0,"50":0,"51":0,"52":0,"53":0,"54":0,"55":0,"56":0,"57":0,"58":0,"59":0,"60":0,"61":0,"62":0,"63":0,"64":0,"65":0,"66":0,"67":0,"68":0,"69":0,"70":0,"71":0,"72":0,"73":0,"74":0,"75":0,"76":0,"77":0,"78":0,"79":0,"80":0,"81":0,"82":0,"83":0},"f":{"0":0,"1":0,"2":0,"3":0,"4":0,"5":0,"6":0,"7":0,"8":0,"9":0,"10":0,"11":0,"12":0,"13":0,"14":0,"15":0,"16":0,"17":0,"18":0,"19":0,"20":0,"21":0},"b":{"0":[0,0],"1":[0,0],"2":[0,0],"3":[0,0],"4":[0,0],"5":[0,0],"6":[0,0],"7":[0,0],"8":[0,0],"9":[0,0],"10":[0],"11":[0],"12":[0],"13":[0,0],"14":[0,0],"15":[0,0],"16":[0],"17":[0],"18":[0,0],"19":[0]}}
,"/Users/stephen/Documents/PythonPro/scoremanage/CascadeProjects/scoreAIManage/components/GradeManager.tsx": {"path":"/Users/stephen/Documents/PythonPro/scoremanage/CascadeProjects/scoreAIManage/components/GradeManager.tsx","statementMap":{"0":{"start":{"line":41,"column":24},"end":{"line":41,"column":37}},"1":{"start":{"line":3,"column":36},"end":{"line":3,"column":null}},"2":{"start":{"line":4,"column":26},"end":{"line":4,"column":null}},"3":{"start":{"line":5,"column":36},"end":{"line":5,"column":null}},"4":{"start":{"line":42,"column":30},"end":{"line":42,"column":null}},"5":{"start":{"line":43,"column":34},"end":{"line":43,"column":null}},"6":{"start":{"line":44,"column":34},"end":{"line":44,"column":null}},"7":{"start":{"line":45,"column":28},"end":{"line":45,"column":null}},"8":{"start":{"line":46,"column":34},"end":{"line":53,"column":null}},"9":{"start":{"line":54,"column":42},"end":{"line":54,"column":null}},"10":{"start":{"line":55,"column":32},"end":{"line":55,"column":null}},"11":{"start":{"line":56,"column":38},"end":{"line":56,"column":null}},"12":{"start":{"line":57,"column":28},"end":{"line":57,"column":null}},"13":{"start":{"line":58,"column":32},"end":{"line":58,"column":null}},"14":{"start":{"line":59,"column":38},"end":{"line":59,"column":null}},"15":{"start":{"line":60,"column":36},"end":{"line":60,"column":null}},"16":{"start":{"line":61,"column":35},"end":{"line":61,"column":null}},"17":{"start":{"line":62,"column":44},"end":{"line":62,"column":null}},"18":{"start":{"line":63,"column":42},"end":{"line":63,"column":null}},"19":{"start":{"line":64,"column":48},"end":{"line":64,"column":null}},"20":{"start":{"line":65,"column":38},"end":{"line":65,"column":null}},"21":{"start":{"line":66,"column":42},"end":{"line":66,"column":null}},"22":{"start":{"line":67,"column":32},"end":{"line":67,"column":null}},"23":{"start":{"line":69,"column":24},"end":{"line":82,"column":null}},"24":{"start":{"line":70,"column":4},"end":{"line":81,"column":null}},"25":{"start":{"line":71,"column":23},"end":{"line":71,"column":null}},"26":{"start":{"line":71,"column":56},"end":{"line":71,"column":null}},"27":{"start":{"line":72,"column":6},"end":{"line":77,"column":null}},"28":{"start":{"line":73,"column":8},"end":{"line":73,"column":null}},"29":{"start":{"line":74,"column":8},"end":{"line":76,"column":null}},"30":{"start":{"line":75,"column":10},"end":{"line":75,"column":null}},"31":{"start":{"line":79,"column":6},"end":{"line":79,"column":null}},"32":{"start":{"line":80,"column":6},"end":{"line":80,"column":null}},"33":{"start":{"line":84,"column":21},"end":{"line":97,"column":null}},"34":{"start":{"line":85,"column":4},"end":{"line":96,"column":null}},"35":{"start":{"line":86,"column":23},"end":{"line":86,"column":null}},"36":{"start":{"line":86,"column":56},"end":{"line":86,"column":null}},"37":{"start":{"line":87,"column":6},"end":{"line":92,"column":null}},"38":{"start":{"line":88,"column":8},"end":{"line":88,"column":null}},"39":{"start":{"line":89,"column":8},"end":{"line":91,"column":null}},"40":{"start":{"line":90,"column":10},"end":{"line":90,"column":null}},"41":{"start":{"line":94,"column":6},"end":{"line":94,"column":null}},"42":{"start":{"line":95,"column":6},"end":{"line":95,"column":null}},"43":{"start":{"line":99,"column":23},"end":{"line":110,"column":null}},"44":{"start":{"line":100,"column":4},"end":{"line":109,"column":null}},"45":{"start":{"line":101,"column":23},"end":{"line":101,"column":null}},"46":{"start":{"line":102,"column":19},"end":{"line":102,"column":null}},"47":{"start":{"line":103,"column":6},"end":{"line":103,"column":null}},"48":{"start":{"line":104,"column":6},"end":{"line":106,"column":null}},"49":{"start":{"line":105,"column":8},"end":{"line":105,"column":null}},"50":{"start":{"line":108,"column":6},"end":{"line":108,"column":null}},"51":{"start":{"line":112,"column":24},"end":{"line":125,"column":null}},"52":{"start":{"line":113,"column":4},"end":{"line":113,"column":null}},"53":{"start":{"line":113,"column":24},"end":{"line":113,"column":null}},"54":{"start":{"line":115,"column":4},"end":{"line":124,"column":null}},"55":{"start":{"line":116,"column":23},"end":{"line":116,"column":null}},"56":{"start":{"line":117,"column":19},"end":{"line":117,"column":null}},"57":{"start":{"line":118,"column":6},"end":{"line":118,"column":null}},"58":{"start":{"line":119,"column":6},"end":{"line":119,"column":null}},"59":{"start":{"line":121,"column":6},"end":{"line":121,"column":null}},"60":{"start":{"line":123,"column":6},"end":{"line":123,"column":null}},"61":{"start":{"line":127,"column":30},"end":{"line":142,"column":null}},"62":{"start":{"line":128,"column":4},"end":{"line":128,"column":null}},"63":{"start":{"line":128,"column":43},"end":{"line":128,"column":null}},"64":{"start":{"line":130,"column":4},"end":{"line":141,"column":null}},"65":{"start":{"line":131,"column":23},"end":{"line":131,"column":null}},"66":{"start":{"line":132,"column":19},"end":{"line":132,"column":null}},"67":{"start":{"line":134,"column":54},"end":{"line":134,"column":null}},"68":{"start":{"line":135,"column":6},"end":{"line":137,"column":null}},"69":{"start":{"line":136,"column":8},"end":{"line":136,"column":null}},"70":{"start":{"line":138,"column":6},"end":{"line":138,"column":null}},"71":{"start":{"line":140,"column":6},"end":{"line":140,"column":null}},"72":{"start":{"line":144,"column":2},"end":{"line":148,"column":null}},"73":{"start":{"line":145,"column":4},"end":{"line":145,"column":null}},"74":{"start":{"line":146,"column":4},"end":{"line":146,"column":null}},"75":{"start":{"line":147,"column":4},"end":{"line":147,"column":null}},"76":{"start":{"line":150,"column":2},"end":{"line":154,"column":null}},"77":{"start":{"line":151,"column":4},"end":{"line":153,"column":null}},"78":{"start":{"line":152,"column":6},"end":{"line":152,"column":null}},"79":{"start":{"line":156,"column":2},"end":{"line":160,"column":null}},"80":{"start":{"line":157,"column":4},"end":{"line":159,"column":null}},"81":{"start":{"line":158,"column":6},"end":{"line":158,"column":null}},"82":{"start":{"line":162,"column":28},"end":{"line":167,"column":null}},"83":{"start":{"line":163,"column":4},"end":{"line":166,"column":null}},"84":{"start":{"line":163,"column":23},"end":{"line":166,"column":null}},"85":{"start":{"line":169,"column":23},"end":{"line":199,"column":null}},"86":{"start":{"line":170,"column":4},"end":{"line":170,"column":null}},"87":{"start":{"line":171,"column":4},"end":{"line":198,"column":null}},"88":{"start":{"line":172,"column":24},"end":{"line":177,"column":null}},"89":{"start":{"line":172,"column":76},"end":{"line":177,"column":null}},"90":{"start":{"line":179,"column":23},"end":{"line":185,"column":null}},"91":{"start":{"line":187,"column":6},"end":{"line":192,"column":null}},"92":{"start":{"line":188,"column":8},"end":{"line":188,"column":null}},"93":{"start":{"line":189,"column":8},"end":{"line":189,"column":null}},"94":{"start":{"line":191,"column":8},"end":{"line":191,"column":null}},"95":{"start":{"line":194,"column":6},"end":{"line":194,"column":null}},"96":{"start":{"line":195,"column":6},"end":{"line":195,"column":null}},"97":{"start":{"line":197,"column":6},"end":{"line":197,"column":null}},"98":{"start":{"line":201,"column":28},"end":{"line":203,"column":null}},"99":{"start":{"line":202,"column":4},"end":{"line":202,"column":null}},"100":{"start":{"line":202,"column":30},"end":{"line":202,"column":null}},"101":{"start":{"line":205,"column":25},"end":{"line":207,"column":null}},"102":{"start":{"line":206,"column":4},"end":{"line":206,"column":null}},"103":{"start":{"line":206,"column":27},"end":{"line":206,"column":null}},"104":{"start":{"line":209,"column":2},"end":{"line":215,"column":null}},"105":{"start":{"line":217,"column":25},"end":{"line":217,"column":null}},"106":{"start":{"line":218,"column":22},"end":{"line":218,"column":null}},"107":{"start":{"line":240,"column":29},"end":{"line":240,"column":null}},"108":{"start":{"line":246,"column":14},"end":{"line":246,"column":41}},"109":{"start":{"line":258,"column":29},"end":{"line":258,"column":null}},"110":{"start":{"line":264,"column":14},"end":{"line":264,"column":41}},"111":{"start":{"line":276,"column":29},"end":{"line":276,"column":null}},"112":{"start":{"line":282,"column":14},"end":{"line":282,"column":47}},"113":{"start":{"line":303,"column":14},"end":{"line":303,"column":44}},"114":{"start":{"line":319,"column":37},"end":{"line":319,"column":null}},"115":{"start":{"line":352,"column":18},"end":{"line":352,"column":47}},"116":{"start":{"line":372,"column":41},"end":{"line":372,"column":null}}},"fnMap":{"0":{"name":"GradeManager","decl":{"start":{"line":41,"column":24},"end":{"line":41,"column":37}},"loc":{"start":{"line":41,"column":72},"end":{"line":398,"column":null}}},"1":{"name":"(anonymous_2)","decl":{"start":{"line":69,"column":24},"end":{"line":69,"column":null}},"loc":{"start":{"line":69,"column":24},"end":{"line":82,"column":null}}},"2":{"name":"(anonymous_3)","decl":{"start":{"line":71,"column":50},"end":{"line":71,"column":56}},"loc":{"start":{"line":71,"column":56},"end":{"line":71,"column":null}}},"3":{"name":"(anonymous_4)","decl":{"start":{"line":84,"column":21},"end":{"line":84,"column":null}},"loc":{"start":{"line":84,"column":21},"end":{"line":97,"column":null}}},"4":{"name":"(anonymous_5)","decl":{"start":{"line":86,"column":50},"end":{"line":86,"column":56}},"loc":{"start":{"line":86,"column":56},"end":{"line":86,"column":null}}},"5":{"name":"(anonymous_6)","decl":{"start":{"line":99,"column":23},"end":{"line":99,"column":null}},"loc":{"start":{"line":99,"column":23},"end":{"line":110,"column":null}}},"6":{"name":"(anonymous_7)","decl":{"start":{"line":112,"column":24},"end":{"line":112,"column":null}},"loc":{"start":{"line":112,"column":24},"end":{"line":125,"column":null}}},"7":{"name":"(anonymous_8)","decl":{"start":{"line":127,"column":30},"end":{"line":127,"column":null}},"loc":{"start":{"line":127,"column":30},"end":{"line":142,"column":null}}},"8":{"name":"(anonymous_9)","decl":{"start":{"line":135,"column":19},"end":{"line":135,"column":20}},"loc":{"start":{"line":135,"column":20},"end":{"line":137,"column":null}}},"9":{"name":"(anonymous_10)","decl":{"start":{"line":144,"column":12},"end":{"line":144,"column":null}},"loc":{"start":{"line":144,"column":12},"end":{"line":148,"column":5}}},"10":{"name":"(anonymous_11)","decl":{"start":{"line":150,"column":12},"end":{"line":150,"column":null}},"loc":{"start":{"line":150,"column":12},"end":{"line":154,"column":5}}},"11":{"name":"(anonymous_12)","decl":{"start":{"line":156,"column":12},"end":{"line":156,"column":null}},"loc":{"start":{"line":156,"column":12},"end":{"line":160,"column":5}}},"12":{"name":"(anonymous_13)","decl":{"start":{"line":162,"column":28},"end":{"line":162,"column":29}},"loc":{"start":{"line":162,"column":48},"end":{"line":167,"column":null}}},"13":{"name":"(anonymous_14)","decl":{"start":{"line":163,"column":14},"end":{"line":163,"column":23}},"loc":{"start":{"line":163,"column":23},"end":{"line":166,"column":null}}},"14":{"name":"(anonymous_15)","decl":{"start":{"line":169,"column":23},"end":{"line":169,"column":null}},"loc":{"start":{"line":169,"column":23},"end":{"line":199,"column":null}}},"15":{"name":"(anonymous_16)","decl":{"start":{"line":172,"column":51},"end":{"line":172,"column":52}},"loc":{"start":{"line":172,"column":76},"end":{"line":177,"column":null}}},"16":{"name":"(anonymous_17)","decl":{"start":{"line":201,"column":28},"end":{"line":201,"column":null}},"loc":{"start":{"line":201,"column":28},"end":{"line":203,"column":null}}},"17":{"name":"(anonymous_18)","decl":{"start":{"line":202,"column":25},"end":{"line":202,"column":30}},"loc":{"start":{"line":202,"column":30},"end":{"line":202,"column":null}}},"18":{"name":"(anonymous_19)","decl":{"start":{"line":205,"column":25},"end":{"line":205,"column":null}},"loc":{"start":{"line":205,"column":25},"end":{"line":207,"column":null}}},"19":{"name":"(anonymous_20)","decl":{"start":{"line":206,"column":22},"end":{"line":206,"column":27}},"loc":{"start":{"line":206,"column":27},"end":{"line":206,"column":null}}},"20":{"name":"(anonymous_21)","decl":{"start":{"line":240,"column":22},"end":{"line":240,"column":23}},"loc":{"start":{"line":240,"column":29},"end":{"line":240,"column":null}}},"21":{"name":"(anonymous_22)","decl":{"start":{"line":245,"column":25},"end":{"line":245,"column":26}},"loc":{"start":{"line":246,"column":14},"end":{"line":246,"column":41}}},"22":{"name":"(anonymous_23)","decl":{"start":{"line":258,"column":22},"end":{"line":258,"column":23}},"loc":{"start":{"line":258,"column":29},"end":{"line":258,"column":null}}},"23":{"name":"(anonym
[...]
:95,"column":4},"end":{"line":95,"column":null}},"47":{"start":{"line":98,"column":2},"end":{"line":102,"column":null}},"48":{"start":{"line":107,"column":27},"end":{"line":107,"column":29}},"49":{"start":{"line":108,"column":19},"end":{"line":108,"column":null}},"50":{"start":{"line":110,"column":2},"end":{"line":112,"column":null}},"51":{"start":{"line":111,"column":4},"end":{"line":111,"column":null}},"52":{"start":{"line":114,"column":2},"end":{"line":118,"column":null}},"53":{"start":{"line":123,"column":27},"end":{"line":123,"column":29}},"54":{"start":{"line":124,"column":19},"end":{"line":124,"column":null}},"55":{"start":{"line":126,"column":2},"end":{"line":128,"column":null}},"56":{"start":{"line":127,"column":4},"end":{"line":127,"column":null}},"57":{"start":{"line":130,"column":2},"end":{"line":134,"column":null}},"58":{"start":{"line":139,"column":27},"end":{"line":139,"column":29}},"59":{"start":{"line":140,"column":18},"end":{"line":140,"column":null}},"60":{"start":{"line":142,"column":2},"end":{"line":144,"column":null}},"61":{"start":{"line":143,"column":4},"end":{"line":143,"column":null}},"62":{"start":{"line":146,"column":2},"end":{"line":150,"column":null}},"63":{"start":{"line":155,"column":27},"end":{"line":155,"column":29}},"64":{"start":{"line":156,"column":20},"end":{"line":156,"column":null}},"65":{"start":{"line":158,"column":2},"end":{"line":162,"column":null}},"66":{"start":{"line":159,"column":4},"end":{"line":159,"column":null}},"67":{"start":{"line":160,"column":9},"end":{"line":162,"column":null}},"68":{"start":{"line":161,"column":4},"end":{"line":161,"column":null}},"69":{"start":{"line":164,"column":2},"end":{"line":168,"column":null}},"70":{"start":{"line":173,"column":27},"end":{"line":173,"column":29}},"71":{"start":{"line":174,"column":20},"end":{"line":174,"column":null}},"72":{"start":{"line":176,"column":2},"end":{"line":181,"column":null}},"73":{"start":{"line":177,"column":20},"end":{"line":177,"column":null}},"74":{"start":{"line":178,"column":4},"end":{"line":180,"column":null}},"75":{"start":{"line":179,"column":6},"end":{"line":179,"column":null}},"76":{"start":{"line":183,"column":2},"end":{"line":187,"column":null}},"77":{"start":{"line":192,"column":27},"end":{"line":192,"column":29}},"78":{"start":{"line":193,"column":20},"end":{"line":193,"column":null}},"79":{"start":{"line":195,"column":2},"end":{"line":197,"column":null}},"80":{"start":{"line":196,"column":4},"end":{"line":196,"column":null}},"81":{"start":{"line":199,"column":2},"end":{"line":203,"column":null}},"82":{"start":{"line":208,"column":30},"end":{"line":208,"column":32}},"83":{"start":{"line":209,"column":25},"end":{"line":209,"column":null}},"84":{"start":{"line":212,"column":30},"end":{"line":212,"column":null}},"85":{"start":{"line":213,"column":2},"end":{"line":217,"column":null}},"86":{"start":{"line":214,"column":4},"end":{"line":214,"column":null}},"87":{"start":{"line":216,"column":4},"end":{"line":216,"column":null}},"88":{"start":{"line":219,"column":21},"end":{"line":219,"column":null}},"89":{"start":{"line":220,"column":2},"end":{"line":224,"column":null}},"90":{"start":{"line":221,"column":4},"end":{"line":221,"column":null}},"91":{"start":{"line":223,"column":4},"end":{"line":223,"column":null}},"92":{"start":{"line":226,"column":22},"end":{"line":226,"column":null}},"93":{"start":{"line":227,"column":2},"end":{"line":231,"column":null}},"94":{"start":{"line":228,"column":4},"end":{"line":228,"column":null}},"95":{"start":{"line":230,"column":4},"end":{"line":230,"column":null}},"96":{"start":{"line":233,"column":21},"end":{"line":233,"column":null}},"97":{"start":{"line":234,"column":2},"end":{"line":238,"column":null}},"98":{"start":{"line":235,"column":4},"end":{"line":235,"column":null}},"99":{"start":{"line":237,"column":4},"end":{"line":237,"column":null}},"100":{"start":{"line":240,"column":23},"end":{"line":240,"column":null}},"101":{"start":{"line":241,"column":2},"end":{"line":245,"column":null}},"102":{"start":{"line":242,"column":4},"end":{"line":242,"column":null}},"103":{"start":{"line":244,"column":4},"end":{"line":244,"column":null}},"104":{"start":{"line":247,"column":27},"end":{"line":247,"column":null}},"105":{"start":{"line":248,"column":2},"end":{"line":252,"column":null}},"106":{"start":{"line":249,"column":4},"end":{"line":249,"column":null}},"107":{"start":{"line":251,"column":4},"end":{"line":251,"column":null}},"108":{"start":{"line":255,"column":22},"end":{"line":255,"column":null}},"109":{"start":{"line":256,"column":2},"end":{"line":260,"column":null}},"110":{"start":{"line":257,"column":4},"end":{"line":257,"column":null}},"111":{"start":{"line":259,"column":4},"end":{"line":259,"column":null}},"112":{"start":{"line":262,"column":22},"end":{"line":262,"column":null}},"113":{"start":{"line":263,"column":2},"end":{"line":267,"column":null}},"114":{"start":{"line":264,"column":4},"end":{"line":264,"column":null}},"115":{"start":{"line":266,"column":4},"end":{"line":266,"column":null}},"116":{"start":{"line":269,"column":2},"end":{"line":269,"column":null}},"117":{"start":{"line":270,"column":2},"end":{"line":270,"column":null}},"118":{"start":{"line":272,"column":2},"end":{"line":276,"column":null}},"119":{"start":{"line":281,"column":30},"end":{"line":281,"column":32}},"120":{"start":{"line":282,"column":25},"end":{"line":282,"column":null}},"121":{"start":{"line":284,"column":21},"end":{"line":284,"column":null}},"122":{"start":{"line":285,"column":2},"end":{"line":289,"column":null}},"123":{"start":{"line":286,"column":4},"end":{"line":286,"column":null}},"124":{"start":{"line":288,"column":4},"end":{"line":288,"column":null}},"125":{"start":{"line":291,"column":22},"end":{"line":291,"column":null}},"126":{"start":{"line":292,"column":2},"end":{"line":296,"column":null}},"127":{"start":{"line":293,"column":4},"end":{"line":293,"column":null}},"128":{"start":{"line":295,"column":4},"end":{"line":295,"column":null}},"129":{"start":{"line":298,"column":21},"end":{"line":298,"column":null}},"130":{"start":{"line":299,"column":2},"end":{"line":303,"column":null}},"131":{"start":{"line":300,"column":4},"end":{"line":300,"column":null}},"132":{"start":{"line":302,"column":4},"end":{"line":302,"column":null}},"133":{"start":{"line":305,"column":2},"end":{"line":305,"column":null}},"134":{"start":{"line":307,"column":2},"end":{"line":311,"column":null}}},"fnMap":{"0":{"name":"sanitizeString","decl":{"start":{"line":10,"column":16},"end":{"line":10,"column":30}},"loc":{"start":{"line":10,"column":69},"end":{"line":17,"column":null}}},"1":{"name":"validateString","decl":{"start":{"line":20,"column":16},"end":{"line":20,"column":30}},"loc":{"start":{"line":20,"column":69},"end":{"line":33,"column":null}}},"2":{"name":"validateChineseName","decl":{"start":{"line":36,"column":16},"end":{"line":36,"column":35}},"loc":{"start":{"line":36,"column":48},"end":{"line":51,"column":null}}},"3":{"name":"validateStudentNumber","decl":{"start":{"line":54,"column":16},"end":{"line":54,"column":37}},"loc":{"start":{"line":54,"column":52},"end":{"line":69,"column":null}}},"4":{"name":"validatePhoneNumber","decl":{"start":{"line":72,"column":16},"end":{"line":72,"column":35}},"loc":{"start":{"line":72,"column":49},"end":{"line":85,"column":null}}},"5":{"name":"validateClassName","decl":{"start":{"line":88,"column":16},"end":{"line":88,"column":33}},"loc":{"start":{"line":88,"column":46},"end":{"line":103,"column":null}}},"6":{"name":"validateScore","decl":{"start":{"line":106,"column":16},"end":{"line":106,"column":29}},"loc":{"start":{"line":106,"column":76},"end":{"line":119,"column":null}}},"7":{"name":"validateGradeLevel","decl":{"start":{"line":122,"column":16},"end":{"line":122,"column":34}},"loc":{"start":{"line":122,"column":57},"end":{"line":135,"column":null}}},"8":{"name":"validateSeatNumber","decl":{"start":{"line":138,"column":16},"end":{"line":138,"column":34}},"loc":{"start":{"line":138,"column":56},"end":{"line":151,"column":null}}},"9":{"name":"validateAcademicYear","decl":{"start":{"line":154,"column":16},"end":{"line":154,"column":36}},"loc":{"start":{"line":154,"column":49},"end":{"line":169,"column":null}}},"10":{"name":"validateDate","decl":{"start":{"line":172,"column":16},"end":{"line":172,"column":28}},"loc":{"start":{"line":172,"column":41},"end":{"line":188,"column":null}}},"11":{"name":"validateGender","decl":{"start":{"line":191,"column":16},"end":{"line":191,"column":30}},"loc":{"start":{"line":191,"column":45},"end":{"line":204,"column":null}}},"12":{"name":"validateStudentData","decl":{"start":{"line":207,"column":16},"end":{"line":207,"column":35}},"loc":{"start":{"line":207,"column":45},"end":{"line":277,"column":null}}},"13":{"name":"validateClassData","decl":{"start":{"line":280,"column":16},"end":{"line":280,"column":33}},"loc":{"start":{"line":280,"column":43},"end":{"line":312,"column":null}}}},"branchMap":{"0":{"loc":{"start":{"line":10,"column":46},"end":{"line":10,"column":69}},"type":"default-arg","locations":[{"start":{"line":10,"column":66},"end":{"line":10,"column":69}}]},"1":{"loc":{"start":{"line":11,"column":2},"end":{"line":11,"column":null}},"type":"if","locations":[{"start":{"line":11,"column":2},"end":{"line":11,"column":null}},{"start":{},"end":{}}]},"2":{"loc":{"start":{"line":20,"column":46},"end":{"line":20,"column":69}},"type":"default-arg","locations":[{"start":{"line":20,"column":66},"end":{"line":20,"column":69}}]},"3":{"loc":{"start":{"line":24,"column":2},"end":{"line":26,"column":null}},"type":"if","locations":[{"start":{"line":24,"column":2},"end":{"line":26,"column":null}},{"start":{},"end":{}}]},"4":{"loc":{"start":{"line":40,"column":2},"end":{"line":44,"column":null}},"type":"if","locations":[{"start":{"line":40,"column":2},"end":{"line":44,"column":null}},{"start":{"line":42,"column":9},"end":{"line":44,"column":null}}]},"5":{"loc":{"start":{"line":42,"column":9},"end":{"line":44,"column":null}},"type":"if","locations":[{"start":{"line":42,"column":9},"end":{"line":44,"column":null}},{"start":{},"end":{}}]},"6":{"loc":{"start":{"line":58,"column":2},"end":{"line":62,"column":null}},"type":"if","locations":[{"start":{"line":58,"column":2},"end":{"line":62,"column":null}},{"start":{"line":60,"column":9},"end":{"line":62,"column":null}}]},"7":{"loc":{"start":{"line":60,"column":9},"end":{"line":62,"column":null}},"type":"if","locations":[{"start":{"line":60,"column":9},"end":{"line":62,"column":null}},{"start":{},"end":{}}]},"8":{"loc":{"start":{"line":76,"column":2},"end":{"line":78,"column":null}},"type":"if","locations":[{"start":{"line":76,"column":2},"end":{"line":78,"column":null}},{"start":{},"end":{}}]},"9":{"loc":{"start":{"line":76,"column":6},"end":{"line":76,"column":56}},"type":"binary-expr","locations":[{"start":{"line":76,"column":6},"end":{"line":76,"column":19}},{"start":{"line":76,"column":19},"end":{"line":76,"column":56}}]},"10":{"loc":{"start":{"line":83,"column":15},"end":{"line":83,"column":null}},"type":"binary-expr","locations":[{"start":{"line":83,"column":15},"end":{"line":83,"column":28}},{"start":{"line":83,"column":28},"end":{"line":83,"column":null}}]},"11":{"loc":{"start":{"line":92,"column":2},"end":{"line":96,"column":null}},"type":"if","locations":[{"start":{"line":92,"column":2},"end":{"line":96,"column":null}},{"start":{"line":94,"column":9},"end":{"line":96,"column":null}}]},"12":{"loc":{"start":{"line":94,"column":9},"end":{"line":96,"column":null}},"type":"if","locations":[{"start":{"line":94,"column":9},"end":{"line":96,"column":null}},{"start":{},"end":{}}]},"13":{"loc":{"start":{"line":106,"column":54},"end":{"line":106,"column":76}},"type":"default-arg","locations":[{"start":{"line":106,"column":73},"end":{"line":106,"column":76}}]},"14":{"loc":{"start":{"line":108,"column":19},"end":{"line":108,"column":null}},"type":"cond-expr","locations":[{"start":{"line":108,"column":47},"end":{"line":108,"column":67}},{"start":{"line":108,"column":67},"end":{"line":108,"column":null}}]},"15":{"loc":{"start":{"line":110,"column":2},"end":{"line":112,"column":null}},"type":"if","locations":[{"start":{"line":110,"column":2},"end":{"line":112,"column":null}},{"start":{},"end":{}}]},"16":{"loc":{"start":{"line":110,"column":6},"end":{"line":110,"column":62}},"type":"binary-expr","locations":[{"start":{"line":110,"column":6},"end":{"line":110,"column":25}},{"start":{"line":110,"column":25},"end":{"line":110,"column":41}},{"start":{"line":110,"column":41},"end":{"line":110,"column":62}}]},"17":{"loc":{"start":{"line":124,"column":19},"end":{"line":124,"column":null}},"type":"cond-expr","locations":[{"start":{"line":124,"column":47},"end":{"line":124,"column":65}},{"start":{"line":124,"column":65},"end":{"line":124,"column":null}}]},"18":{"loc":{"start":{"line":126,"column":2},"end":{"line":128,"column":null}},"type":"if","locations":[{"start":{"line":126,"column":2},"end":{"line":128,"column":null}},{"start":{},"end":{}}]},"19":{"loc":{"start":{"line":126,"column":6},"end":{"line":126,"column":56}},"type":"binary-expr","locations":[{"start":{"line":126,"column":6},"end":{"line":126,"column":25}},{"start":{"line":126,"column":25},"end":{"line":126,"column":41}},{"start":{"line":126,"column":41},"end":{"line":126,"column":56}}]},"20":{"loc":{"start":{"line":140,"column":18},"end":{"line":140,"column":null}},"type":"cond-expr","locations":[{"start":{"line":140,"column":45},"end":{"line":140,"column":62}},{"start":{"line":140,"column":62},"end":{"line":140,"column":null}}]},"21":{"loc":{"start":{"line":142,"column":2},"end":{"line":144,"column":null}},"type":"if","locations":[{"start":{"line":142,"column":2},"end":{"line":144,"column":null}},{"start":{},"end":{}}]},"22":{"loc":{"start":{"line":142,"column":6},"end":{"line":142,"column":53}},"type":"binary-expr","locations":[{"start":{"line":142,"column":6},"end":{"line":142,"column":24}},{"start":{"line":142,"column":24},"end":{"line":142,"column":39}},{"start":{"line":142,"column":39},"end":{"line":142,"column":53}}]},"23":{"loc":{"start":{"line":158,"column":2},"end":{"line":162,"column":null}},"type":"if","locations":[{"start":{"line":158,"column":2},"end":{"line":162,"column":null}},{"start":{"line":160,"column":9},"end":{"line":162,"column":null}}]},"24":{"loc":{"start":{"line":160,"column":9},"end":{"line":162,"column":null}},"type":"if","locations":[{"start":{"line":160,"column":9},"end":{"line":162,"column":null}},{"start":{},"end":{}}]},"25":{"loc":{"start":{"line":176,"column":2},"end":{"line":181,"column":null}},"type":"if","locations":[{"start":{"line":176,"column":2},"end":{"line":181,"column":null}},{"start":{},"end":{}}]},"26":{"loc":{"start":{"line":178,"column":4},"end":{"line":180,"column":null}},"type":"if","locations":[{"start":{"line":178,"column":4},"end":{"line":180,"column":null}},{"start":{},"end":{}}]},"27":{"loc":{"start":{"line":186,"column":15},"end":{"line":186,"column":null}},"type":"binary-expr","locations":[{"start":{"line":186,"column":15},"end":{"line":186,"column":28}},{"start":{"line":186,"column":28},"end":{"line":186,"column":null}}]},"28":{"loc":{"start":{"line":195,"column":2},"end":{"line":197,"column":null}},"type":"if","locations":[{"start":{"line":195,"column":2},"end":{"line":197,"column":null}},{"start":{},"end":{}}]},"29":{"loc":{"start":{"line":195,"column":6},"end":{"line":195,"column":60}},"type":"binary-expr","locations":[{"start":{"line":195,"column":6},"end":{"line":195,"column":19}},{"start":{"line":195,"column":19},"end":{"line":195,"column":60}}]},"30":{"loc":{"start":{"line":202,"column":15},"end":{"line":202,"column":null}},"type":"binary-expr","locations":[{"start":{"line":202,"column":15},"end":{"line":202,"column":28}},{"start":{"line":202,"column":28},"end":{"line":202,"column":null}}]},"31":{"loc":{"start":{"line":213,"column":2},"end":{"line":217,"column":null}},"type":"if","locations":[{"start":{"line":213,"column":2},"end":{"line":217,"column":null}},{"start":{"line":215,"column":9},"end":{"line":217,"column":null}}]},"32":{"loc":{"start":{"line":220,"column":2},"end":{"line":224,"column":null}},"type":"if","locations":[{"start":{"line":220,"column":2},"end":{"line":224,"column":null}},{"start":{"line":222,"column":9},"end":{"line":224,"column":null}}]},"33":{"loc":{"start":{"line":227,"column":2},"end":{"line":231,"column":null}},"type":"if","locations":[{"start":{"line":227,"column":2},"end":{"line":231,"column":null}},{"start":{"line":229,"column":9},"end":{"line":231,"column":null}}]},"34":{"loc":{"start":{"line":234,"column":2},"end":{"line":238,"column":null}},"type":"if","locations":[{"start":{"line":234,"column":2},"end":{"line":238,"column":null}},{"start":{"line":236,"column":9},"end":{"line":238,"column":null}}]},"35":{"loc":{"start":{"line":241,"column":2},"end":{"line":245,"column":null}},"type":"if","locations":[{"start":{"line":241,"column":2},"end":{"line":245,"column":null}},{"start":{"line":243,"column":9},"end":{"line":245,"column":null}}]},"36":{"loc":{"start":{"line":248,"column":2},"end":{"line":252,"column":null}},"type":"if","locations":[{"start":{"line":248,"column":2},"end":{"line":252,"column":null}},{"start":{"line":250,"column":9},"end":{"line":252,"column":null}}]},"37":{"loc":{"start":{"line":256,"column":2},"end":{"line":260,"column":null}},"type":"if","locations":[{"start":{"line":256,"column":2},"end":{"line":260,"column":null}},{"start":{"line":258,"column":9},"end":{"line":260,"column":null}}]},"38":{"loc":{"start":{"line":263,"column":2},"end":{"line":267,"column":null}},"type":"if","locations":[{"start":{"line":263,"column":2},"end":{"line":267,"column":null}},{"start":{"line":265,"column":9},"end":{"line":267,"column":null}}]},"39":{"loc":{"start":{"line":285,"column":2},"end":{"line":289,"column":null}},"type":"if","locations":[{"start":{"line":285,"column":2},"end":{"line":289,"column":null}},{"start":{"line":287,"column":9},"end":{"line":289,"column":null}}]},"40":{"loc":{"start":{"line":292,"column":2},"end":{"line":296,"column":null}},"type":"if","locations":[{"start":{"line":292,"column":2},"end":{"line":296,"column":null}},{"start":{"line":294,"column":9},"end":{"line":296,"column":null}}]},"41":{"loc":{"start":{"line":299,"column":2},"end":{"line":303,"column":null}},"type":"if","locations":[{"start":{"line":299,"column":2},"end":{"line":303,"column":null}},{"start":{"line":301,"column":9},"end":{"line":303,"column":null}}]}},"s":{"0":0,"1":0,"2":0,"3":0,"4":0,"5":0,"6":0,"7":0,"8":0,"9":0,"10":0,"11":0,"12":0,"13":0,"14":0,"15":0,"16":0,"17":0,"18":0,"19":0,"20":0,"21":0,"22":0,"23":0,"24":0,"25":0,"26":0,"27":0,"28":0,"29":0,"30":0,"31":0,"32":0,"33":0,"34":0,"35":0,"36":0,"37":0,"38":0,"39":0,"40":0,"41":0,"42":0,"43":0,"44":0,"45":0,"46":0,"47":0,"48":0,"49":0,"50":0,"51":0,"52":0,"53":0,"54":0,"55":0,"56":0,"57":0,"58":0,"59":0,"60":0,"61":0,"62":0,"63":0,"64":0,"65":0,"66":0,"67":0,"68":0,"69":0,"70":0,"71":0,"72":0,"73":0,"74":0,"75":0,"76":0,"77":0,"78":0,"79":0,"80":0,"81":0,"82":0,"83":0,"84":0,"85":0,"86":0,"87":0,"88":0,"89":0,"90":0,"91":0,"92":0,"93":0,"94":0,"95":0,"96":0,"97":0,"98":0,"99":0,"100":0,"101":0,"102":0,"103":0,"104":0,"105":0,"106":0,"107":0,"108":0,"109":0,"110":0,"111":0,"112":0,"113":0,"114":0,"115":0,"116":0,"117":0,"118":0,"119":0,"120":0,"121":0,"122":0,"123":0,"124":0,"125":0,"126":0,"127":0,"128":0,"129":0,"130":0,"131":0,"132":0,"133":0,"134":0},"f":{"0":0,"1":0,"2":0,"3":0,"4":0,"5":0,"6":0,"7":0,"8":0,"9":0,"10":0,"11":0,"12":0,"13":0},"b":{"0":[0],"1":[0,0],"2":[0],"3":[0,0],"4":[0,0],"5":[0,0],"6":[0,0],"7":[0,0],"8":[0,0],"9":[0,0],"10":[0,0],"11":[0,0],"12":[0,0],"13":[0],"14":[0,0],"15":[0,0],"16":[0,0,0],"17":[0,0],"18":[0,0],"19":[0,0,0],"20":[0,0],"21":[0,0],"22":[0,0,0],"23":[0,0],"24":[0,0],"25":[0,0],"26":[0,0],"27":[0,0],"28":[0,0],"29":[0,0],"30":[0,0],"31":[0,0],"32":[0,0],"33":[0,0],"34":[0,0],"35":[0,0],"36":[0,0],"37":[0,0],"38":[0,0],"39":[0,0],"40":[0,0],"41":[0,0]}}
}
