TN:
SF:app/api/auth/login/route.ts
FN:34,(anonymous_2)
FN:38,(anonymous_3)
FN:90,(anonymous_4)
FNF:3
FNH:0
FNDA:0,(anonymous_2)
FNDA:0,(anonymous_3)
FNDA:0,(anonymous_4)
DA:2,0
DA:3,0
DA:4,0
DA:5,0
DA:8,0
DA:33,0
DA:35,0
DA:38,0
DA:40,0
DA:41,0
DA:42,0
DA:46,0
DA:47,0
DA:48,0
DA:52,0
DA:60,0
DA:68,0
DA:75,0
DA:77,0
DA:91,0
DA:92,0
DA:94,0
DA:95,0
DA:96,0
DA:98,0
DA:101,0
DA:102,0
DA:103,0
DA:105,0
DA:108,0
LF:30
LH:0
BRDA:40,0,0,0
BRDA:40,0,1,0
BRDA:46,1,0,0
BRDA:46,1,1,0
BRDA:95,2,0,0
BRDA:95,2,1,0
BRDA:102,3,0,0
BRDA:102,3,1,0
BRF:8
BRH:0
end_of_record
TN:
SF:app/api/chat/route.ts
FN:3,POST
FNF:1
FNH:0
FNDA:0,POST
DA:1,0
DA:3,0
DA:4,0
DA:6,0
DA:8,0
LF:5
LH:0
BRF:0
BRH:0
end_of_record
TN:
SF:app/api/classes/route.ts
FN:12,(anonymous_4)
FN:29,(anonymous_5)
FNF:2
FNH:0
FNDA:0,(anonymous_4)
FNDA:0,(anonymous_5)
DA:2,0
DA:3,0
DA:4,0
DA:5,0
DA:6,0
DA:8,0
DA:11,0
DA:13,0
DA:15,0
DA:28,0
DA:30,0
DA:33,0
DA:41,0
LF:13
LH:0
BRF:0
BRH:0
end_of_record
TN:
SF:app/api/classes/[classId]/route.ts
FN:12,(anonymous_5)
FN:33,(anonymous_6)
FN:71,(anonymous_7)
FNF:3
FNH:0
FNDA:0,(anonymous_5)
FNDA:0,(anonymous_6)
FNDA:0,(anonymous_7)
DA:2,0
DA:3,0
DA:4,0
DA:5,0
DA:6,0
DA:8,0
DA:11,0
DA:13,0
DA:14,0
DA:16,0
DA:17,0
DA:20,0
DA:32,0
DA:34,0
DA:35,0
DA:37,0
DA:38,0
DA:41,0
DA:44,0
DA:56,0
DA:70,0
DA:72,0
DA:73,0
DA:75,0
DA:76,0
DA:79,0
DA:81,0
DA:82,0
DA:86,0
DA:94,0
LF:30
LH:0
BRDA:16,0,0,0
BRDA:16,0,1,0
BRDA:37,1,0,0
BRDA:37,1,1,0
BRDA:75,2,0,0
BRDA:75,2,1,0
BRDA:81,3,0,0
BRDA:81,3,1,0
BRF:8
BRH:0
end_of_record
TN:
SF:app/api/exams/route.ts
FN:10,(anonymous_2)
FNF:1
FNH:0
FNDA:0,(anonymous_2)
DA:2,0
DA:3,0
DA:4,0
DA:6,0
DA:9,0
DA:11,0
DA:13,0
LF:7
LH:0
BRF:0
BRH:0
end_of_record
TN:
SF:app/api/export/grades/route.ts
FN:11,(anonymous_2)
FN:32,(anonymous_3)
FN:33,(anonymous_4)
FN:34,(anonymous_5)
FN:35,(anonymous_6)
FN:38,(anonymous_7)
FN:78,(anonymous_8)
FNF:7
FNH:0
FNDA:0,(anonymous_2)
FNDA:0,(anonymous_3)
FNDA:0,(anonymous_4)
FNDA:0,(anonymous_5)
FNDA:0,(anonymous_6)
FNDA:0,(anonymous_7)
FNDA:0,(anonymous_8)
DA:2,0
DA:3,0
DA:4,0
DA:5,0
DA:7,0
DA:10,0
DA:12,0
DA:13,0
DA:14,0
DA:15,0
DA:18,0
DA:19,0
DA:20,0
DA:23,0
DA:32,0
DA:33,0
DA:34,0
DA:35,0
DA:38,0
DA:39,0
DA:40,0
DA:41,0
DA:42,0
DA:44,0
DA:57,0
DA:69,0
DA:71,0
DA:76,0
DA:78,0
DA:91,0
DA:93,0
DA:103,0
LF:32
LH:0
BRDA:13,0,0,0
BRDA:13,0,1,0
BRDA:19,1,0,0
BRDA:19,1,1,0
BRDA:20,2,0,0
BRDA:20,2,1,0
BRDA:42,3,0,0
BRDA:42,3,1,0
BRDA:46,4,0,0
BRDA:46,4,1,0
BRDA:47,5,0,0
BRDA:47,5,1,0
BRDA:48,6,0,0
BRDA:48,6,1,0
BRDA:49,7,0,0
BRDA:49,7,1,0
BRDA:50,8,0,0
BRDA:50,8,1,0
BRDA:51,9,0,0
BRDA:51,9,1,0
BRDA:52,10,0,0
BRDA:52,10,1,0
BRDA:69,11,0,0
BRDA:69,11,1,0
BRF:24
BRH:0
end_of_record
TN:
SF:app/api/grades/route.ts
FN:11,(anonymous_4)
FN:35,(anonymous_5)
FN:45,(anonymous_6)
FN:46,(anonymous_7)
FN:48,(anonymous_8)
FN:49,(anonymous_9)
FN:59,(anonymous_10)
FN:60,(anonymous_11)
FN:64,(anonymous_12)
FN:65,(anonymous_13)
FN:90,(anonymous_14)
FNF:11
FNH:0
FNDA:0,(anonymous_4)
FNDA:0,(anonymous_5)
FNDA:0,(anonymous_6)
FNDA:0,(anonymous_7)
FNDA:0,(anonymous_8)
FNDA:0,(anonymous_9)
FNDA:0,(anonymous_10)
FNDA:0,(anonymous_11)
FNDA:0,(anonymous_12)
FNDA:0,(anonymous_13)
FNDA:0,(anonymous_14)
DA:2,0
DA:3,0
DA:4,0
DA:5,0
DA:7,0
DA:10,0
DA:12,0
DA:13,0
DA:14,0
DA:15,0
DA:18,0
DA:19,0
DA:20,0
DA:21,0
DA:24,0
DA:25,0
DA:28,0
DA:31,0
DA:32,0
DA:35,0
DA:36,0
DA:37,0
DA:39,0
DA:43,0
DA:45,0
DA:46,0
DA:47,0
DA:48,0
DA:49,0
DA:51,0
DA:59,0
DA:60,0
DA:61,0
DA:64,0
DA:65,0
DA:66,0
DA:69,0
DA:76,0
DA:89,0
DA:91,0
DA:94,0
DA:102,0
LF:42
LH:0
BRDA:19,0,0,0
BRDA:19,0,1,0
BRDA:20,1,0,0
BRDA:20,1,1,0
BRDA:21,2,0,0
BRDA:21,2,1,0
BRDA:24,3,0,0
BRDA:24,3,1,0
BRDA:31,4,0,0
BRDA:31,4,1,0
BRDA:31,5,0,0
BRDA:31,5,1,0
BRDA:31,5,2,0
BRDA:36,6,0,0
BRDA:36,6,1,0
BRF:15
BRH:0
end_of_record
TN:
SF:app/api/grades/batch/route.ts
FN:11,(anonymous_2)
FN:25,(anonymous_3)
FN:39,(anonymous_4)
FN:45,(anonymous_5)
FNF:4
FNH:0
FNDA:0,(anonymous_2)
FNDA:0,(anonymous_3)
FNDA:0,(anonymous_4)
FNDA:0,(anonymous_5)
DA:2,0
DA:3,0
DA:4,0
DA:5,0
DA:7,0
DA:10,0
DA:12,0
DA:15,0
DA:18,0
DA:25,0
DA:29,0
DA:40,0
DA:42,0
DA:43,0
DA:45,0
DA:46,0
DA:47,0
DA:48,0
DA:49,0
DA:50,0
DA:55,0
LF:21
LH:0
BRDA:42,0,0,0
BRDA:42,0,1,0
BRDA:42,1,0,0
BRDA:42,1,1,0
BRDA:46,2,0,0
BRDA:46,2,1,0
BRDA:47,3,0,0
BRDA:47,3,1,0
BRDA:48,4,0,0
BRDA:48,4,1,0
BRDA:49,5,0,0
BRDA:49,5,1,0
BRDA:49,6,0,0
BRDA:49,6,1,0
BRDA:49,6,2,0
BRF:15
BRH:0
end_of_record
TN:
SF:app/api/security/dashboard/route.ts
FN:8,(anonymous_2)
FNF:1
FNH:0
FNDA:0,(anonymous_2)
DA:2,0
DA:3,0
DA:4,0
DA:7,0
DA:9,0
DA:10,0
DA:12,0
LF:7
LH:0
BRF:0
BRH:0
end_of_record
TN:
SF:app/api/statistics/subject/route.ts
FN:44,calculateStandardDeviation
FN:45,(anonymous_3)
FN:46,(anonymous_4)
FN:47,(anonymous_5)
FN:51,GET
FN:63,(anonymous_7)
FN:69,(anonymous_8)
FN:70,(anonymous_9)
FNF:8
FNH:0
FNDA:0,calculateStandardDeviation
FNDA:0,(anonymous_3)
FNDA:0,(anonymous_4)
FNDA:0,(anonymous_5)
FNDA:0,GET
FNDA:0,(anonymous_7)
FNDA:0,(anonymous_8)
FNDA:0,(anonymous_9)
DA:4,0
DA:17,0
DA:45,0
DA:46,0
DA:47,0
DA:48,0
DA:51,0
DA:52,0
DA:53,0
DA:55,0
DA:56,0
DA:59,0
DA:61,0
DA:63,0
DA:64,0
DA:67,0
DA:69,0
DA:70,0
DA:71,0
DA:72,0
DA:73,0
DA:75,0
DA:85,0
LF:23
LH:0
BRDA:55,0,0,0
BRDA:55,0,1,0
BRDA:64,1,0,0
BRDA:64,1,1,0
BRDA:67,2,0,0
BRDA:67,2,1,0
BRF:6
BRH:0
end_of_record
TN:
SF:app/api/statistics/top/route.ts
FN:48,GET
FN:61,(anonymous_3)
FN:68,(anonymous_4)
FN:72,(anonymous_5)
FN:73,(anonymous_6)
FN:85,(anonymous_7)
FN:88,(anonymous_8)
FNF:7
FNH:0
FNDA:0,GET
FNDA:0,(anonymous_3)
FNDA:0,(anonymous_4)
FNDA:0,(anonymous_5)
FNDA:0,(anonymous_6)
FNDA:0,(anonymous_7)
FNDA:0,(anonymous_8)
DA:4,0
DA:10,0
DA:48,0
DA:49,0
DA:50,0
DA:52,0
DA:53,0
DA:57,0
DA:59,0
DA:61,0
DA:62,0
DA:65,0
DA:68,0
DA:71,0
DA:72,0
DA:73,0
DA:75,0
DA:85,0
DA:88,0
DA:94,0
DA:96,0
LF:21
LH:0
BRDA:52,0,0,0
BRDA:52,0,1,0
BRDA:62,1,0,0
BRDA:62,1,1,0
BRDA:65,2,0,0
BRDA:65,2,1,0
BRF:6
BRH:0
end_of_record
TN:
SF:app/api/students/route.ts
FN:12,(anonymous_4)
FN:34,(anonymous_5)
FNF:2
FNH:0
FNDA:0,(anonymous_4)
FNDA:0,(anonymous_5)
DA:2,0
DA:3,0
DA:4,0
DA:5,0
DA:6,0
DA:8,0
DA:11,0
DA:13,0
DA:14,0
DA:16,0
DA:17,0
DA:19,0
DA:33,0
DA:35,0
DA:38,0
DA:46,0
LF:16
LH:0
BRDA:16,0,0,0
BRDA:16,0,1,0
BRF:2
BRH:0
end_of_record
TN:
SF:app/api/students/[studentId]/route.ts
FN:12,(anonymous_5)
FN:38,(anonymous_6)
FN:81,(anonymous_7)
FNF:3
FNH:0
FNDA:0,(anonymous_5)
FNDA:0,(anonymous_6)
FNDA:0,(anonymous_7)
DA:2,0
DA:3,0
DA:4,0
DA:5,0
DA:6,0
DA:8,0
DA:11,0
DA:13,0
DA:14,0
DA:16,0
DA:17,0
DA:21,0
DA:22,0
DA:25,0
DA:37,0
DA:39,0
DA:40,0
DA:42,0
DA:43,0
DA:47,0
DA:48,0
DA:51,0
DA:54,0
DA:66,0
DA:80,0
DA:82,0
DA:83,0
DA:85,0
DA:86,0
DA:89,0
DA:91,0
DA:92,0
DA:96,0
DA:104,0
LF:34
LH:0
BRDA:16,0,0,0
BRDA:16,0,1,0
BRDA:21,1,0,0
BRDA:21,1,1,0
BRDA:21,2,0,0
BRDA:21,2,1,0
BRDA:42,3,0,0
BRDA:42,3,1,0
BRDA:47,4,0,0
BRDA:47,4,1,0
BRDA:47,5,0,0
BRDA:47,5,1,0
BRDA:85,6,0,0
BRDA:85,6,1,0
BRDA:91,7,0,0
BRDA:91,7,1,0
BRF:16
BRH:0
end_of_record
TN:
SF:app/api/subjects/route.ts
FN:10,(anonymous_2)
FNF:1
FNH:0
FNDA:0,(anonymous_2)
DA:2,0
DA:3,0
DA:4,0
DA:6,0
DA:9,0
DA:11,0
DA:13,0
LF:7
LH:0
BRF:0
BRH:0
end_of_record
TN:
SF:components/ChatBox.tsx
FN:7,ChatBox
FN:11,(anonymous_3)
FNF:2
FNH:0
FNDA:0,ChatBox
FNDA:0,(anonymous_3)
DA:3,0
DA:4,0
DA:5,0
DA:7,0
DA:8,0
DA:9,0
DA:11,0
DA:12,0
DA:14,0
DA:19,0
DA:20,0
DA:22,0
DA:23,0
DA:31,0
DA:32,0
DA:34,0
DA:36,0
LF:17
LH:0
BRDA:12,0,0,0
BRDA:12,0,1,0
BRF:2
BRH:0
end_of_record
TN:
SF:components/ClassManager.tsx
FN:20,ClassManager
FN:36,(anonymous_2)
FN:40,(anonymous_3)
FN:53,(anonymous_4)
FN:57,(anonymous_5)
FN:73,(anonymous_6)
FN:77,(anonymous_7)
FN:102,(anonymous_8)
FN:113,(anonymous_9)
FN:118,(anonymous_10)
FN:145,(anonymous_11)
FN:178,(anonymous_12)
FN:193,(anonymous_13)
FN:206,(anonymous_14)
FN:218,(anonymous_15)
FN:233,(anonymous_16)
FN:256,(anonymous_17)
FN:270,(anonymous_18)
FN:276,(anonymous_19)
FN:315,(anonymous_20)
FN:331,(anonymous_21)
FN:337,(anonymous_22)
FNF:22
FNH:0
FNDA:0,ClassManager
FNDA:0,(anonymous_2)
FNDA:0,(anonymous_3)
FNDA:0,(anonymous_4)
FNDA:0,(anonymous_5)
FNDA:0,(anonymous_6)
FNDA:0,(anonymous_7)
FNDA:0,(anonymous_8)
FNDA:0,(anonymous_9)
FNDA:0,(anonymous_10)
FNDA:0,(anonymous_11)
FNDA:0,(anonymous_12)
FNDA:0,(anonymous_13)
FNDA:0,(anonymous_14)
FNDA:0,(anonymous_15)
FNDA:0,(anonymous_16)
FNDA:0,(anonymous_17)
FNDA:0,(anonymous_18)
FNDA:0,(anonymous_19)
FNDA:0,(anonymous_20)
FNDA:0,(anonymous_21)
FNDA:0,(anonymous_22)
DA:3,0
DA:4,0
DA:5,0
DA:6,0
DA:20,0
DA:21,0
DA:22,0
DA:28,0
DA:29,0
DA:30,0
DA:31,0
DA:32,0
DA:33,0
DA:34,0
DA:36,0
DA:37,0
DA:38,0
DA:39,0
DA:40,0
DA:42,0
DA:43,0
DA:46,0
DA:47,0
DA:49,0
DA:53,0
DA:54,0
DA:57,0
DA:58,0
DA:59,0
DA:60,0
DA:61,0
DA:63,0
DA:65,0
DA:66,0
DA:67,0
DA:68,0
DA:72,0
DA:73,0
DA:74,0
DA:77,0
DA:78,0
DA:82,0
DA:83,0
DA:84,0
DA:90,0
DA:91,0
DA:92,0
DA:95,0
DA:96,0
DA:98,0
DA:102,0
DA:103,0
DA:104,0
DA:110,0
DA:113,0
DA:114,0
DA:116,0
DA:117,0
DA:118,0
DA:119,0
DA:122,0
DA:123,0
DA:124,0
DA:127,0
DA:128,0
DA:132,0
DA:145,0
DA:178,0
DA:193,0
DA:206,0
DA:218,0
DA:234,0
DA:235,0
DA:236,0
DA:242,0
DA:243,0
DA:257,0
DA:270,0
DA:276,0
DA:316,0
DA:331,0
DA:337,0
LF:82
LH:0
BRDA:42,0,0,0
BRDA:42,0,1,0
BRDA:43,1,0,0
BRDA:43,1,1,0
BRDA:66,2,0,0
BRDA:66,2,1,0
BRDA:72,3,0,0
BRDA:72,3,1,0
BRDA:82,4,0,0
BRDA:82,4,1,0
BRDA:92,5,0,0
BRDA:92,5,1,0
BRDA:96,6,0,0
BRDA:96,6,1,0
BRDA:114,7,0,0
BRDA:114,7,1,0
BRDA:122,8,0,0
BRDA:122,8,1,0
BRDA:132,9,0,0
BRDA:132,9,1,0
BRDA:153,10,0,0
BRDA:158,11,0,0
BRDA:164,12,0,0
BRDA:167,13,0,0
BRDA:167,13,1,0
BRDA:229,14,0,0
BRDA:229,14,1,0
BRDA:229,15,0,0
BRDA:229,15,1,0
BRDA:263,16,0,0
BRDA:285,17,0,0
BRDA:327,18,0,0
BRDA:327,18,1,0
BRDA:348,19,0,0
BRF:34
BRH:0
end_of_record
TN:
SF:components/GradeManager.tsx
FN:41,GradeManager
FN:69,(anonymous_2)
FN:71,(anonymous_3)
FN:84,(anonymous_4)
FN:86,(anonymous_5)
FN:99,(anonymous_6)
FN:112,(anonymous_7)
FN:127,(anonymous_8)
FN:135,(anonymous_9)
FN:144,(anonymous_10)
FN:150,(anonymous_11)
FN:156,(anonymous_12)
FN:162,(anonymous_13)
FN:163,(anonymous_14)
FN:169,(anonymous_15)
FN:172,(anonymous_16)
FN:201,(anonymous_17)
FN:202,(anonymous_18)
FN:205,(anonymous_19)
FN:206,(anonymous_20)
FN:240,(anonymous_21)
FN:245,(anonymous_22)
FN:258,(anonymous_23)
FN:263,(anonymous_24)
FN:276,(anonymous_25)
FN:281,(anonymous_26)
FN:302,(anonymous_27)
FN:319,(anonymous_28)
FN:351,(anonymous_29)
FN:372,(anonymous_30)
FNF:30
FNH:0
FNDA:0,GradeManager
FNDA:0,(anonymous_2)
FNDA:0,(anonymous_3)
FNDA:0,(anonymous_4)
FNDA:0,(anonymous_5)
FNDA:0,(anonymous_6)
FNDA:0,(anonymous_7)
FNDA:0,(anonymous_8)
FNDA:0,(anonymous_9)
FNDA:0,(anonymous_10)
FNDA:0,(anonymous_11)
FNDA:0,(anonymous_12)
FNDA:0,(anonymous_13)
FNDA:0,(anonymous_14)
FNDA:0,(anonymous_15)
FNDA:0,(anonymous_16)
FNDA:0,(anonymous_17)
FNDA:0,(anonymous_18)
FNDA:0,(anonymous_19)
FNDA:0,(anonymous_20)
FNDA:0,(anonymous_21)
FNDA:0,(anonymous_22)
FNDA:0,(anonymous_23)
FNDA:0,(anonymous_24)
FNDA:0,(anonymous_25)
FNDA:0,(anonymous_26)
FNDA:0,(anonymous_27)
FNDA:0,(anonymous_28)
FNDA:0,(anonymous_29)
FNDA:0,(anonymous_30)
DA:3,0
DA:4,0
DA:5,0
DA:41,0
DA:42,0
DA:43,0
DA:44,0
DA:45,0
DA:46,0
DA:54,0
DA:55,0
DA:56,0
DA:57,0
DA:58,0
DA:59,0
DA:60,0
DA:61,0
DA:62,0
DA:63,0
DA:64,0
DA:65,0
DA:66,0
DA:67,0
DA:69,0
DA:70,0
DA:71,0
DA:72,0
DA:73,0
DA:74,0
DA:75,0
DA:79,0
DA:80,0
DA:84,0
DA:85,0
DA:86,0
DA:87,0
DA:88,0
DA:89,0
DA:90,0
DA:94,0
DA:95,0
DA:99,0
DA:100,0
DA:101,0
DA:102,0
DA:103,0
DA:104,0
DA:105,0
DA:108,0
DA:112,0
DA:113,0
DA:115,0
DA:116,0
DA:117,0
DA:118,0
DA:119,0
DA:121,0
DA:123,0
DA:127,0
DA:128,0
DA:130,0
DA:131,0
DA:132,0
DA:134,0
DA:135,0
DA:136,0
DA:138,0
DA:140,0
DA:144,0
DA:145,0
DA:146,0
DA:147,0
DA:150,0
DA:151,0
DA:152,0
DA:156,0
DA:157,0
DA:158,0
DA:162,0
DA:163,0
DA:169,0
DA:170,0
DA:171,0
DA:172,0
DA:179,0
DA:187,0
DA:188,0
DA:189,0
DA:191,0
DA:194,0
DA:195,0
DA:197,0
DA:201,0
DA:202,0
DA:205,0
DA:206,0
DA:209,0
DA:217,0
DA:218,0
DA:240,0
DA:246,0
DA:258,0
DA:264,0
DA:276,0
DA:282,0
DA:303,0
DA:319,0
DA:352,0
DA:372,0
LF:109
LH:0
BRDA:72,0,0,0
BRDA:72,0,1,0
BRDA:73,1,0,0
BRDA:73,1,1,0
BRDA:74,2,0,0
BRDA:74,2,1,0
BRDA:74,3,0,0
BRDA:74,3,1,0
BRDA:87,4,0,0
BRDA:87,4,1,0
BRDA:88,5,0,0
BRDA:88,5,1,0
BRDA:89,6,0,0
BRDA:89,6,1,0
BRDA:89,7,0,0
BRDA:89,7,1,0
BRDA:104,8,0,0
BRDA:104,8,1,0
BRDA:104,9,0,0
BRDA:104,9,1,0
BRDA:113,10,0,0
BRDA:113,10,1,0
BRDA:128,11,0,0
BRDA:128,11,1,0
BRDA:128,12,0,0
BRDA:128,12,1,0
BRDA:151,13,0,0
BRDA:151,13,1,0
BRDA:157,14,0,0
BRDA:157,14,1,0
BRDA:157,15,0,0
BRDA:157,15,1,0
BRDA:176,16,0,0
BRDA:176,16,1,0
BRDA:187,17,0,0
BRDA:187,17,1,0
BRDA:209,18,0,0
BRDA:209,18,1,0
BRDA:226,19,0,0
BRDA:226,19,1,0
BRDA:226,19,2,0
BRDA:226,19,3,0
BRDA:229,20,0,0
BRDA:229,20,1,0
BRDA:290,21,0,0
BRDA:290,21,1,0
BRDA:298,22,0,0
BRDA:316,23,0,0
BRDA:316,23,1,0
BRDA:318,24,0,0
BRDA:318,24,1,0
BRDA:369,25,0,0
BRDA:369,25,1,0
BRDA:371,26,0,0
BRDA:371,26,1,0
BRDA:385,27,0,0
BRDA:385,27,1,0
BRDA:391,28,0,0
BRF:58
BRH:0
end_of_record
TN:
SF:components/GradeTable.tsx
FN:46,GradeTable
FN:56,(anonymous_2)
FN:60,(anonymous_3)
FN:73,(anonymous_4)
FN:76,(anonymous_5)
FN:87,(anonymous_6)
FN:92,(anonymous_7)
FN:105,(anonymous_8)
FN:110,(anonymous_9)
FN:133,(anonymous_10)
FN:137,(anonymous_11)
FN:150,(anonymous_12)
FN:154,(anonymous_13)
FN:165,(anonymous_14)
FN:291,(anonymous_15)
FNF:15
FNH:0
FNDA:0,GradeTable
FNDA:0,(anonymous_2)
FNDA:0,(anonymous_3)
FNDA:0,(anonymous_4)
FNDA:0,(anonymous_5)
FNDA:0,(anonymous_6)
FNDA:0,(anonymous_7)
FNDA:0,(anonymous_8)
FNDA:0,(anonymous_9)
FNDA:0,(anonymous_10)
FNDA:0,(anonymous_11)
FNDA:0,(anonymous_12)
FNDA:0,(anonymous_13)
FNDA:0,(anonymous_14)
FNDA:0,(anonymous_15)
DA:3,0
DA:4,0
DA:5,0
DA:46,0
DA:47,0
DA:48,0
DA:49,0
DA:50,0
DA:51,0
DA:52,0
DA:53,0
DA:54,0
DA:56,0
DA:57,0
DA:58,0
DA:59,0
DA:60,0
DA:62,0
DA:63,0
DA:66,0
DA:67,0
DA:69,0
DA:73,0
DA:74,0
DA:75,0
DA:76,0
DA:78,0
DA:79,0
DA:82,0
DA:83,0
DA:87,0
DA:88,0
DA:90,0
DA:91,0
DA:92,0
DA:93,0
DA:96,0
DA:97,0
DA:100,0
DA:101,0
DA:105,0
DA:106,0
DA:107,0
DA:110,0
DA:111,0
DA:112,0
DA:116,0
DA:133,0
DA:138,0
DA:150,0
DA:155,0
DA:166,0
DA:292,0
LF:53
LH:0
BRDA:62,0,0,0
BRDA:62,0,1,0
BRDA:63,1,0,0
BRDA:63,1,1,0
BRDA:78,2,0,0
BRDA:78,2,1,0
BRDA:79,3,0,0
BRDA:79,3,1,0
BRDA:88,4,0,0
BRDA:88,4,1,0
BRDA:88,5,0,0
BRDA:88,5,1,0
BRDA:96,6,0,0
BRDA:96,6,1,0
BRDA:97,7,0,0
BRDA:97,7,1,0
BRDA:111,8,0,0
BRDA:111,8,1,0
BRDA:111,9,0,0
BRDA:111,9,1,0
BRDA:116,10,0,0
BRDA:116,10,1,0
BRDA:228,11,0,0
BRDA:346,12,0,0
BRF:24
BRH:0
end_of_record
TN:
SF:components/InputBar.tsx
FN:10,InputBar
FN:14,(anonymous_2)
FN:22,(anonymous_3)
FN:40,(anonymous_4)
FN:46,(anonymous_5)
FNF:5
FNH:0
FNDA:0,InputBar
FNDA:0,(anonymous_2)
FNDA:0,(anonymous_3)
FNDA:0,(anonymous_4)
FNDA:0,(anonymous_5)
DA:3,0
DA:10,0
DA:11,0
DA:12,0
DA:14,0
DA:15,0
DA:16,0
DA:17,0
DA:18,0
DA:22,0
DA:23,0
DA:24,0
DA:26,0
DA:27,0
DA:28,0
DA:40,0
DA:47,0
DA:48,0
DA:49,0
LF:19
LH:0
BRDA:16,0,0,0
BRDA:16,0,1,0
BRDA:16,1,0,0
BRDA:16,1,1,0
BRDA:23,2,0,0
BRDA:23,2,1,0
BRDA:23,3,0,0
BRDA:23,3,1,0
BRDA:26,4,0,0
BRDA:26,4,1,0
BRDA:26,5,0,0
BRDA:26,5,1,0
BRDA:55,6,0,0
BRDA:55,6,1,0
BRDA:59,7,0,0
BRF:15
BRH:0
end_of_record
TN:
SF:components/MessageList.tsx
FN:14,MessageList
FN:17,(anonymous_2)
FN:21,(anonymous_3)
FN:33,(anonymous_4)
FNF:4
FNH:0
FNDA:0,MessageList
FNDA:0,(anonymous_2)
FNDA:0,(anonymous_3)
FNDA:0,(anonymous_4)
DA:3,0
DA:14,0
DA:15,0
DA:17,0
DA:18,0
DA:21,0
DA:22,0
DA:34,0
LF:8
LH:0
BRDA:27,0,0,0
BRDA:27,0,1,0
BRDA:36,1,0,0
BRDA:36,1,1,0
BRDA:40,2,0,0
BRDA:40,2,1,0
BRDA:46,3,0,0
BRDA:46,3,1,0
BRF:8
BRH:0
end_of_record
TN:
SF:components/SecurityDashboard.tsx
FN:44,SecurityDashboard
FN:51,(anonymous_2)
FN:56,(anonymous_3)
FN:60,(anonymous_4)
FN:88,(anonymous_5)
FN:97,(anonymous_6)
FN:107,(anonymous_7)
FN:152,(anonymous_8)
FN:162,(anonymous_9)
FN:251,(anonymous_10)
FN:267,(anonymous_11)
FN:318,(anonymous_12)
FNF:12
FNH:0
FNDA:0,SecurityDashboard
FNDA:0,(anonymous_2)
FNDA:0,(anonymous_3)
FNDA:0,(anonymous_4)
FNDA:0,(anonymous_5)
FNDA:0,(anonymous_6)
FNDA:0,(anonymous_7)
FNDA:0,(anonymous_8)
FNDA:0,(anonymous_9)
FNDA:0,(anonymous_10)
FNDA:0,(anonymous_11)
FNDA:0,(anonymous_12)
DA:3,0
DA:44,0
DA:45,0
DA:46,0
DA:47,0
DA:48,0
DA:49,0
DA:51,0
DA:52,0
DA:54,0
DA:55,0
DA:56,0
DA:60,0
DA:61,0
DA:62,0
DA:63,0
DA:66,0
DA:73,0
DA:74,0
DA:77,0
DA:78,0
DA:81,0
DA:82,0
DA:84,0
DA:88,0
DA:89,0
DA:90,0
DA:91,0
DA:92,0
DA:93,0
DA:97,0
DA:98,0
DA:99,0
DA:100,0
DA:101,0
DA:102,0
DA:103,0
DA:107,0
DA:108,0
DA:109,0
DA:110,0
DA:111,0
DA:112,0
DA:113,0
DA:117,0
DA:125,0
DA:139,0
DA:152,0
DA:162,0
DA:252,0
DA:268,0
DA:319,0
LF:52
LH:0
BRDA:54,0,0,0
BRDA:54,0,1,0
BRDA:73,1,0,0
BRDA:73,1,1,0
BRDA:89,2,0,0
BRDA:89,2,1,0
BRDA:89,2,2,0
BRDA:89,2,3,0
BRDA:98,3,0,0
BRDA:98,3,1,0
BRDA:98,3,2,0
BRDA:98,3,3,0
BRDA:98,3,4,0
BRDA:108,4,0,0
BRDA:108,4,1,0
BRDA:108,4,2,0
BRDA:108,4,3,0
BRDA:108,4,4,0
BRDA:117,5,0,0
BRDA:117,5,1,0
BRDA:125,6,0,0
BRDA:125,6,1,0
BRDA:139,7,0,0
BRDA:139,7,1,0
BRDA:164,8,0,0
BRDA:164,8,1,0
BRDA:169,9,0,0
BRDA:169,9,1,0
BRDA:188,10,0,0
BRDA:188,10,1,0
BRDA:189,11,0,0
BRDA:189,11,1,0
BRDA:286,12,0,0
BRDA:286,12,1,0
BRDA:287,13,0,0
BRDA:287,13,1,0
BRDA:288,14,0,0
BRDA:288,14,1,0
BRF:38
BRH:0
end_of_record
TN:
SF:components/Statistics.tsx
FN:35,Statistics
FN:43,(anonymous_2)
FN:56,(anonymous_3)
FN:81,(anonymous_4)
FN:85,(anonymous_5)
FN:107,(anonymous_6)
FN:111,(anonymous_7)
FN:126,(anonymous_8)
FN:185,(anonymous_9)
FN:223,(anonymous_10)
FN:282,(anonymous_11)
FN:320,(anonymous_12)
FN:381,(anonymous_13)
FNF:13
FNH:0
FNDA:0,Statistics
FNDA:0,(anonymous_2)
FNDA:0,(anonymous_3)
FNDA:0,(anonymous_4)
FNDA:0,(anonymous_5)
FNDA:0,(anonymous_6)
FNDA:0,(anonymous_7)
FNDA:0,(anonymous_8)
FNDA:0,(anonymous_9)
FNDA:0,(anonymous_10)
FNDA:0,(anonymous_11)
FNDA:0,(anonymous_12)
FNDA:0,(anonymous_13)
DA:3,0
DA:35,0
DA:36,0
DA:37,0
DA:38,0
DA:39,0
DA:40,0
DA:41,0
DA:43,0
DA:44,0
DA:45,0
DA:46,0
DA:47,0
DA:48,0
DA:49,0
DA:52,0
DA:56,0
DA:57,0
DA:59,0
DA:60,0
DA:61,0
DA:67,0
DA:68,0
DA:69,0
DA:71,0
DA:72,0
DA:73,0
DA:75,0
DA:77,0
DA:81,0
DA:82,0
DA:85,0
DA:86,0
DA:87,0
DA:91,0
DA:107,0
DA:112,0
DA:127,0
DA:186,0
DA:224,0
DA:283,0
DA:321,0
DA:382,0
LF:43
LH:0
BRDA:48,0,0,0
BRDA:48,0,1,0
BRDA:57,1,0,0
BRDA:57,1,1,0
BRDA:86,2,0,0
BRDA:86,2,1,0
BRDA:91,3,0,0
BRDA:91,3,1,0
BRDA:152,4,0,0
BRDA:209,5,0,0
BRDA:249,6,0,0
BRDA:306,7,0,0
BRDA:325,8,0,0
BRDA:325,8,1,0
BRDA:326,9,0,0
BRDA:326,9,1,0
BRDA:327,10,0,0
BRDA:327,10,1,0
BRDA:348,11,0,0
BRDA:385,12,0,0
BRDA:385,12,1,0
BRDA:386,13,0,0
BRDA:386,13,1,0
BRDA:387,14,0,0
BRDA:387,14,1,0
BRDA:412,15,0,0
BRF:26
BRH:0
end_of_record
TN:
SF:components/StudentManager.tsx
FN:28,StudentManager
FN:51,(anonymous_2)
FN:55,(anonymous_3)
FN:68,(anonymous_4)
FN:70,(anonymous_5)
FN:81,(anonymous_6)
FN:86,(anonymous_7)
FN:102,(anonymous_8)
FN:106,(anonymous_9)
FN:137,(anonymous_10)
FN:154,(anonymous_11)
FN:159,(anonymous_12)
FN:186,(anonymous_13)
FN:219,(anonymous_14)
FN:233,(anonymous_15)
FN:246,(anonymous_16)
FN:251,(anonymous_17)
FN:267,(anonymous_18)
FN:280,(anonymous_19)
FN:295,(anonymous_20)
FN:308,(anonymous_21)
FN:320,(anonymous_22)
FN:333,(anonymous_23)
FN:346,(anonymous_24)
FN:362,(anonymous_25)
FN:391,(anonymous_26)
FN:409,(anonymous_27)
FN:415,(anonymous_28)
FN:463,(anonymous_29)
FN:488,(anonymous_30)
FN:494,(anonymous_31)
FNF:31
FNH:0
FNDA:0,StudentManager
FNDA:0,(anonymous_2)
FNDA:0,(anonymous_3)
FNDA:0,(anonymous_4)
FNDA:0,(anonymous_5)
FNDA:0,(anonymous_6)
FNDA:0,(anonymous_7)
FNDA:0,(anonymous_8)
FNDA:0,(anonymous_9)
FNDA:0,(anonymous_10)
FNDA:0,(anonymous_11)
FNDA:0,(anonymous_12)
FNDA:0,(anonymous_13)
FNDA:0,(anonymous_14)
FNDA:0,(anonymous_15)
FNDA:0,(anonymous_16)
FNDA:0,(anonymous_17)
FNDA:0,(anonymous_18)
FNDA:0,(anonymous_19)
FNDA:0,(anonymous_20)
FNDA:0,(anonymous_21)
FNDA:0,(anonymous_22)
FNDA:0,(anonymous_23)
FNDA:0,(anonymous_24)
FNDA:0,(anonymous_25)
FNDA:0,(anonymous_26)
FNDA:0,(anonymous_27)
FNDA:0,(anonymous_28)
FNDA:0,(anonymous_29)
FNDA:0,(anonymous_30)
FNDA:0,(anonymous_31)
DA:3,0
DA:4,0
DA:5,0
DA:6,0
DA:28,0
DA:29,0
DA:30,0
DA:31,0
DA:43,0
DA:44,0
DA:45,0
DA:46,0
DA:47,0
DA:48,0
DA:49,0
DA:51,0
DA:52,0
DA:53,0
DA:54,0
DA:55,0
DA:57,0
DA:58,0
DA:61,0
DA:62,0
DA:64,0
DA:68,0
DA:69,0
DA:70,0
DA:72,0
DA:73,0
DA:76,0
DA:77,0
DA:81,0
DA:82,0
DA:83,0
DA:86,0
DA:87,0
DA:88,0
DA:89,0
DA:90,0
DA:92,0
DA:94,0
DA:95,0
DA:96,0
DA:97,0
DA:101,0
DA:102,0
DA:103,0
DA:106,0
DA:107,0
DA:111,0
DA:112,0
DA:113,0
DA:125,0
DA:126,0
DA:127,0
DA:130,0
DA:131,0
DA:133,0
DA:137,0
DA:138,0
DA:139,0
DA:151,0
DA:154,0
DA:155,0
DA:157,0
DA:158,0
DA:159,0
DA:160,0
DA:163,0
DA:164,0
DA:165,0
DA:168,0
DA:169,0
DA:173,0
DA:186,0
DA:219,0
DA:233,0
DA:246,0
DA:252,0
DA:267,0
DA:280,0
DA:295,0
DA:308,0
DA:320,0
DA:333,0
DA:346,0
DA:363,0
DA:364,0
DA:365,0
DA:377,0
DA:378,0
DA:392,0
DA:409,0
DA:415,0
DA:464,0
DA:488,0
DA:494,0
LF:98
LH:0
BRDA:57,0,0,0
BRDA:57,0,1,0
BRDA:58,1,0,0
BRDA:58,1,1,0
BRDA:72,2,0,0
BRDA:72,2,1,0
BRDA:73,3,0,0
BRDA:73,3,1,0
BRDA:95,4,0,0
BRDA:95,4,1,0
BRDA:101,5,0,0
BRDA:101,5,1,0
BRDA:111,6,0,0
BRDA:111,6,1,0
BRDA:127,7,0,0
BRDA:127,7,1,0
BRDA:131,8,0,0
BRDA:131,8,1,0
BRDA:155,9,0,0
BRDA:155,9,1,0
BRDA:163,10,0,0
BRDA:163,10,1,0
BRDA:173,11,0,0
BRDA:173,11,1,0
BRDA:194,12,0,0
BRDA:199,13,0,0
BRDA:205,14,0,0
BRDA:208,15,0,0
BRDA:208,15,1,0
BRDA:358,16,0,0
BRDA:358,16,1,0
BRDA:358,17,0,0
BRDA:358,17,1,0
BRDA:398,18,0,0
BRDA:398,18,1,0
BRDA:399,19,0,0
BRDA:402,20,0,0
BRDA:424,21,0,0
BRDA:478,22,0,0
BRDA:478,22,1,0
BRDA:481,23,0,0
BRDA:481,23,1,0
BRDA:484,24,0,0
BRDA:484,24,1,0
BRDA:505,25,0,0
BRF:45
BRH:0
end_of_record
TN:
SF:lib/access-control.ts
FN:11,(anonymous_6)
FN:52,(anonymous_7)
FN:107,(anonymous_8)
FN:116,(anonymous_9)
FN:189,(anonymous_10)
FN:201,(anonymous_11)
FN:212,(anonymous_12)
FN:221,(anonymous_13)
FN:233,(anonymous_14)
FN:245,(anonymous_15)
FN:254,(anonymous_16)
FN:259,(anonymous_17)
FN:260,(anonymous_18)
FN:266,(anonymous_19)
FN:271,(anonymous_20)
FN:277,(anonymous_21)
FN:283,(anonymous_22)
FN:288,(anonymous_23)
FN:293,(anonymous_24)
FN:295,(anonymous_25)
FN:296,(anonymous_26)
FN:314,(anonymous_27)
FN:325,(anonymous_28)
FN:345,(anonymous_29)
FN:364,(anonymous_30)
FN:382,(anonymous_31)
FN:400,(anonymous_32)
FN:418,(anonymous_33)
FN:436,(anonymous_34)
FN:453,(anonymous_35)
FN:473,(anonymous_36)
FN:480,(anonymous_37)
FN:488,(anonymous_38)
FN:495,(anonymous_39)
FN:562,(anonymous_40)
FN:589,RequirePermission
FN:590,(anonymous_43)
FN:593,(anonymous_44)
FN:618,createAccessControlMiddleware
FN:619,(anonymous_46)
FNF:40
FNH:0
FNDA:0,(anonymous_6)
FNDA:0,(anonymous_7)
FNDA:0,(anonymous_8)
FNDA:0,(anonymous_9)
FNDA:0,(anonymous_10)
FNDA:0,(anonymous_11)
FNDA:0,(anonymous_12)
FNDA:0,(anonymous_13)
FNDA:0,(anonymous_14)
FNDA:0,(anonymous_15)
FNDA:0,(anonymous_16)
FNDA:0,(anonymous_17)
FNDA:0,(anonymous_18)
FNDA:0,(anonymous_19)
FNDA:0,(anonymous_20)
FNDA:0,(anonymous_21)
FNDA:0,(anonymous_22)
FNDA:0,(anonymous_23)
FNDA:0,(anonymous_24)
FNDA:0,(anonymous_25)
FNDA:0,(anonymous_26)
FNDA:0,(anonymous_27)
FNDA:0,(anonymous_28)
FNDA:0,(anonymous_29)
FNDA:0,(anonymous_30)
FNDA:0,(anonymous_31)
FNDA:0,(anonymous_32)
FNDA:0,(anonymous_33)
FNDA:0,(anonymous_34)
FNDA:0,(anonymous_35)
FNDA:0,(anonymous_36)
FNDA:0,(anonymous_37)
FNDA:0,(anonymous_38)
FNDA:0,(anonymous_39)
FNDA:0,(anonymous_40)
FNDA:0,RequirePermission
FNDA:0,(anonymous_43)
FNDA:0,(anonymous_44)
FNDA:0,createAccessControlMiddleware
FNDA:0,(anonymous_46)
DA:6,0
DA:7,0
DA:11,0
DA:52,0
DA:100,0
DA:102,0
DA:103,0
DA:104,0
DA:108,0
DA:109,0
DA:110,0
DA:112,0
DA:117,0
DA:119,0
DA:121,0
DA:128,0
DA:129,0
DA:130,0
DA:134,0
DA:135,0
DA:136,0
DA:140,0
DA:142,0
DA:143,0
DA:148,0
DA:149,0
DA:150,0
DA:154,0
DA:155,0
DA:156,0
DA:160,0
DA:161,0
DA:162,0
DA:166,0
DA:168,0
DA:175,0
DA:178,0
DA:184,0
DA:190,0
DA:192,0
DA:193,0
DA:194,0
DA:197,0
DA:202,0
DA:204,0
DA:213,0
DA:215,0
DA:222,0
DA:223,0
DA:225,0
DA:227,0
DA:234,0
DA:235,0
DA:236,0
DA:238,0
DA:246,0
DA:248,0
DA:255,0
DA:256,0
DA:258,0
DA:259,0
DA:260,0
DA:262,0
DA:267,0
DA:272,0
DA:273,0
DA:278,0
DA:279,0
DA:284,0
DA:289,0
DA:294,0
DA:295,0
DA:296,0
DA:298,0
DA:299,0
DA:301,0
DA:302,0
DA:303,0
DA:305,0
DA:310,0
DA:315,0
DA:316,0
DA:317,0
DA:318,0
DA:321,0
DA:326,0
DA:328,0
DA:330,0
DA:332,0
DA:334,0
DA:336,0
DA:338,0
DA:340,0
DA:346,0
DA:347,0
DA:349,0
DA:351,0
DA:353,0
DA:355,0
DA:357,0
DA:359,0
DA:365,0
DA:367,0
DA:369,0
DA:371,0
DA:373,0
DA:375,0
DA:377,0
DA:383,0
DA:385,0
DA:387,0
DA:389,0
DA:391,0
DA:393,0
DA:395,0
DA:401,0
DA:403,0
DA:405,0
DA:407,0
DA:409,0
DA:411,0
DA:413,0
DA:419,0
DA:421,0
DA:423,0
DA:425,0
DA:427,0
DA:429,0
DA:431,0
DA:437,0
DA:439,0
DA:441,0
DA:443,0
DA:444,0
DA:449,0
DA:454,0
DA:457,0
DA:458,0
DA:460,0
DA:461,0
DA:469,0
DA:474,0
DA:481,0
DA:491,0
DA:497,0
DA:507,0
DA:527,0
DA:541,0
DA:558,0
DA:564,0
DA:567,0
DA:580,0
DA:589,0
DA:590,0
DA:591,0
DA:593,0
DA:594,0
DA:595,0
DA:596,0
DA:598,0
DA:606,0
DA:608,0
DA:609,0
DA:612,0
DA:618,0
DA:619,0
DA:620,0
DA:621,0
DA:622,0
DA:623,0
DA:625,0
DA:638,0
DA:640,0
DA:641,0
DA:647,0
DA:648,0
DA:654,0
DA:657,0
DA:658,0
LF:179
LH:0
BRDA:11,0,0,0
BRDA:11,0,1,0
BRDA:52,1,0,0
BRDA:52,1,1,0
BRDA:108,2,0,0
BRDA:108,2,1,0
BRDA:129,3,0,0
BRDA:129,3,1,0
BRDA:135,4,0,0
BRDA:135,4,1,0
BRDA:140,5,0,0
BRDA:140,5,1,0
BRDA:140,6,0,0
BRDA:140,6,1,0
BRDA:142,7,0,0
BRDA:142,7,1,0
BRDA:149,8,0,0
BRDA:149,8,1,0
BRDA:155,9,0,0
BRDA:155,9,1,0
BRDA:161,10,0,0
BRDA:161,10,1,0
BRDA:179,11,0,0
BRDA:179,11,1,0
BRDA:193,12,0,0
BRDA:193,12,1,0
BRDA:222,13,0,0
BRDA:222,13,1,0
BRDA:235,14,0,0
BRDA:235,14,1,0
BRDA:255,15,0,0
BRDA:255,15,1,0
BRDA:256,16,0,0
BRDA:256,16,1,0
BRDA:267,17,0,0
BRDA:267,17,1,0
BRDA:273,18,0,0
BRDA:273,18,1,0
BRDA:279,19,0,0
BRDA:279,19,1,0
BRDA:299,20,0,0
BRDA:299,20,1,0
BRDA:301,21,0,0
BRDA:301,21,1,0
BRDA:302,22,0,0
BRDA:302,22,1,0
BRDA:317,23,0,0
BRDA:317,23,1,0
BRDA:326,24,0,0
BRDA:326,24,1,0
BRDA:328,25,0,0
BRDA:328,25,1,0
BRDA:328,25,2,0
BRDA:328,25,3,0
BRDA:328,25,4,0
BRDA:328,25,5,0
BRDA:349,26,0,0
BRDA:349,26,1,0
BRDA:349,26,2,0
BRDA:349,26,3,0
BRDA:349,26,4,0
BRDA:365,27,0,0
BRDA:365,27,1,0
BRDA:367,28,0,0
BRDA:367,28,1,0
BRDA:367,28,2,0
BRDA:367,28,3,0
BRDA:367,28,4,0
BRDA:383,29,0,0
BRDA:383,29,1,0
BRDA:385,30,0,0
BRDA:385,30,1,0
BRDA:385,30,2,0
BRDA:385,30,3,0
BRDA:385,30,4,0
BRDA:401,31,0,0
BRDA:401,31,1,0
BRDA:403,32,0,0
BRDA:403,32,1,0
BRDA:403,32,2,0
BRDA:403,32,3,0
BRDA:403,32,4,0
BRDA:419,33,0,0
BRDA:419,33,1,0
BRDA:421,34,0,0
BRDA:421,34,1,0
BRDA:421,34,2,0
BRDA:421,34,3,0
BRDA:421,34,4,0
BRDA:439,35,0,0
BRDA:439,35,1,0
BRDA:441,36,0,0
BRDA:441,36,1,0
BRDA:441,37,0,0
BRDA:441,37,1,0
BRDA:443,38,0,0
BRDA:443,38,1,0
BRDA:443,39,0,0
BRDA:443,39,1,0
BRDA:454,40,0,0
BRDA:454,40,1,0
BRDA:458,41,0,0
BRDA:458,41,1,0
BRDA:458,42,0,0
BRDA:458,42,1,0
BRDA:460,43,0,0
BRDA:460,43,1,0
BRDA:595,44,0,0
BRDA:595,44,1,0
BRDA:595,44,2,0
BRDA:596,45,0,0
BRDA:596,45,1,0
BRDA:596,45,2,0
BRDA:608,46,0,0
BRDA:608,46,1,0
BRDA:622,47,0,0
BRDA:622,47,1,0
BRDA:623,48,0,0
BRDA:623,48,1,0
BRDA:640,49,0,0
BRDA:640,49,1,0
BRDA:647,50,0,0
BRDA:647,50,1,0
BRF:123
BRH:0
end_of_record
TN:
SF:lib/api-middleware.ts
FN:24,rateLimit
FN:25,(anonymous_14)
FN:70,cleanupRateLimitStore
FN:74,(anonymous_16)
FN:80,(anonymous_17)
FN:84,getClientIp
FN:92,cors
FN:112,securityHeaders
FN:127,requestLogger
FN:146,responseLogger
FN:162,requireAuth
FN:163,(anonymous_24)
FN:179,validateInput
FN:180,(anonymous_26)
FN:204,apiHandler
FN:213,(anonymous_28)
FN:262,csrfProtection
FN:283,validateContentType
FN:286,(anonymous_31)
FN:296,validateRequestSize
FNF:20
FNH:0
FNDA:0,rateLimit
FNDA:0,(anonymous_14)
FNDA:0,cleanupRateLimitStore
FNDA:0,(anonymous_16)
FNDA:0,(anonymous_17)
FNDA:0,getClientIp
FNDA:0,cors
FNDA:0,securityHeaders
FNDA:0,requestLogger
FNDA:0,responseLogger
FNDA:0,requireAuth
FNDA:0,(anonymous_24)
FNDA:0,validateInput
FNDA:0,(anonymous_26)
FNDA:0,apiHandler
FNDA:0,(anonymous_28)
FNDA:0,csrfProtection
FNDA:0,validateContentType
FNDA:0,(anonymous_31)
FNDA:0,validateRequestSize
DA:2,0
DA:3,0
DA:6,0
DA:17,0
DA:24,0
DA:25,0
DA:26,0
DA:27,0
DA:29,0
DA:30,0
DA:37,0
DA:38,0
DA:40,0
DA:42,0
DA:43,0
DA:44,0
DA:47,0
DA:49,0
DA:50,0
DA:59,0
DA:63,0
DA:64,0
DA:71,0
DA:72,0
DA:74,0
DA:75,0
DA:76,0
DA:80,0
DA:85,0
DA:92,0
DA:93,0
DA:94,0
DA:96,0
DA:104,0
DA:105,0
DA:108,0
DA:112,0
DA:113,0
DA:114,0
DA:115,0
DA:116,0
DA:117,0
DA:119,0
DA:120,0
DA:123,0
DA:127,0
DA:128,0
DA:129,0
DA:131,0
DA:142,0
DA:146,0
DA:147,0
DA:148,0
DA:150,0
DA:162,0
DA:163,0
DA:164,0
DA:166,0
DA:167,0
DA:170,0
DA:171,0
DA:174,0
DA:179,0
DA:180,0
DA:181,0
DA:182,0
DA:183,0
DA:185,0
DA:186,0
DA:195,0
DA:197,0
DA:198,0
DA:204,0
DA:213,0
DA:214,0
DA:218,0
DA:220,0
DA:221,0
DA:224,0
DA:225,0
DA:229,0
DA:230,0
DA:233,0
DA:236,0
DA:237,0
DA:241,0
DA:244,0
DA:247,0
DA:249,0
DA:253,0
DA:254,0
DA:255,0
DA:256,0
DA:262,0
DA:263,0
DA:264,0
DA:267,0
DA:268,0
DA:270,0
DA:271,0
DA:276,0
DA:283,0
DA:284,0
DA:286,0
DA:287,0
DA:296,0
DA:297,0
DA:299,0
DA:300,0
LF:109
LH:0
BRDA:27,0,0,0
BRDA:27,0,1,0
BRDA:29,1,0,0
BRDA:29,1,1,0
BRDA:31,2,0,0
BRDA:31,2,1,0
BRDA:32,3,0,0
BRDA:32,3,1,0
BRDA:33,4,0,0
BRDA:33,4,1,0
BRDA:34,5,0,0
BRDA:34,5,1,0
BRDA:42,6,0,0
BRDA:42,6,1,0
BRDA:42,7,0,0
BRDA:42,7,1,0
BRDA:49,8,0,0
BRDA:49,8,1,0
BRDA:63,9,0,0
BRDA:63,9,1,0
BRDA:75,10,0,0
BRDA:75,10,1,0
BRDA:85,11,0,0
BRDA:85,11,1,0
BRDA:85,11,2,0
BRDA:85,11,3,0
BRDA:94,12,0,0
BRDA:94,12,1,0
BRDA:97,13,0,0
BRDA:97,13,1,0
BRDA:97,14,0,0
BRDA:97,14,1,0
BRDA:97,15,0,0
BRDA:97,15,1,0
BRDA:104,16,0,0
BRDA:104,16,1,0
BRDA:119,17,0,0
BRDA:119,17,1,0
BRDA:148,18,0,0
BRDA:148,18,1,0
BRDA:166,19,0,0
BRDA:166,19,1,0
BRDA:170,20,0,0
BRDA:170,20,1,0
BRDA:170,21,0,0
BRDA:170,21,1,0
BRDA:185,22,0,0
BRDA:185,22,1,0
BRDA:195,23,0,0
BRDA:195,23,1,0
BRDA:197,24,0,0
BRDA:197,24,1,0
BRDA:206,25,0,0
BRDA:221,26,0,0
BRDA:221,26,1,0
BRDA:224,27,0,0
BRDA:224,27,1,0
BRDA:236,28,0,0
BRDA:236,28,1,0
BRDA:263,29,0,0
BRDA:263,29,1,0
BRDA:263,30,0,0
BRDA:263,30,1,0
BRDA:263,30,2,0
BRDA:270,31,0,0
BRDA:270,31,1,0
BRDA:270,32,0,0
BRDA:270,32,1,0
BRDA:283,33,0,0
BRDA:286,34,0,0
BRDA:286,34,1,0
BRDA:286,35,0,0
BRDA:286,35,1,0
BRDA:296,36,0,0
BRDA:299,37,0,0
BRDA:299,37,1,0
BRDA:299,38,0,0
BRDA:299,38,1,0
BRF:78
BRH:0
end_of_record
TN:
SF:lib/auth-client.ts
FN:36,(anonymous_5)
FN:40,(anonymous_6)
FN:47,(anonymous_7)
FN:54,(anonymous_8)
FN:61,(anonymous_9)
FN:93,(anonymous_10)
FN:115,(anonymous_11)
FN:128,(anonymous_12)
FN:136,(anonymous_13)
FN:147,(anonymous_14)
FN:151,(anonymous_15)
FN:158,(anonymous_16)
FN:165,(anonymous_17)
FN:172,(anonymous_18)
FN:176,(anonymous_19)
FN:180,(anonymous_20)
FN:184,(anonymous_21)
FN:188,(anonymous_22)
FN:193,(anonymous_23)
FN:197,(anonymous_24)
FN:201,(anonymous_25)
FN:205,(anonymous_26)
FN:211,(anonymous_27)
FN:215,(anonymous_28)
FN:219,(anonymous_29)
FN:223,(anonymous_30)
FN:227,(anonymous_31)
FN:231,(anonymous_32)
FN:235,(anonymous_33)
FN:239,(anonymous_34)
FN:243,(anonymous_35)
FN:254,(anonymous_36)
FN:260,(anonymous_37)
FN:273,(anonymous_38)
FN:279,(anonymous_39)
FN:290,(anonymous_40)
FN:311,setupRequestInterceptor
FN:316,(anonymous_42)
FNF:38
FNH:0
FNDA:0,(anonymous_5)
FNDA:0,(anonymous_6)
FNDA:0,(anonymous_7)
FNDA:0,(anonymous_8)
FNDA:0,(anonymous_9)
FNDA:0,(anonymous_10)
FNDA:0,(anonymous_11)
FNDA:0,(anonymous_12)
FNDA:0,(anonymous_13)
FNDA:0,(anonymous_14)
FNDA:0,(anonymous_15)
FNDA:0,(anonymous_16)
FNDA:0,(anonymous_17)
FNDA:0,(anonymous_18)
FNDA:0,(anonymous_19)
FNDA:0,(anonymous_20)
FNDA:0,(anonymous_21)
FNDA:0,(anonymous_22)
FNDA:0,(anonymous_23)
FNDA:0,(anonymous_24)
FNDA:0,(anonymous_25)
FNDA:0,(anonymous_26)
FNDA:0,(anonymous_27)
FNDA:0,(anonymous_28)
FNDA:0,(anonymous_29)
FNDA:0,(anonymous_30)
FNDA:0,(anonymous_31)
FNDA:0,(anonymous_32)
FNDA:0,(anonymous_33)
FNDA:0,(anonymous_34)
FNDA:0,(anonymous_35)
FNDA:0,(anonymous_36)
FNDA:0,(anonymous_37)
FNDA:0,(anonymous_38)
FNDA:0,(anonymous_39)
FNDA:0,(anonymous_40)
FNDA:0,setupRequestInterceptor
FNDA:0,(anonymous_42)
DA:32,0
DA:34,0
DA:37,0
DA:41,0
DA:42,0
DA:43,0
DA:48,0
DA:49,0
DA:51,0
DA:55,0
DA:56,0
DA:57,0
DA:65,0
DA:66,0
DA:68,0
DA:73,0
DA:74,0
DA:78,0
DA:79,0
DA:80,0
DA:81,0
DA:85,0
DA:86,0
DA:92,0
DA:93,0
DA:96,0
DA:97,0
DA:98,0
DA:99,0
DA:101,0
DA:104,0
DA:107,0
DA:109,0
DA:110,0
DA:116,0
DA:121,0
DA:122,0
DA:125,0
DA:129,0
DA:130,0
DA:132,0
DA:137,0
DA:138,0
DA:139,0
DA:141,0
DA:142,0
DA:148,0
DA:152,0
DA:159,0
DA:166,0
DA:173,0
DA:177,0
DA:181,0
DA:185,0
DA:189,0
DA:190,0
DA:194,0
DA:198,0
DA:202,0
DA:206,0
DA:207,0
DA:208,0
DA:212,0
DA:216,0
DA:220,0
DA:224,0
DA:228,0
DA:232,0
DA:236,0
DA:240,0
DA:244,0
DA:249,0
DA:252,0
DA:255,0
DA:256,0
DA:261,0
DA:263,0
DA:269,0
DA:274,0
DA:275,0
DA:280,0
DA:281,0
DA:282,0
DA:283,0
DA:285,0
DA:291,0
DA:292,0
DA:293,0
DA:294,0
DA:295,0
DA:296,0
DA:298,0
DA:299,0
DA:302,0
DA:303,0
DA:306,0
DA:311,0
DA:312,0
DA:315,0
DA:316,0
DA:317,0
DA:319,0
DA:320,0
DA:321,0
DA:327,0
DA:328,0
DA:331,0
DA:332,0
DA:333,0
DA:336,0
DA:338,0
DA:339,0
LF:112
LH:0
BRDA:36,0,0,0
BRDA:42,1,0,0
BRDA:42,1,1,0
BRDA:48,2,0,0
BRDA:48,2,1,0
BRDA:48,3,0,0
BRDA:48,3,1,0
BRDA:56,4,0,0
BRDA:56,4,1,0
BRDA:63,5,0,0
BRDA:70,6,0,0
BRDA:70,6,1,0
BRDA:73,7,0,0
BRDA:73,7,1,0
BRDA:78,8,0,0
BRDA:78,8,1,0
BRDA:80,9,0,0
BRDA:80,9,1,0
BRDA:92,10,0,0
BRDA:92,10,1,0
BRDA:96,11,0,0
BRDA:96,11,1,0
BRDA:98,12,0,0
BRDA:98,12,1,0
BRDA:104,13,0,0
BRDA:104,13,1,0
BRDA:121,14,0,0
BRDA:121,14,1,0
BRDA:139,15,0,0
BRDA:139,15,1,0
BRDA:189,16,0,0
BRDA:189,16,1,0
BRDA:207,17,0,0
BRDA:207,17,1,0
BRDA:255,18,0,0
BRDA:255,18,1,0
BRDA:256,19,0,0
BRDA:256,19,1,0
BRDA:261,20,0,0
BRDA:261,20,1,0
BRDA:274,21,0,0
BRDA:274,21,1,0
BRDA:292,22,0,0
BRDA:292,22,1,0
BRDA:292,23,0,0
BRDA:292,23,1,0
BRDA:295,24,0,0
BRDA:295,24,1,0
BRDA:312,25,0,0
BRDA:312,25,1,0
BRDA:319,26,0,0
BRDA:319,26,1,0
BRDA:319,27,0,0
BRDA:319,27,1,0
BRDA:320,28,0,0
BRDA:320,28,1,0
BRDA:331,29,0,0
BRDA:331,29,1,0
BRF:58
BRH:0
end_of_record
TN:
SF:lib/auth.ts
FN:8,(anonymous_9)
FN:22,generateToken
FN:36,verifyToken
FN:51,authenticate
FN:63,authorize
FN:74,hasPermission
FNF:6
FNH:0
FNDA:0,(anonymous_9)
FNDA:0,generateToken
FNDA:0,verifyToken
FNDA:0,authenticate
FNDA:0,authorize
FNDA:0,hasPermission
DA:2,0
DA:5,0
DA:8,0
DA:22,0
DA:23,0
DA:36,0
DA:37,0
DA:38,0
DA:39,0
DA:46,0
DA:51,0
DA:52,0
DA:54,0
DA:55,0
DA:58,0
DA:59,0
DA:63,0
DA:64,0
DA:70,0
DA:74,0
DA:75,0
DA:79,0
LF:22
LH:0
BRDA:5,0,0,0
BRDA:5,0,1,0
BRDA:8,1,0,0
BRDA:8,1,1,0
BRDA:54,2,0,0
BRDA:54,2,1,0
BRDA:54,3,0,0
BRDA:54,3,1,0
BRDA:75,4,0,0
BRDA:75,4,1,0
BRF:10
BRH:0
end_of_record
TN:
SF:lib/backup-system.ts
FN:14,(anonymous_6)
FN:21,(anonymous_7)
FN:62,(anonymous_8)
FN:70,(anonymous_9)
FN:149,(anonymous_10)
FN:228,(anonymous_11)
FN:277,(anonymous_12)
FN:297,(anonymous_13)
FN:306,(anonymous_14)
FN:319,(anonymous_15)
FN:336,(anonymous_16)
FN:343,(anonymous_17)
FN:361,(anonymous_18)
FN:380,(anonymous_19)
FN:381,(anonymous_20)
FN:383,(anonymous_21)
FN:385,(anonymous_22)
FN:396,(anonymous_23)
FN:408,(anonymous_24)
FN:437,(anonymous_25)
FN:443,(anonymous_26)
FN:462,(anonymous_27)
FN:469,(anonymous_28)
FN:485,(anonymous_29)
FN:492,(anonymous_30)
FN:498,(anonymous_31)
FN:510,(anonymous_32)
FN:511,(anonymous_33)
FN:514,(anonymous_34)
FN:525,(anonymous_35)
FN:540,(anonymous_36)
FN:553,(anonymous_38)
FN:559,(anonymous_39)
FN:572,(anonymous_40)
FN:577,(anonymous_41)
FN:582,(anonymous_42)
FN:591,(anonymous_43)
FN:597,(anonymous_44)
FN:599,(anonymous_45)
FNF:39
FNH:0
FNDA:0,(anonymous_6)
FNDA:0,(anonymous_7)
FNDA:0,(anonymous_8)
FNDA:0,(anonymous_9)
FNDA:0,(anonymous_10)
FNDA:0,(anonymous_11)
FNDA:0,(anonymous_12)
FNDA:0,(anonymous_13)
FNDA:0,(anonymous_14)
FNDA:0,(anonymous_15)
FNDA:0,(anonymous_16)
FNDA:0,(anonymous_17)
FNDA:0,(anonymous_18)
FNDA:0,(anonymous_19)
FNDA:0,(anonymous_20)
FNDA:0,(anonymous_21)
FNDA:0,(anonymous_22)
FNDA:0,(anonymous_23)
FNDA:0,(anonymous_24)
FNDA:0,(anonymous_25)
FNDA:0,(anonymous_26)
FNDA:0,(anonymous_27)
FNDA:0,(anonymous_28)
FNDA:0,(anonymous_29)
FNDA:0,(anonymous_30)
FNDA:0,(anonymous_31)
FNDA:0,(anonymous_32)
FNDA:0,(anonymous_33)
FNDA:0,(anonymous_34)
FNDA:0,(anonymous_35)
FNDA:0,(anonymous_36)
FNDA:0,(anonymous_38)
FNDA:0,(anonymous_39)
FNDA:0,(anonymous_40)
FNDA:0,(anonymous_41)
FNDA:0,(anonymous_42)
FNDA:0,(anonymous_43)
FNDA:0,(anonymous_44)
FNDA:0,(anonymous_45)
DA:6,0
DA:7,0
DA:8,0
DA:9,0
DA:10,0
DA:11,0
DA:14,0
DA:21,0
DA:57,0
DA:59,0
DA:60,0
DA:63,0
DA:64,0
DA:66,0
DA:71,0
DA:72,0
DA:75,0
DA:76,0
DA:78,0
DA:79,0
DA:85,0
DA:97,0
DA:98,0
DA:101,0
DA:104,0
DA:105,0
DA:109,0
DA:110,0
DA:114,0
DA:115,0
DA:121,0
DA:123,0
DA:124,0
DA:127,0
DA:134,0
DA:137,0
DA:142,0
DA:144,0
DA:150,0
DA:151,0
DA:152,0
DA:155,0
DA:156,0
DA:158,0
DA:159,0
DA:166,0
DA:178,0
DA:181,0
DA:182,0
DA:185,0
DA:188,0
DA:189,0
DA:192,0
DA:193,0
DA:197,0
DA:198,0
DA:199,0
DA:201,0
DA:206,0
DA:213,0
DA:216,0
DA:221,0
DA:223,0
DA:229,0
DA:230,0
DA:231,0
DA:234,0
DA:239,0
DA:240,0
DA:243,0
DA:244,0
DA:245,0
DA:249,0
DA:250,0
DA:254,0
DA:255,0
DA:259,0
DA:261,0
DA:268,0
DA:272,0
DA:278,0
DA:280,0
DA:281,0
DA:282,0
DA:284,0
DA:285,0
DA:286,0
DA:287,0
DA:288,0
DA:289,0
DA:292,0
DA:297,0
DA:300,0
DA:301,0
DA:307,0
DA:308,0
DA:309,0
DA:311,0
DA:312,0
DA:313,0
DA:320,0
DA:322,0
DA:323,0
DA:325,0
DA:331,0
DA:340,0
DA:341,0
DA:343,0
DA:344,0
DA:345,0
DA:347,0
DA:351,0
DA:353,0
DA:362,0
DA:364,0
DA:365,0
DA:366,0
DA:372,0
DA:376,0
DA:381,0
DA:382,0
DA:383,0
DA:385,0
DA:386,0
DA:387,0
DA:389,0
DA:397,0
DA:398,0
DA:400,0
DA:401,0
DA:403,0
DA:404,0
DA:414,0
DA:415,0
DA:417,0
DA:418,0
DA:419,0
DA:422,0
DA:438,0
DA:439,0
DA:444,0
DA:445,0
DA:447,0
DA:448,0
DA:449,0
DA:450,0
DA:452,0
DA:453,0
DA:454,0
DA:458,0
DA:463,0
DA:464,0
DA:465,0
DA:470,0
DA:476,0
DA:477,0
DA:478,0
DA:480,0
DA:488,0
DA:494,0
DA:499,0
DA:500,0
DA:502,0
DA:503,0
DA:505,0
DA:506,0
DA:511,0
DA:512,0
DA:514,0
DA:515,0
DA:516,0
DA:518,0
DA:526,0
DA:527,0
DA:529,0
DA:530,0
DA:534,0
DA:542,0
DA:543,0
DA:545,0
DA:550,0
DA:554,0
DA:555,0
DA:560,0
DA:573,0
DA:578,0
DA:583,0
DA:599,0
DA:600,0
LF:189
LH:0
BRDA:14,0,0,0
BRDA:14,0,1,0
BRDA:21,1,0,0
BRDA:21,1,1,0
BRDA:63,2,0,0
BRDA:63,2,1,0
BRDA:70,3,0,0
BRDA:70,4,0,0
BRDA:71,5,0,0
BRDA:71,5,1,0
BRDA:104,6,0,0
BRDA:104,6,1,0
BRDA:109,7,0,0
BRDA:109,7,1,0
BRDA:123,8,0,0
BRDA:123,8,1,0
BRDA:139,9,0,0
BRDA:139,9,1,0
BRDA:149,10,0,0
BRDA:149,11,0,0
BRDA:151,12,0,0
BRDA:151,12,1,0
BRDA:188,13,0,0
BRDA:188,13,1,0
BRDA:192,14,0,0
BRDA:192,14,1,0
BRDA:218,15,0,0
BRDA:218,15,1,0
BRDA:228,16,0,0
BRDA:230,17,0,0
BRDA:230,17,1,0
BRDA:244,18,0,0
BRDA:244,18,1,0
BRDA:249,19,0,0
BRDA:249,19,1,0
BRDA:254,20,0,0
BRDA:254,20,1,0
BRDA:259,21,0,0
BRDA:259,21,1,0
BRDA:263,22,0,0
BRDA:263,22,1,0
BRDA:270,23,0,0
BRDA:270,23,1,0
BRDA:285,24,0,0
BRDA:285,24,1,0
BRDA:312,25,0,0
BRDA:312,25,1,0
BRDA:336,26,0,0
BRDA:365,27,0,0
BRDA:365,27,1,0
BRDA:386,28,0,0
BRDA:386,28,1,0
BRDA:452,29,0,0
BRDA:452,29,1,0
BRDA:515,30,0,0
BRDA:515,30,1,0
BRDA:542,31,0,0
BRDA:542,31,1,0
BRF:58
BRH:0
end_of_record
TN:
SF:lib/database.ts
FN:21,(anonymous_4)
FN:23,(anonymous_5)
FN:30,(anonymous_6)
FN:33,(anonymous_7)
FN:45,(anonymous_8)
FN:50,(anonymous_9)
FN:139,(anonymous_10)
FN:145,(anonymous_11)
FN:146,(anonymous_12)
FN:153,(anonymous_13)
FN:156,(anonymous_14)
FN:167,(anonymous_15)
FN:178,(anonymous_16)
FN:189,(anonymous_17)
FN:199,(anonymous_18)
FN:209,(anonymous_19)
FN:219,(anonymous_20)
FN:229,(anonymous_21)
FN:242,(anonymous_22)
FN:246,(anonymous_23)
FN:253,(anonymous_24)
FN:265,(anonymous_25)
FN:277,(anonymous_26)
FN:289,(anonymous_27)
FN:294,(anonymous_28)
FN:298,(anonymous_29)
FN:302,(anonymous_30)
FN:306,(anonymous_31)
FN:310,(anonymous_32)
FN:315,(anonymous_33)
FN:319,(anonymous_34)
FN:323,(anonymous_35)
FN:327,(anonymous_36)
FN:331,(anonymous_37)
FN:336,(anonymous_38)
FN:340,(anonymous_39)
FN:345,(anonymous_40)
FN:349,(anonymous_41)
FN:354,(anonymous_42)
FN:358,(anonymous_43)
FN:362,(anonymous_44)
FN:366,(anonymous_45)
FN:370,(anonymous_46)
FN:375,(anonymous_47)
FN:385,initializeDatabase
FNF:45
FNH:0
FNDA:0,(anonymous_4)
FNDA:0,(anonymous_5)
FNDA:0,(anonymous_6)
FNDA:0,(anonymous_7)
FNDA:0,(anonymous_8)
FNDA:0,(anonymous_9)
FNDA:0,(anonymous_10)
FNDA:0,(anonymous_11)
FNDA:0,(anonymous_12)
FNDA:0,(anonymous_13)
FNDA:0,(anonymous_14)
FNDA:0,(anonymous_15)
FNDA:0,(anonymous_16)
FNDA:0,(anonymous_17)
FNDA:0,(anonymous_18)
FNDA:0,(anonymous_19)
FNDA:0,(anonymous_20)
FNDA:0,(anonymous_21)
FNDA:0,(anonymous_22)
FNDA:0,(anonymous_23)
FNDA:0,(anonymous_24)
FNDA:0,(anonymous_25)
FNDA:0,(anonymous_26)
FNDA:0,(anonymous_27)
FNDA:0,(anonymous_28)
FNDA:0,(anonymous_29)
FNDA:0,(anonymous_30)
FNDA:0,(anonymous_31)
FNDA:0,(anonymous_32)
FNDA:0,(anonymous_33)
FNDA:0,(anonymous_34)
FNDA:0,(anonymous_35)
FNDA:0,(anonymous_36)
FNDA:0,(anonymous_37)
FNDA:0,(anonymous_38)
FNDA:0,(anonymous_39)
FNDA:0,(anonymous_40)
FNDA:0,(anonymous_41)
FNDA:0,(anonymous_42)
FNDA:0,(anonymous_43)
FNDA:0,(anonymous_44)
FNDA:0,(anonymous_45)
FNDA:0,(anonymous_46)
FNDA:0,(anonymous_47)
FNDA:0,initializeDatabase
DA:1,0
DA:18,0
DA:19,0
DA:24,0
DA:25,0
DA:27,0
DA:31,0
DA:33,0
DA:34,0
DA:35,0
DA:38,0
DA:40,0
DA:41,0
DA:46,0
DA:47,0
DA:52,0
DA:60,0
DA:92,0
DA:106,0
DA:128,0
DA:136,0
DA:140,0
DA:141,0
DA:143,0
DA:145,0
DA:146,0
DA:147,0
DA:148,0
DA:154,0
DA:155,0
DA:156,0
DA:158,0
DA:163,0
DA:168,0
DA:170,0
DA:171,0
DA:178,0
DA:179,0
DA:181,0
DA:182,0
DA:183,0
DA:185,0
DA:186,0
DA:190,0
DA:192,0
DA:193,0
DA:199,0
DA:200,0
DA:202,0
DA:203,0
DA:205,0
DA:206,0
DA:210,0
DA:212,0
DA:213,0
DA:219,0
DA:220,0
DA:222,0
DA:223,0
DA:225,0
DA:226,0
DA:230,0
DA:231,0
DA:237,0
DA:240,0
DA:243,0
DA:247,0
DA:248,0
DA:250,0
DA:254,0
DA:256,0
DA:257,0
DA:258,0
DA:260,0
DA:261,0
DA:266,0
DA:268,0
DA:269,0
DA:270,0
DA:272,0
DA:273,0
DA:278,0
DA:279,0
DA:281,0
DA:286,0
DA:290,0
DA:295,0
DA:299,0
DA:303,0
DA:307,0
DA:311,0
DA:316,0
DA:320,0
DA:324,0
DA:328,0
DA:332,0
DA:337,0
DA:341,0
DA:346,0
DA:350,0
DA:355,0
DA:359,0
DA:363,0
DA:367,0
DA:371,0
DA:376,0
DA:377,0
DA:378,0
DA:380,0
DA:385,0
DA:386,0
LF:111
LH:0
BRDA:24,0,0,0
BRDA:24,0,1,0
BRDA:141,1,0,0
BRDA:141,1,1,0
BRDA:143,2,0,0
BRDA:143,2,1,0
BRDA:147,3,0,0
BRDA:147,3,1,0
BRDA:147,4,0,0
BRDA:147,4,1,0
BRDA:155,5,0,0
BRDA:155,5,1,0
BRDA:156,6,0,0
BRDA:156,6,1,0
BRDA:158,7,0,0
BRDA:158,7,1,0
BRDA:159,8,0,0
BRDA:159,8,1,0
BRDA:160,9,0,0
BRDA:160,9,1,0
BRDA:161,10,0,0
BRDA:161,10,1,0
BRDA:162,11,0,0
BRDA:162,11,1,0
BRDA:170,12,0,0
BRDA:170,12,1,0
BRDA:171,13,0,0
BRDA:171,13,1,0
BRDA:172,14,0,0
BRDA:172,14,1,0
BRDA:173,15,0,0
BRDA:173,15,1,0
BRDA:174,16,0,0
BRDA:174,16,1,0
BRDA:175,17,0,0
BRDA:175,17,1,0
BRDA:178,18,0,0
BRDA:178,18,1,0
BRDA:192,19,0,0
BRDA:192,19,1,0
BRDA:193,20,0,0
BRDA:193,20,1,0
BRDA:194,21,0,0
BRDA:194,21,1,0
BRDA:195,22,0,0
BRDA:195,22,1,0
BRDA:196,23,0,0
BRDA:196,23,1,0
BRDA:197,24,0,0
BRDA:197,24,1,0
BRDA:200,25,0,0
BRDA:200,25,1,0
BRDA:212,26,0,0
BRDA:212,26,1,0
BRDA:213,27,0,0
BRDA:213,27,1,0
BRDA:214,28,0,0
BRDA:214,28,1,0
BRDA:215,29,0,0
BRDA:215,29,1,0
BRDA:216,30,0,0
BRDA:216,30,1,0
BRDA:217,31,0,0
BRDA:217,31,1,0
BRDA:220,32,0,0
BRDA:220,32,1,0
BRDA:230,33,0,0
BRDA:230,33,1,0
BRDA:247,34,0,0
BRDA:247,34,1,0
BRDA:254,35,0,0
BRDA:254,35,1,0
BRDA:266,36,0,0
BRDA:266,36,1,0
BRDA:278,37,0,0
BRDA:278,37,1,0
BRF:76
BRH:0
end_of_record
TN:
SF:lib/encryption.ts
FN:10,getEncryptionKey
FN:18,encrypt
FN:42,decrypt
FN:66,hashPassword
FN:74,verifyPassword
FN:80,generateSecureToken
FN:85,generateApiKey
FN:94,encryptPhoneNumber
FN:100,decryptPhoneNumber
FN:106,encryptStudentPII
FN:129,decryptStudentPII
FN:153,maskSensitiveData
FN:166,maskValue
FN:179,maskObject
FN:181,(anonymous_29)
FN:188,(anonymous_30)
FN:208,createHMAC
FN:213,verifyHMAC
FNF:18
FNH:0
FNDA:0,getEncryptionKey
FNDA:0,encrypt
FNDA:0,decrypt
FNDA:0,hashPassword
FNDA:0,verifyPassword
FNDA:0,generateSecureToken
FNDA:0,generateApiKey
FNDA:0,encryptPhoneNumber
FNDA:0,decryptPhoneNumber
FNDA:0,encryptStudentPII
FNDA:0,decryptStudentPII
FNDA:0,maskSensitiveData
FNDA:0,maskValue
FNDA:0,maskObject
FNDA:0,(anonymous_29)
FNDA:0,(anonymous_30)
FNDA:0,createHMAC
FNDA:0,verifyHMAC
DA:1,0
DA:4,0
DA:5,0
DA:6,0
DA:7,0
DA:11,0
DA:12,0
DA:14,0
DA:18,0
DA:19,0
DA:20,0
DA:21,0
DA:23,0
DA:24,0
DA:26,0
DA:27,0
DA:29,0
DA:32,0
DA:34,0
DA:36,0
DA:37,0
DA:42,0
DA:43,0
DA:44,0
DA:47,0
DA:48,0
DA:49,0
DA:51,0
DA:52,0
DA:53,0
DA:55,0
DA:56,0
DA:58,0
DA:60,0
DA:61,0
DA:66,0
DA:67,0
DA:68,0
DA:70,0
DA:74,0
DA:75,0
DA:76,0
DA:80,0
DA:81,0
DA:85,0
DA:86,0
DA:87,0
DA:88,0
DA:90,0
DA:94,0
DA:95,0
DA:96,0
DA:100,0
DA:101,0
DA:102,0
DA:106,0
DA:107,0
DA:110,0
DA:111,0
DA:114,0
DA:115,0
DA:118,0
DA:119,0
DA:123,0
DA:125,0
DA:129,0
DA:130,0
DA:131,0
DA:134,0
DA:135,0
DA:138,0
DA:139,0
DA:142,0
DA:143,0
DA:147,0
DA:149,0
DA:153,0
DA:154,0
DA:155,0
DA:158,0
DA:161,0
DA:167,0
DA:168,0
DA:169,0
DA:170,0
DA:171,0
DA:173,0
DA:176,0
DA:180,0
DA:181,0
DA:184,0
DA:185,0
DA:186,0
DA:187,0
DA:188,0
DA:190,0
DA:191,0
DA:192,0
DA:193,0
DA:195,0
DA:198,0
DA:201,0
DA:204,0
DA:208,0
DA:209,0
DA:210,0
DA:213,0
DA:214,0
DA:215,0
LF:109
LH:0
BRDA:5,0,0,0
BRDA:5,0,1,0
BRDA:11,1,0,0
BRDA:11,1,1,0
BRDA:67,2,0,0
BRDA:67,2,1,0
BRDA:80,3,0,0
BRDA:95,4,0,0
BRDA:95,4,1,0
BRDA:101,5,0,0
BRDA:101,5,1,0
BRDA:110,6,0,0
BRDA:110,6,1,0
BRDA:114,7,0,0
BRDA:114,7,1,0
BRDA:118,8,0,0
BRDA:118,8,1,0
BRDA:131,9,0,0
BRDA:131,9,1,0
BRDA:134,10,0,0
BRDA:134,10,1,0
BRDA:134,11,0,0
BRDA:134,11,1,0
BRDA:138,12,0,0
BRDA:138,12,1,0
BRDA:138,13,0,0
BRDA:138,13,1,0
BRDA:142,14,0,0
BRDA:142,14,1,0
BRDA:142,15,0,0
BRDA:142,15,1,0
BRDA:154,16,0,0
BRDA:154,16,1,0
BRDA:154,17,0,0
BRDA:154,17,1,0
BRDA:158,18,0,0
BRDA:158,18,1,0
BRDA:167,19,0,0
BRDA:167,19,1,0
BRDA:168,20,0,0
BRDA:168,20,1,0
BRDA:170,21,0,0
BRDA:170,21,1,0
BRDA:180,22,0,0
BRDA:180,22,1,0
BRDA:184,23,0,0
BRDA:184,23,1,0
BRDA:184,24,0,0
BRDA:184,24,1,0
BRDA:190,25,0,0
BRDA:190,25,1,0
BRDA:190,26,0,0
BRDA:190,26,1,0
BRDA:192,27,0,0
BRDA:192,27,1,0
BRF:55
BRH:0
end_of_record
TN:
SF:lib/error-handler.ts
FN:4,(anonymous_14)
FN:22,(anonymous_15)
FN:41,(anonymous_16)
FN:60,(anonymous_17)
FN:64,(anonymous_18)
FN:68,(anonymous_19)
FN:76,(anonymous_20)
FN:82,(anonymous_21)
FN:94,(anonymous_22)
FN:121,(anonymous_23)
FN:144,handleApiError
FN:263,createValidationError
FN:274,createAuthenticationError
FN:279,createAuthorizationError
FN:284,createNotFoundError
FN:290,createDuplicateError
FN:299,createDatabaseError
FN:310,createRateLimitError
FNF:18
FNH:0
FNDA:0,(anonymous_14)
FNDA:0,(anonymous_15)
FNDA:0,(anonymous_16)
FNDA:0,(anonymous_17)
FNDA:0,(anonymous_18)
FNDA:0,(anonymous_19)
FNDA:0,(anonymous_20)
FNDA:0,(anonymous_21)
FNDA:0,(anonymous_22)
FNDA:0,(anonymous_23)
FNDA:0,handleApiError
FNDA:0,createValidationError
FNDA:0,createAuthenticationError
FNDA:0,createAuthorizationError
FNDA:0,createNotFoundError
FNDA:0,createDuplicateError
FNDA:0,createDatabaseError
FNDA:0,createRateLimitError
DA:4,0
DA:16,0
DA:29,0
DA:30,0
DA:31,0
DA:32,0
DA:33,0
DA:35,0
DA:40,0
DA:42,0
DA:43,0
DA:52,0
DA:53,0
DA:55,0
DA:56,0
DA:61,0
DA:65,0
DA:69,0
DA:77,0
DA:78,0
DA:83,0
DA:93,0
DA:102,0
DA:113,0
DA:116,0
DA:126,0
DA:134,0
DA:137,0
DA:144,0
DA:145,0
DA:153,0
DA:154,0
DA:166,0
DA:167,0
DA:172,0
DA:183,0
DA:184,0
DA:189,0
DA:200,0
DA:201,0
DA:212,0
DA:213,0
DA:224,0
DA:225,0
DA:236,0
DA:237,0
DA:238,0
DA:249,0
DA:251,0
DA:263,0
DA:264,0
DA:274,0
DA:275,0
DA:279,0
DA:280,0
DA:284,0
DA:285,0
DA:286,0
DA:290,0
DA:291,0
DA:299,0
DA:300,0
DA:310,0
DA:311,0
LF:64
LH:0
BRDA:4,0,0,0
BRDA:4,0,1,0
BRDA:25,1,0,0
BRDA:26,2,0,0
BRDA:48,3,0,0
BRDA:48,3,1,0
BRDA:52,4,0,0
BRDA:52,4,1,0
BRDA:56,5,0,0
BRDA:56,5,1,0
BRDA:70,6,0,0
BRDA:70,6,1,0
BRDA:77,7,0,0
BRDA:77,7,1,0
BRDA:86,8,0,0
BRDA:86,8,1,0
BRDA:87,9,0,0
BRDA:87,9,1,0
BRDA:110,10,0,0
BRDA:110,10,1,0
BRDA:116,11,0,0
BRDA:116,11,1,0
BRDA:131,12,0,0
BRDA:131,12,1,0
BRDA:137,13,0,0
BRDA:137,13,1,0
BRDA:149,14,0,0
BRDA:149,14,1,0
BRDA:153,15,0,0
BRDA:153,15,1,0
BRDA:159,16,0,0
BRDA:159,16,1,0
BRDA:166,17,0,0
BRDA:166,17,1,0
BRDA:183,18,0,0
BRDA:183,18,1,0
BRDA:200,19,0,0
BRDA:200,19,1,0
BRDA:212,20,0,0
BRDA:212,20,1,0
BRDA:224,21,0,0
BRDA:224,21,1,0
BRDA:236,22,0,0
BRDA:236,22,1,0
BRDA:255,23,0,0
BRDA:255,23,1,0
BRDA:256,24,0,0
BRDA:256,24,1,0
BRDA:258,25,0,0
BRDA:258,25,1,0
BRDA:274,26,0,0
BRDA:279,27,0,0
BRDA:285,28,0,0
BRDA:285,28,1,0
BRF:54
BRH:0
end_of_record
TN:
SF:lib/kimi.ts
FN:1,callKimi
FNF:1
FNH:0
FNDA:0,callKimi
DA:1,0
DA:2,0
DA:15,0
DA:16,0
LF:4
LH:0
BRF:0
BRH:0
end_of_record
TN:
SF:lib/security-config.ts
FN:164,(anonymous_5)
FN:172,(anonymous_6)
FN:182,(anonymous_7)
FNF:3
FNH:0
FNDA:0,(anonymous_5)
FNDA:0,(anonymous_6)
FNDA:0,(anonymous_7)
DA:6,0
DA:164,0
DA:172,0
DA:182,0
LF:4
LH:0
BRDA:9,0,0,0
BRDA:9,0,1,0
BRDA:23,1,0,0
BRDA:23,1,1,0
BRDA:40,2,0,0
BRDA:40,2,1,0
BRDA:92,3,0,0
BRDA:92,3,1,0
BRDA:120,4,0,0
BRDA:120,4,1,0
BRDA:127,5,0,0
BRDA:127,5,1,0
BRDA:164,6,0,0
BRDA:164,6,1,0
BRDA:172,7,0,0
BRDA:172,7,1,0
BRDA:182,8,0,0
BRDA:182,8,1,0
BRF:18
BRH:0
end_of_record
TN:
SF:lib/security-middleware.ts
FN:17,(anonymous_8)
FN:25,(anonymous_9)
FN:38,(anonymous_10)
FN:46,(anonymous_11)
FN:82,(anonymous_12)
FN:94,(anonymous_13)
FN:96,(anonymous_14)
FN:104,(anonymous_15)
FN:112,(anonymous_17)
FN:132,(anonymous_18)
FN:147,(anonymous_19)
FN:151,(anonymous_20)
FN:157,(anonymous_21)
FN:163,enhancedSecurityMiddleware
FN:195,(anonymous_23)
FN:208,(anonymous_24)
FN:218,(anonymous_25)
FN:248,(anonymous_26)
FN:282,(anonymous_27)
FN:289,(anonymous_28)
FN:295,(anonymous_29)
FN:305,(anonymous_30)
FN:325,(anonymous_31)
FN:333,(anonymous_32)
FN:341,(anonymous_33)
FN:346,(anonymous_34)
FN:351,(anonymous_35)
FN:357,(anonymous_36)
FN:362,(anonymous_38)
FNF:29
FNH:0
FNDA:0,(anonymous_8)
FNDA:0,(anonymous_9)
FNDA:0,(anonymous_10)
FNDA:0,(anonymous_11)
FNDA:0,(anonymous_12)
FNDA:0,(anonymous_13)
FNDA:0,(anonymous_14)
FNDA:0,(anonymous_15)
FNDA:0,(anonymous_17)
FNDA:0,(anonymous_18)
FNDA:0,(anonymous_19)
FNDA:0,(anonymous_20)
FNDA:0,(anonymous_21)
FNDA:0,enhancedSecurityMiddleware
FNDA:0,(anonymous_23)
FNDA:0,(anonymous_24)
FNDA:0,(anonymous_25)
FNDA:0,(anonymous_26)
FNDA:0,(anonymous_27)
FNDA:0,(anonymous_28)
FNDA:0,(anonymous_29)
FNDA:0,(anonymous_30)
FNDA:0,(anonymous_31)
FNDA:0,(anonymous_32)
FNDA:0,(anonymous_33)
FNDA:0,(anonymous_34)
FNDA:0,(anonymous_35)
FNDA:0,(anonymous_36)
FNDA:0,(anonymous_38)
DA:7,0
DA:8,0
DA:12,0
DA:14,0
DA:15,0
DA:18,0
DA:19,0
DA:21,0
DA:26,0
DA:27,0
DA:29,0
DA:30,0
DA:33,0
DA:34,0
DA:37,0
DA:38,0
DA:39,0
DA:42,0
DA:47,0
DA:49,0
DA:50,0
DA:52,0
DA:54,0
DA:55,0
DA:56,0
DA:58,0
DA:59,0
DA:60,0
DA:62,0
DA:63,0
DA:64,0
DA:66,0
DA:67,0
DA:68,0
DA:71,0
DA:72,0
DA:75,0
DA:76,0
DA:83,0
DA:90,0
DA:95,0
DA:96,0
DA:97,0
DA:100,0
DA:105,0
DA:110,0
DA:113,0
DA:114,0
DA:117,0
DA:118,0
DA:120,0
DA:122,0
DA:123,0
DA:124,0
DA:128,0
DA:133,0
DA:135,0
DA:137,0
DA:139,0
DA:141,0
DA:143,0
DA:148,0
DA:152,0
DA:153,0
DA:154,0
DA:158,0
DA:163,0
DA:164,0
DA:165,0
DA:168,0
DA:169,0
DA:174,0
DA:181,0
DA:182,0
DA:183,0
DA:190,0
DA:191,0
DA:195,0
DA:196,0
DA:199,0
DA:206,0
DA:208,0
DA:209,0
DA:212,0
DA:216,0
DA:226,0
DA:234,0
DA:235,0
DA:239,0
DA:240,0
DA:244,0
DA:249,0
DA:259,0
DA:264,0
DA:266,0
DA:268,0
DA:270,0
DA:272,0
DA:274,0
DA:280,0
DA:283,0
DA:284,0
DA:285,0
DA:290,0
DA:291,0
DA:296,0
DA:297,0
DA:306,0
DA:309,0
DA:310,0
DA:312,0
DA:313,0
DA:316,0
DA:321,0
DA:323,0
DA:326,0
DA:327,0
DA:329,0
DA:334,0
DA:342,0
DA:347,0
DA:348,0
DA:350,0
DA:351,0
DA:352,0
DA:353,0
DA:357,0
DA:362,0
DA:363,0
LF:129
LH:0
BRDA:18,0,0,0
BRDA:18,0,1,0
BRDA:25,1,0,0
BRDA:29,2,0,0
BRDA:29,2,1,0
BRDA:52,3,0,0
BRDA:52,3,1,0
BRDA:52,3,2,0
BRDA:52,3,3,0
BRDA:71,4,0,0
BRDA:71,4,1,0
BRDA:75,5,0,0
BRDA:75,5,1,0
BRDA:75,6,0,0
BRDA:75,6,1,0
BRDA:112,7,0,0
BRDA:113,8,0,0
BRDA:113,8,1,0
BRDA:113,9,0,0
BRDA:113,9,1,0
BRDA:123,10,0,0
BRDA:123,10,1,0
BRDA:135,11,0,0
BRDA:135,11,1,0
BRDA:135,11,2,0
BRDA:135,11,3,0
BRDA:154,12,0,0
BRDA:154,12,1,0
BRDA:165,13,0,0
BRDA:165,13,1,0
BRDA:165,13,2,0
BRDA:168,14,0,0
BRDA:168,14,1,0
BRDA:182,15,0,0
BRDA:182,15,1,0
BRDA:182,16,0,0
BRDA:182,16,1,0
BRDA:190,17,0,0
BRDA:190,17,1,0
BRDA:195,18,0,0
BRDA:195,18,1,0
BRDA:222,19,0,0
BRDA:234,20,0,0
BRDA:234,20,1,0
BRDA:266,21,0,0
BRDA:266,21,1,0
BRDA:266,21,2,0
BRDA:266,21,3,0
BRDA:312,22,0,0
BRDA:312,22,1,0
BRDA:326,23,0,0
BRDA:326,23,1,0
BRDA:352,24,0,0
BRDA:352,24,1,0
BRF:54
BRH:0
end_of_record
TN:
SF:lib/security-monitor.ts
FN:48,(anonymous_3)
FN:55,(anonymous_4)
FN:77,(anonymous_5)
FN:108,(anonymous_6)
FN:156,(anonymous_7)
FN:215,(anonymous_8)
FN:242,(anonymous_9)
FN:266,(anonymous_10)
FN:297,(anonymous_11)
FN:301,(anonymous_12)
FN:314,(anonymous_13)
FN:319,(anonymous_14)
FN:321,(anonymous_15)
FN:326,(anonymous_16)
FN:331,(anonymous_17)
FN:332,(anonymous_18)
FN:338,(anonymous_19)
FN:347,(anonymous_20)
FN:367,(anonymous_21)
FN:375,(anonymous_22)
FN:381,(anonymous_23)
FN:385,(anonymous_24)
FN:399,(anonymous_25)
FN:403,(anonymous_26)
FN:404,(anonymous_27)
FN:408,(anonymous_28)
FN:418,(anonymous_29)
FN:424,(anonymous_30)
FN:432,(anonymous_31)
FN:440,(anonymous_32)
FN:448,(anonymous_33)
FN:456,(anonymous_34)
FN:476,(anonymous_35)
FN:478,(anonymous_36)
FN:484,(anonymous_37)
FN:491,(anonymous_38)
FN:504,(anonymous_39)
FN:511,(anonymous_40)
FN:516,(anonymous_41)
FN:524,(anonymous_42)
FN:535,(anonymous_43)
FN:540,(anonymous_44)
FN:542,(anonymous_45)
FN:549,(anonymous_46)
FN:551,(anonymous_47)
FN:558,(anonymous_48)
FN:567,(anonymous_49)
FN:572,(anonymous_50)
FN:588,(anonymous_51)
FN:603,(anonymous_52)
FN:614,(anonymous_53)
FN:623,(anonymous_54)
FN:628,(anonymous_55)
FN:636,(anonymous_56)
FNF:54
FNH:0
FNDA:0,(anonymous_3)
FNDA:0,(anonymous_4)
FNDA:0,(anonymous_5)
FNDA:0,(anonymous_6)
FNDA:0,(anonymous_7)
FNDA:0,(anonymous_8)
FNDA:0,(anonymous_9)
FNDA:0,(anonymous_10)
FNDA:0,(anonymous_11)
FNDA:0,(anonymous_12)
FNDA:0,(anonymous_13)
FNDA:0,(anonymous_14)
FNDA:0,(anonymous_15)
FNDA:0,(anonymous_16)
FNDA:0,(anonymous_17)
FNDA:0,(anonymous_18)
FNDA:0,(anonymous_19)
FNDA:0,(anonymous_20)
FNDA:0,(anonymous_21)
FNDA:0,(anonymous_22)
FNDA:0,(anonymous_23)
FNDA:0,(anonymous_24)
FNDA:0,(anonymous_25)
FNDA:0,(anonymous_26)
FNDA:0,(anonymous_27)
FNDA:0,(anonymous_28)
FNDA:0,(anonymous_29)
FNDA:0,(anonymous_30)
FNDA:0,(anonymous_31)
FNDA:0,(anonymous_32)
FNDA:0,(anonymous_33)
FNDA:0,(anonymous_34)
FNDA:0,(anonymous_35)
FNDA:0,(anonymous_36)
FNDA:0,(anonymous_37)
FNDA:0,(anonymous_38)
FNDA:0,(anonymous_39)
FNDA:0,(anonymous_40)
FNDA:0,(anonymous_41)
FNDA:0,(anonymous_42)
FNDA:0,(anonymous_43)
FNDA:0,(anonymous_44)
FNDA:0,(anonymous_45)
FNDA:0,(anonymous_46)
FNDA:0,(anonymous_47)
FNDA:0,(anonymous_48)
FNDA:0,(anonymous_49)
FNDA:0,(anonymous_50)
FNDA:0,(anonymous_51)
FNDA:0,(anonymous_52)
FNDA:0,(anonymous_53)
FNDA:0,(anonymous_54)
FNDA:0,(anonymous_55)
FNDA:0,(anonymous_56)
DA:7,0
DA:8,0
DA:40,0
DA:42,0
DA:43,0
DA:44,0
DA:45,0
DA:49,0
DA:50,0
DA:52,0
DA:56,0
DA:72,0
DA:73,0
DA:78,0
DA:79,0
DA:80,0
DA:81,0
DA:84,0
DA:85,0
DA:95,0
DA:96,0
DA:106,0
DA:107,0
DA:108,0
DA:110,0
DA:111,0
DA:112,0
DA:123,0
DA:124,0
DA:125,0
DA:136,0
DA:137,0
DA:138,0
DA:148,0
DA:149,0
DA:152,0
DA:157,0
DA:160,0
DA:161,0
DA:162,0
DA:163,0
DA:174,0
DA:175,0
DA:185,0
DA:186,0
DA:196,0
DA:197,0
DA:207,0
DA:208,0
DA:211,0
DA:216,0
DA:219,0
DA:220,0
DA:222,0
DA:223,0
DA:238,0
DA:243,0
DA:245,0
DA:246,0
DA:247,0
DA:248,0
DA:249,0
DA:258,0
DA:262,0
DA:267,0
DA:270,0
DA:278,0
DA:280,0
DA:281,0
DA:282,0
DA:284,0
DA:285,0
DA:286,0
DA:288,0
DA:289,0
DA:291,0
DA:292,0
DA:298,0
DA:300,0
DA:301,0
DA:302,0
DA:306,0
DA:315,0
DA:320,0
DA:321,0
DA:327,0
DA:328,0
DA:329,0
DA:331,0
DA:332,0
DA:334,0
DA:338,0
DA:354,0
DA:368,0
DA:376,0
DA:381,0
DA:386,0
DA:399,0
DA:404,0
DA:409,0
DA:410,0
DA:414,0
DA:419,0
DA:424,0
DA:432,0
DA:440,0
DA:448,0
DA:458,0
DA:460,0
DA:462,0
DA:464,0
DA:466,0
DA:471,0
DA:478,0
DA:479,0
DA:485,0
DA:490,0
DA:491,0
DA:492,0
DA:496,0
DA:499,0
DA:507,0
DA:517,0
DA:525,0
DA:536,0
DA:541,0
DA:542,0
DA:543,0
DA:545,0
DA:550,0
DA:551,0
DA:552,0
DA:554,0
DA:559,0
DA:564,0
DA:568,0
DA:573,0
DA:574,0
DA:576,0
DA:588,0
DA:604,0
DA:605,0
DA:607,0
DA:608,0
DA:610,0
DA:615,0
DA:616,0
DA:618,0
DA:619,0
DA:620,0
DA:622,0
DA:623,0
DA:625,0
DA:628,0
DA:632,0
DA:637,0
DA:638,0
DA:639,0
DA:641,0
DA:642,0
DA:643,0
DA:644,0
LF:162
LH:0
BRDA:49,0,0,0
BRDA:49,0,1,0
BRDA:80,1,0,0
BRDA:80,1,1,0
BRDA:84,2,0,0
BRDA:84,2,1,0
BRDA:95,3,0,0
BRDA:95,3,1,0
BRDA:111,4,0,0
BRDA:111,4,1,0
BRDA:124,5,0,0
BRDA:124,5,1,0
BRDA:137,6,0,0
BRDA:137,6,1,0
BRDA:160,7,0,0
BRDA:160,7,1,0
BRDA:162,8,0,0
BRDA:162,8,1,0
BRDA:162,9,0,0
BRDA:162,9,1,0
BRDA:174,10,0,0
BRDA:174,10,1,0
BRDA:185,11,0,0
BRDA:185,11,1,0
BRDA:196,12,0,0
BRDA:196,12,1,0
BRDA:222,13,0,0
BRDA:222,13,1,0
BRDA:248,14,0,0
BRDA:248,14,1,0
BRDA:278,15,0,0
BRDA:278,15,1,0
BRDA:278,15,2,0
BRDA:278,15,3,0
BRDA:300,16,0,0
BRDA:300,16,1,0
BRDA:319,17,0,0
BRDA:319,18,0,0
BRDA:368,19,0,0
BRDA:368,19,1,0
BRDA:368,19,2,0
BRDA:368,19,3,0
BRDA:448,20,0,0
BRDA:448,20,1,0
BRDA:458,21,0,0
BRDA:458,21,1,0
BRDA:458,21,2,0
BRDA:458,21,3,0
BRDA:458,21,4,0
BRDA:543,22,0,0
BRDA:543,22,1,0
BRDA:552,23,0,0
BRDA:552,23,1,0
BRDA:604,24,0,0
BRDA:604,24,1,0
BRDA:607,25,0,0
BRDA:607,25,1,0
BRDA:623,26,0,0
BRDA:623,26,1,0
BRDA:641,27,0,0
BRDA:641,27,1,0
BRDA:642,28,0,0
BRDA:642,28,1,0
BRDA:643,29,0,0
BRDA:643,29,1,0
BRF:65
BRH:0
end_of_record
TN:
SF:lib/validation.ts
FN:10,sanitizeString
FN:20,validateString
FN:36,validateChineseName
FN:54,validateStudentNumber
FN:72,validatePhoneNumber
FN:88,validateClassName
FN:106,validateScore
FN:122,validateGradeLevel
FN:138,validateSeatNumber
FN:154,validateAcademicYear
FN:172,validateDate
FN:191,validateGender
FN:207,validateStudentData
FN:280,validateClassData
FNF:14
FNH:0
FNDA:0,sanitizeString
FNDA:0,validateString
FNDA:0,validateChineseName
FNDA:0,validateStudentNumber
FNDA:0,validatePhoneNumber
FNDA:0,validateClassName
FNDA:0,validateScore
FNDA:0,validateGradeLevel
FNDA:0,validateSeatNumber
FNDA:0,validateAcademicYear
FNDA:0,validateDate
FNDA:0,validateGender
FNDA:0,validateStudentData
FNDA:0,validateClassData
DA:10,0
DA:11,0
DA:13,0
DA:20,0
DA:21,0
DA:22,0
DA:24,0
DA:25,0
DA:28,0
DA:36,0
DA:37,0
DA:38,0
DA:40,0
DA:41,0
DA:42,0
DA:43,0
DA:46,0
DA:54,0
DA:55,0
DA:56,0
DA:58,0
DA:59,0
DA:60,0
DA:61,0
DA:64,0
DA:72,0
DA:73,0
DA:74,0
DA:76,0
DA:77,0
DA:80,0
DA:88,0
DA:89,0
DA:90,0
DA:92,0
DA:93,0
DA:94,0
DA:95,0
DA:98,0
DA:106,0
DA:107,0
DA:108,0
DA:110,0
DA:111,0
DA:114,0
DA:122,0
DA:123,0
DA:124,0
DA:126,0
DA:127,0
DA:130,0
DA:138,0
DA:139,0
DA:140,0
DA:142,0
DA:143,0
DA:146,0
DA:154,0
DA:155,0
DA:156,0
DA:158,0
DA:159,0
DA:160,0
DA:161,0
DA:164,0
DA:172,0
DA:173,0
DA:174,0
DA:176,0
DA:177,0
DA:178,0
DA:179,0
DA:183,0
DA:191,0
DA:192,0
DA:193,0
DA:195,0
DA:196,0
DA:199,0
DA:207,0
DA:208,0
DA:209,0
DA:212,0
DA:213,0
DA:214,0
DA:216,0
DA:219,0
DA:220,0
DA:221,0
DA:223,0
DA:226,0
DA:227,0
DA:228,0
DA:230,0
DA:233,0
DA:234,0
DA:235,0
DA:237,0
DA:240,0
DA:241,0
DA:242,0
DA:244,0
DA:247,0
DA:248,0
DA:249,0
DA:251,0
DA:255,0
DA:256,0
DA:257,0
DA:259,0
DA:262,0
DA:263,0
DA:264,0
DA:266,0
DA:269,0
DA:270,0
DA:272,0
DA:280,0
DA:281,0
DA:282,0
DA:284,0
DA:285,0
DA:286,0
DA:288,0
DA:291,0
DA:292,0
DA:293,0
DA:295,0
DA:298,0
DA:299,0
DA:300,0
DA:302,0
DA:305,0
DA:307,0
LF:134
LH:0
BRDA:10,0,0,0
BRDA:11,1,0,0
BRDA:11,1,1,0
BRDA:20,2,0,0
BRDA:24,3,0,0
BRDA:24,3,1,0
BRDA:40,4,0,0
BRDA:40,4,1,0
BRDA:42,5,0,0
BRDA:42,5,1,0
BRDA:58,6,0,0
BRDA:58,6,1,0
BRDA:60,7,0,0
BRDA:60,7,1,0
BRDA:76,8,0,0
BRDA:76,8,1,0
BRDA:76,9,0,0
BRDA:76,9,1,0
BRDA:83,10,0,0
BRDA:83,10,1,0
BRDA:92,11,0,0
BRDA:92,11,1,0
BRDA:94,12,0,0
BRDA:94,12,1,0
BRDA:106,13,0,0
BRDA:108,14,0,0
BRDA:108,14,1,0
BRDA:110,15,0,0
BRDA:110,15,1,0
BRDA:110,16,0,0
BRDA:110,16,1,0
BRDA:110,16,2,0
BRDA:124,17,0,0
BRDA:124,17,1,0
BRDA:126,18,0,0
BRDA:126,18,1,0
BRDA:126,19,0,0
BRDA:126,19,1,0
BRDA:126,19,2,0
BRDA:140,20,0,0
BRDA:140,20,1,0
BRDA:142,21,0,0
BRDA:142,21,1,0
BRDA:142,22,0,0
BRDA:142,22,1,0
BRDA:142,22,2,0
BRDA:158,23,0,0
BRDA:158,23,1,0
BRDA:160,24,0,0
BRDA:160,24,1,0
BRDA:176,25,0,0
BRDA:176,25,1,0
BRDA:178,26,0,0
BRDA:178,26,1,0
BRDA:186,27,0,0
BRDA:186,27,1,0
BRDA:195,28,0,0
BRDA:195,28,1,0
BRDA:195,29,0,0
BRDA:195,29,1,0
BRDA:202,30,0,0
BRDA:202,30,1,0
BRDA:213,31,0,0
BRDA:213,31,1,0
BRDA:220,32,0,0
BRDA:220,32,1,0
BRDA:227,33,0,0
BRDA:227,33,1,0
BRDA:234,34,0,0
BRDA:234,34,1,0
BRDA:241,35,0,0
BRDA:241,35,1,0
BRDA:248,36,0,0
BRDA:248,36,1,0
BRDA:256,37,0,0
BRDA:256,37,1,0
BRDA:263,38,0,0
BRDA:263,38,1,0
BRDA:285,39,0,0
BRDA:285,39,1,0
BRDA:292,40,0,0
BRDA:292,40,1,0
BRDA:299,41,0,0
BRDA:299,41,1,0
BRF:84
BRH:0
end_of_record
